

[CENTER]

[COLOR=Black][SIZE=6][B]:: GTP_Weekly Race Series ::[/B][/SIZE][/COLOR]


[IMG]https://www.gtplanet.net/forum/media/wrs_tt_gt7_main-png.124241/full[/IMG]

[COLOR=Black][SIZE=6][B][U]Week 15 (Official): SARDEGNA GT500[/U][/B][/SIZE][/COLOR]
[COLOR=Black][SIZE=6][B][U]Results[/U][/B][/SIZE][/COLOR]

[IMG]https://www.gtplanet.net/forum/media/sardegna-road-track-a__6-jpeg.128489/full[/IMG]

[SIZE=6][COLOR=Black][B][U]Time Trial in Arcade Mode[/U][/B][/COLOR][/SIZE]

[IMG]https://www.gtplanet.net/forum/media/sardegna-road-track-a__4-jpeg.128487/full[/IMG]

[COLOR=Black][SIZE=6][U][B]Honda NSX GT500 '08[/B][/U][/SIZE][/COLOR]

[IMG]https://www.gtplanet.net/forum/media/sardegna-road-track-a__11-jpeg.128494/full[/IMG]

[SIZE=6][COLOR=Black][B][U]Sardegna - Road Track Layout A[/U][/B][/COLOR][/SIZE]
[/CENTER]

[COLOR=Black][B]Steward's Comments:[/B][/COLOR]
[COLOR=Darkblue]
Good job everyone!

Cheers,

OLR Team.
[/COLOR]

[COLOR=Black][B]Sharing Your Replay:
[LIST][*]Go to Your Library, locate your Submitted Best Lap Replay, and share it using the in game menu features.
[*]Be sure to share your replay PUBLICLY for verification, so that any member may find it.
[*]When sharing your replay this week, please use the following share tags to make your replay easy for other members to locate
[LIST][*]gtpwrs015, essentials, pineapple[/LIST]
[/LIST][/COLOR][COLOR=Darkblue]This thread will be listed as "Provisional" and will become "Official" once all posted replays have been verified.
Disqualification isn't taken lightly within the WRS.[/COLOR]
[COLOR=Red][B]Drivers who do not have a submitted lap posted in the results are not to post any information related to a laptime they might have achieved in the results thread. Any such posts will have the times removed.[/B][/COLOR]

[B]

Division 1:

[COLOR=Blue]1---1'34.783---Hasnain282  (Verified) [IMG]https://www.gtplanet.net/forum/attachments/greenflag-gif.152575/[/IMG][/COLOR]
[COLOR=Blue]2---1'35.187---boabdulrahman  (Verified) [IMG]https://www.gtplanet.net/forum/attachments/greenflag-gif.152575/[/IMG][/COLOR]

Division 2:

[COLOR=DarkOrange]1---1'35.680-R-Argon56  (Verified) [IMG]https://www.gtplanet.net/forum/attachments/greenflag-gif.152575/[/IMG][/COLOR]
[COLOR=DarkOrange]2---1'35.827---tarnheld  (Verified) [IMG]https://www.gtplanet.net/forum/attachments/greenflag-gif.152575/[/IMG][/COLOR]
[COLOR=DarkOrange]3---1'35.848-R-half_sourly  (Verified) [IMG]https://www.gtplanet.net/forum/attachments/greenflag-gif.152575/[/IMG][/COLOR]
[COLOR=DarkOrange]4---1'36.100---RuddRacer   [/COLOR]
[COLOR=DarkOrange]5---1'36.708---colinnola   [/COLOR]

Division 3:

[COLOR=Magenta]1---1'37.380---GTP_Eggstor  (Verified) [IMG]https://www.gtplanet.net/forum/attachments/greenflag-gif.152575/[/IMG][/COLOR]
[COLOR=Magenta]2---1'37.903---JamCar0ne  (Verified) [IMG]https://www.gtplanet.net/forum/attachments/greenflag-gif.152575/[/IMG][/COLOR]
[COLOR=Magenta]Q---(No Replay)---Allibubba99 [IMG]https://www.gtplanet.net/forum/attachments/blackflag-gif.152573/[/IMG] [/COLOR]

Division 4:

[COLOR=DarkRed]1---1'39.922-R-GTP_Steven  (Verified) [IMG]https://www.gtplanet.net/forum/attachments/greenflag-gif.152575/[/IMG][/COLOR]

[img]https://www.gtplanet.net/forum/media/sardegna-road-track-a__9-jpeg.128492/full[/img]

Overall Results:


>> Division 1: Par: 1'34.656 Gold: 1'34.928 Silver: 1'35.231 Bronze: 1'35.564
[COLOR=Blue]1---1'34.783---Hasnain282 r=1.156 (d1/0.135) [/COLOR]
[COLOR=Blue]2---1'35.187---boabdulrahman r=1.618 (d1/-0.159) [/COLOR]

>> Division 2: Par: 1'35.565 Gold: 1'35.974 Silver: 1'36.428 Bronze: 1'36.928
[COLOR=DarkOrange]3---1'35.680-R-Argon56 r=2.094 (d2/0.071) [/COLOR]
[COLOR=DarkOrange]4---1'35.827---tarnheld r=2.214 (d2/-0.085) [/COLOR]
[COLOR=DarkOrange]5---1'35.848-R-half_sourly r=2.231 (d2/-0.435) [/COLOR]
[COLOR=DarkOrange]6---1'36.100---RuddRacer r=2.426 (d2/0.360) [/COLOR]
[COLOR=DarkOrange]7---1'36.708---colinnola r=2.853 (d2/0.182) [/COLOR]

>> Division 3: Par: 1'36.929 Gold: 1'37.474 Silver: 1'38.080 Bronze: 1'38.747
[COLOR=Magenta]8---1'37.380---GTP_Eggstor r=3.276 (d3/-0.312) [/COLOR]
[COLOR=Magenta]9---1'37.903---JamCar0ne r=3.569 (d3/0.505) [/COLOR]

>> Division 4: Par: 1'38.748 Gold: 1'40.520 Silver: 1'42.490 Bronze: 1'44.657
[COLOR=DarkRed]10--1'39.922-R-GTP_Steven r=4.221 (d4/-0.251) [/COLOR]

[COLOR=Magenta]Q---(No Replay)---Allibubba99 [IMG]https://www.gtplanet.net/forum/attachments/blackflag-gif.152573/[/IMG] [/COLOR]

[img]https://www.gtplanet.net/forum/media/sardegna-road-track-a__12-jpeg.128495/full[/img]

Handicapped Results:

[COLOR=Magenta]1---1'36.678---(-0.31233)---GTP_Eggstor [/COLOR]
[COLOR=Blue]2---1'37.069---(-0.15904)---boabdulrahman [/COLOR]
[COLOR=DarkOrange]3---1'37.257---(-0.08505)---tarnheld [/COLOR]
[COLOR=Blue]4---1'37.818---(0.13547)---Hasnain282 [/COLOR]
[COLOR=DarkOrange]5---1'37.937---(0.18198)---colinnola [/COLOR]
[COLOR=DarkOrange]6---1'38.390---(0.36008)---RuddRacer [/COLOR]
[COLOR=Magenta]7---1'38.758---(0.50470)---JamCar0ne [/COLOR]


(Settings: Weight = 1.000 Squeeze = 2.031 Scoot = -0.019)

[/B]


[COLOR=Darkblue][IMG]https://www.gtplanet.net/forum/attachments/greenflag-gif.152575/[/IMG] shows that the replay has been posted and verified.
[IMG]https://www.gtplanet.net/forum/attachments/redflag-gif.152574/[/IMG] shows that the submitted lap turned out to be dirty or doubtful.
[IMG]https://www.gtplanet.net/forum/attachments/blackflag-gif.152573/[/IMG] shows that the replay has was found to be invalid.[/COLOR]

[COLOR=Black][B]Replay Checking:[/B][/COLOR][COLOR=Darkblue]

[LIST=1]
[*]It is customary for all participants of the WRS to verify each others submitted replays
[*]Once you have checked the replay, post in this thread to say that you have checked it and whether it's clean, dirty or doesn't meet the required race specifications
[*]When verifying a replay, check against this weeks race specification, check that the tyres are the correct compound and that the power and weight is correct for example
[*]If you are unsure about a replay, always seek a second opinion before posting
[/LIST][/COLOR]

