

[CENTER]

[COLOR=Black][SIZE=6][B]:: GTP_Weekly Race Series ::[/B][/SIZE][/COLOR]

[IMG]https://www.gtplanet.net/forum/media/wrs_tt_gt7_main-png.124241/full[/IMG]


[COLOR=Black][SIZE=6][B][U]Week 35 (Official): Nismo Nazionale[/U][/B][/SIZE][/COLOR]
[COLOR=Black][SIZE=6][B][U]Results[/U][/B][/SIZE][/COLOR]

[IMG]https://www.gtplanet.net/forum/media/autodromo-nazionale-monza-no-chicane__1-jpeg.133780/full[/IMG]

[SIZE=6][COLOR=Black][B][U]Time Trial in Arcade Mode[/U][/B][/COLOR][/SIZE]

[IMG]https://www.gtplanet.net/forum/media/autodromo-nazionale-monza-no-chicane__7-jpeg.133786/full[/IMG]

[COLOR=Black][SIZE=6][U][B]Nissan GT-R Nismo '17[/B][/U][/SIZE][/COLOR]

[IMG]https://www.gtplanet.net/forum/media/the-colosseum__1-jpeg.133790/full[/IMG]

[SIZE=6][COLOR=Black][B][U]Autodromo Nazionale Monza - No Chicane[/U][/B][/COLOR][/SIZE]
[/CENTER]

[COLOR=Black][B]Steward's Comments:[/B][/COLOR]
[COLOR=Darkblue]
Good job everyone!

Cheers,

OLR Team.
[/COLOR]

[COLOR=Black][B]Sharing Your Replay:
[LIST][*]Go to Your Library, locate your Submitted Best Lap Replay, and share it using the in game menu features.
[*]Be sure to share your replay PUBLICLY for verification, so that any member may find it.
[*]When sharing your replay this week, please use the following share tags to make your replay easy for other members to locate
[LIST][*]gtpwrs035, essentials, pineapple[/LIST]
[/LIST][/COLOR][COLOR=Darkblue]This thread will be listed as "Provisional" and will become "Official" once all posted replays have been verified.
Disqualification isn't taken lightly within the WRS.[/COLOR]
[COLOR=Red][B]Drivers who do not have a submitted lap posted in the results are not to post any information related to a laptime they might have achieved in the results thread. Any such posts will have the times removed.[/B][/COLOR]

[B]

Division 1:

[COLOR=Blue]1---1'43.196---half_sourly  (Verified) [IMG]https://www.gtplanet.net/forum/attachments/greenflag-gif.152575/[/IMG][/COLOR]
[COLOR=Blue]2---1'43.706---Hasnain282  (Verified) [IMG]https://www.gtplanet.net/forum/attachments/greenflag-gif.152575/[/IMG][/COLOR]

Division 2:

[COLOR=DarkOrange]1---1'44.621---benjoi84  (Verified) [IMG]https://www.gtplanet.net/forum/attachments/greenflag-gif.152575/[/IMG][/COLOR]
[COLOR=DarkOrange]2---1'46.602---GTP_Eggstor  (Verified) [IMG]https://www.gtplanet.net/forum/attachments/greenflag-gif.152575/[/IMG][/COLOR]
[COLOR=DarkOrange]3---1'48.119---JamCar0ne  (Verified) [IMG]https://www.gtplanet.net/forum/attachments/greenflag-gif.152575/[/IMG][/COLOR]

Division 3:

[COLOR=Magenta]1---1'49.059---GTP_Steven  (Verified) [IMG]https://www.gtplanet.net/forum/attachments/greenflag-gif.152575/[/IMG][/COLOR]

[img]https://www.gtplanet.net/forum/media/autodromo-nazionale-monza-no-chicane__2-jpeg.133781/full[/img]

Overall Results:


>> Division 1: Par: 1'41.939 Gold: 1'42.628 Silver: 1'43.393 Bronze: 1'44.236
[COLOR=Blue]1---1'43.196---half_sourly r=1.581 (d1/-0.166) [/COLOR]
[COLOR=Blue]2---1'43.706---Hasnain282 r=1.790 (d1/0.773) [/COLOR]

>> Division 2: Par: 1'44.237 Gold: 1'45.270 Silver: 1'46.418 Bronze: 1'47.682
[COLOR=DarkOrange]3---1'44.621---benjoi84 r=2.124 (d2/0.088) [/COLOR]
[COLOR=DarkOrange]4---1'46.602---GTP_Eggstor r=2.715 (d2/-0.143) [/COLOR]

>> Division 3: Par: 1'47.683 Gold: 1'49.061 Silver: 1'50.592 Bronze: 1'52.276
[COLOR=DarkOrange]5---1'48.119---JamCar0ne r=3.105 (d3/0.286) [/COLOR]
[COLOR=Magenta]6---1'49.059---GTP_Steven r=3.333 (d3/-0.601) [/COLOR]


[img]https://www.gtplanet.net/forum/media/autodromo-nazionale-monza-no-chicane__4-jpeg.133783/full[/img]

Handicapped Results:

[COLOR=Magenta]1---1'45.196---(-0.60069)---GTP_Steven [/COLOR]
[COLOR=Blue]2---1'47.992---(-0.16617)---half_sourly [/COLOR]
[COLOR=DarkOrange]3---1'48.142---(-0.14275)---GTP_Eggstor [/COLOR]
[COLOR=DarkOrange]4---1'49.626---(0.08798)---benjoi84 [/COLOR]
[COLOR=DarkOrange]5---1'50.903---(0.28647)---JamCar0ne [/COLOR]
[COLOR=Blue]6---1'54.033---(0.77297)---Hasnain282 [/COLOR]


(Settings: Weight = 1.000 Squeeze = 3.897 Scoot = -0.722)

[/B]


[COLOR=Darkblue][IMG]https://www.gtplanet.net/forum/attachments/greenflag-gif.152575/[/IMG] shows that the replay has been posted and verified.
[IMG]https://www.gtplanet.net/forum/attachments/redflag-gif.152574/[/IMG] shows that the submitted lap turned out to be dirty or doubtful.
[IMG]https://www.gtplanet.net/forum/attachments/blackflag-gif.152573/[/IMG] shows that the replay has was found to be invalid.[/COLOR]

[COLOR=Black][B]Replay Checking:[/B][/COLOR][COLOR=Darkblue]

[LIST=1]
[*]It is customary for all participants of the WRS to verify each others submitted replays
[*]Once you have checked the replay, post in this thread to say that you have checked it and whether it's clean, dirty or doesn't meet the required race specifications
[*]When verifying a replay, check against this weeks race specification, check that the tyres are the correct compound and that the power and weight is correct for example
[*]If you are unsure about a replay, always seek a second opinion before posting
[/LIST][/COLOR]

