

[CENTER]

[COLOR=Black][SIZE=6][B]:: GTP_Weekly Race Series ::[/B][/SIZE][/COLOR]

[IMG]https://www.gtplanet.net/forum/media/wrs_tt_gt7_main-png.124241/full[/IMG]


[COLOR=Black][SIZE=6][B][U]Week 29 (Official): Cayman the Dragon[/U][/B][/SIZE][/COLOR]
[COLOR=Black][SIZE=6][B][U]Results[/U][/B][/SIZE][/COLOR]

[IMG]https://www.gtplanet.net/forum/media/20970393534772678-jpg.132635/full[/IMG]

[SIZE=6][COLOR=Black][B][U]Time Trial in Arcade Mode[/U][/B][/COLOR][/SIZE]

[IMG]https://www.gtplanet.net/forum/media/20970368660111389-jpg.132634/full[/IMG]

[COLOR=Black][SIZE=6][U][B]Porsche Cayman GT4 Clubsport[/B][/U][/SIZE][/COLOR]

[IMG]https://www.gtplanet.net/forum/media/20970145666970908-jpg.132633/full[/IMG]

[SIZE=6][COLOR=Black][B][U]Dragon Trail - Gardens[/U][/B][/COLOR][/SIZE]
[/CENTER]

[COLOR=Black][B]Steward's Comments:[/B][/COLOR]
[COLOR=Darkblue]
Good job everyone!

Cheers,

OLR Team.
[/COLOR]

[COLOR=Black][B]Sharing Your Replay:
[LIST][*]Go to Your Library, locate your Submitted Best Lap Replay, and share it using the in game menu features.
[*]Be sure to share your replay PUBLICLY for verification, so that any member may find it.
[*]When sharing your replay this week, please use the following share tags to make your replay easy for other members to locate
[LIST][*]gtpwrs029, essentials, pineapple[/LIST]
[/LIST][/COLOR][COLOR=Darkblue]This thread will be listed as "Provisional" and will become "Official" once all posted replays have been verified.
Disqualification isn't taken lightly within the WRS.[/COLOR]
[COLOR=Red][B]Drivers who do not have a submitted lap posted in the results are not to post any information related to a laptime they might have achieved in the results thread. Any such posts will have the times removed.[/B][/COLOR]

[B]

Division 1:

[COLOR=Blue]1---1'35.893---Hasnain282  (Verified) [IMG]https://www.gtplanet.net/forum/attachments/greenflag-gif.152575/[/IMG][/COLOR]

Division 2:

[COLOR=DarkOrange]1---1'36.956---half_sourly  (Verified) [IMG]https://www.gtplanet.net/forum/attachments/greenflag-gif.152575/[/IMG][/COLOR]
[COLOR=DarkOrange]2---1'36.989-R-benjoi84  (Verified) [IMG]https://www.gtplanet.net/forum/attachments/greenflag-gif.152575/[/IMG][/COLOR]
[COLOR=DarkOrange]3---1'37.025---shoenboggie   [/COLOR]
[COLOR=DarkOrange]4---1'37.662---tmtkview  (Verified) [IMG]https://www.gtplanet.net/forum/attachments/greenflag-gif.152575/[/IMG][/COLOR]
[COLOR=DarkOrange]5---1'38.873---GTP_Eggstor   [/COLOR]

[img]https://www.gtplanet.net/forum/media/20970737257043508-jpg.132636/full[/img]

Overall Results:


>> Division 1: Par: 1'35.876 Gold: 1'36.192 Silver: 1'36.544 Bronze: 1'36.932
[COLOR=Blue]1---1'35.893---Hasnain282 r=1.018 (d1/0.000) [/COLOR]

>> Division 2: Par: 1'36.933 Gold: 1'37.408 Silver: 1'37.936 Bronze: 1'38.516
[COLOR=DarkOrange]2---1'36.956---half_sourly r=2.016 (d2/-0.075) [/COLOR]
[COLOR=DarkOrange]3---1'36.989-R-benjoi84 r=2.039 (d2/0.000) [/COLOR]
[COLOR=DarkOrange]4---1'37.025---shoenboggie r=2.065 (d2/-0.059) [/COLOR]
[COLOR=DarkOrange]5---1'37.662---tmtkview r=2.494 (d2/-0.176) [/COLOR]

>> Division 3: Par: 1'38.517 Gold: 1'39.150 Silver: 1'39.855 Bronze: 1'40.629
[COLOR=DarkOrange]6---1'38.873---GTP_Eggstor r=3.187 (d3/0.330) [/COLOR]


[img]https://www.gtplanet.net/forum/media/20970918700766130-jpg.132630/full[/img]

Handicapped Results:

[COLOR=DarkOrange]1---1'38.630---(-0.17572)---tmtkview [/COLOR]
[COLOR=DarkOrange]2---1'38.927---(-0.07515)---half_sourly [/COLOR]
[COLOR=DarkOrange]3---1'38.974---(-0.05940)---shoenboggie [/COLOR]
[COLOR=Blue]4---1'39.151---(0.00041)---Hasnain282 [/COLOR]
[COLOR=DarkOrange]5---1'40.124---(0.32953)---GTP_Eggstor [/COLOR]


(Settings: Weight = 1.000 Squeeze = 2.221 Scoot = 0.112)

[/B]


[COLOR=Darkblue][IMG]https://www.gtplanet.net/forum/attachments/greenflag-gif.152575/[/IMG] shows that the replay has been posted and verified.
[IMG]https://www.gtplanet.net/forum/attachments/redflag-gif.152574/[/IMG] shows that the submitted lap turned out to be dirty or doubtful.
[IMG]https://www.gtplanet.net/forum/attachments/blackflag-gif.152573/[/IMG] shows that the replay has was found to be invalid.[/COLOR]

[COLOR=Black][B]Replay Checking:[/B][/COLOR][COLOR=Darkblue]

[LIST=1]
[*]It is customary for all participants of the WRS to verify each others submitted replays
[*]Once you have checked the replay, post in this thread to say that you have checked it and whether it's clean, dirty or doesn't meet the required race specifications
[*]When verifying a replay, check against this weeks race specification, check that the tyres are the correct compound and that the power and weight is correct for example
[*]If you are unsure about a replay, always seek a second opinion before posting
[/LIST][/COLOR]

