

[CENTER]

[COLOR=Black][SIZE=6][B]:: GTP_Weekly Race Series ::[/B][/SIZE][/COLOR]

[IMG]https://www.gtplanet.net/forum/media/wrs_tt_gt7_main-png.124241/full[/IMG]


[COLOR=Black][SIZE=6][B][U]Week 13 (Official): GENESIS at The Glen[/U][/B][/SIZE][/COLOR]
[COLOR=Black][SIZE=6][B][U]Results[/U][/B][/SIZE][/COLOR]

[IMG]https://www.gtplanet.net/forum/media/watkins-glen-long-course__9-jpeg.128722/full[/IMG]

[SIZE=6][COLOR=Black][B][U]Time Trial in Arcade Mode[/U][/B][/COLOR][/SIZE]

[IMG]https://www.gtplanet.net/forum/media/watkins-glen-long-course__2-jpeg.128715/full[/IMG]

[COLOR=Black][SIZE=6][U][B]Genesis X Gr3[/B][/U][/SIZE][/COLOR]

[IMG]https://www.gtplanet.net/forum/media/watkins-glen-long-course_-jpeg.128713/full[/IMG]

[SIZE=6][COLOR=Black][B][U]Watkins Glen - Long Course[/U][/B][/COLOR][/SIZE]
[/CENTER]

[COLOR=Black][B]Steward's Comments:[/B][/COLOR]
[COLOR=Darkblue]
Good job everyone!

Cheers,

OLR Team.
[/COLOR]

[COLOR=Black][B]Sharing Your Replay:
[LIST][*]Go to Your Library, locate your Submitted Best Lap Replay, and share it using the in game menu features.
[*]Be sure to share your replay PUBLICLY for verification, so that any member may find it.
[*]When sharing your replay this week, please use the following share tags to make your replay easy for other members to locate
[LIST][*]gtpwrs013, essentials, pineapple[/LIST]
[/LIST][/COLOR][COLOR=Darkblue]This thread will be listed as "Provisional" and will become "Official" once all posted replays have been verified.
Disqualification isn't taken lightly within the WRS.[/COLOR]
[COLOR=Red][B]Drivers who do not have a submitted lap posted in the results are not to post any information related to a laptime they might have achieved in the results thread. Any such posts will have the times removed.[/B][/COLOR]

[B]

Division 1:

[COLOR=Blue]1---1'44.511---Hasnain282  (Verified) [IMG]https://www.gtplanet.net/forum/attachments/greenflag-gif.152575/[/IMG][/COLOR]
[COLOR=Blue]2---1'44.757-R-GTP_Sphinx  (Verified) [IMG]https://www.gtplanet.net/forum/attachments/greenflag-gif.152575/[/IMG][/COLOR]
[COLOR=Blue]3---1'44.835---GTP_Jammy   [/COLOR]
[COLOR=Blue]4---1'44.853---boabdulrahman  (Verified) [IMG]https://www.gtplanet.net/forum/attachments/greenflag-gif.152575/[/IMG][/COLOR]
[COLOR=Blue]5---1'44.971---mistersafeway   [/COLOR]

Division 2:

[COLOR=DarkOrange]1---1'45.470---tarnheld  (Verified) [IMG]https://www.gtplanet.net/forum/attachments/greenflag-gif.152575/[/IMG][/COLOR]
[COLOR=DarkOrange]2---1'45.731-R-stann_oz66  (Verified) [IMG]https://www.gtplanet.net/forum/attachments/greenflag-gif.152575/[/IMG][/COLOR]
[COLOR=DarkOrange]3---1'45.969---RuddRacer  (Verified) [IMG]https://www.gtplanet.net/forum/attachments/greenflag-gif.152575/[/IMG][/COLOR]
[COLOR=DarkOrange]4---1'46.668---shoenboggie   [/COLOR]

Division 3:

[COLOR=Magenta]1---1'46.035---JamCar0ne  (Verified) [IMG]https://www.gtplanet.net/forum/attachments/greenflag-gif.152575/[/IMG][/COLOR]
[COLOR=Magenta]2---1'46.871---GTP_Eggstor  (Verified) [IMG]https://www.gtplanet.net/forum/attachments/greenflag-gif.152575/[/IMG][/COLOR]
[COLOR=Magenta]3---1'49.608---DonNerazzurri666  (Verified) [IMG]https://www.gtplanet.net/forum/attachments/greenflag-gif.152575/[/IMG][/COLOR]

Division 4:

[COLOR=DarkRed]1---1'48.874-R-GTP_Steven  (Verified) [IMG]https://www.gtplanet.net/forum/attachments/greenflag-gif.152575/[/IMG][/COLOR]

[img]https://www.gtplanet.net/forum/media/watkins-glen-long-course__3-jpeg.128716/full[/img]

Overall Results:

[COLOR=Blue]1---1'44.511---Hasnain282 r=0.325 (d1/-0.870) [/COLOR]
[COLOR=Blue]2---1'44.757-R-GTP_Sphinx r=0.868 (d1/0.000) [/COLOR]

>> Division 1: Par: 1'44.817 Gold: 1'44.968 Silver: 1'45.136 Bronze: 1'45.321
[COLOR=Blue]3---1'44.835---GTP_Jammy r=1.040 (d1/-0.599) [/COLOR]
[COLOR=Blue]4---1'44.853---boabdulrahman r=1.079 (d1/-0.872) [/COLOR]
[COLOR=Blue]5---1'44.971---mistersafeway r=1.339 (d1/-0.038) [/COLOR]

>> Division 2: Par: 1'45.322 Gold: 1'45.549 Silver: 1'45.802 Bronze: 1'46.080
[COLOR=DarkOrange]6---1'45.470---tarnheld r=2.217 (d2/-0.102) [/COLOR]
[COLOR=DarkOrange]7---1'45.731-R-stann_oz66 r=2.573 (d2/-0.478) [/COLOR]
[COLOR=DarkOrange]8---1'45.969---RuddRacer r=2.867 (d2/0.801) [/COLOR]
[COLOR=Magenta]9---1'46.035---JamCar0ne r=2.946 (d2/-0.198) [/COLOR]

>> Division 3: Par: 1'46.081 Gold: 1'46.384 Silver: 1'46.720 Bronze: 1'47.091
[COLOR=DarkOrange]10--1'46.668---shoenboggie r=3.615 (d3/1.095) [/COLOR]
[COLOR=Magenta]11--1'46.871---GTP_Eggstor r=3.802 (d3/0.162) [/COLOR]

>> Division 4: Par: 1'47.092 Gold: 1'48.077 Silver: 1'49.172 Bronze: 1'50.377
[COLOR=DarkRed]12--1'48.874-R-GTP_Steven r=4.576 (d4/0.208) [/COLOR]
[COLOR=Magenta]13--1'49.608---DonNerazzurri666 r=4.787 (d4/0.888) [/COLOR]

[COLOR=Lime]Q---(No Replay)---Rampuss [IMG]https://www.gtplanet.net/forum/attachments/blackflag-gif.152573/[/IMG] [/COLOR]

[img]https://www.gtplanet.net/forum/media/watkins-glen-long-course__7-jpeg.128720/full[/img]

Handicapped Results:

[COLOR=Blue]1---1'45.148---(-0.87229)---boabdulrahman [/COLOR]
[COLOR=Blue]2---1'45.152---(-0.86958)---Hasnain282 [/COLOR]
[COLOR=Blue]3---1'45.536---(-0.59869)---GTP_Jammy [/COLOR]
[COLOR=Magenta]4---1'46.104---(-0.19773)---JamCar0ne [/COLOR]
[COLOR=DarkOrange]5---1'46.240---(-0.10156)---tarnheld [/COLOR]
[COLOR=Blue]6---1'46.330---(-0.03761)---mistersafeway [/COLOR]
[COLOR=Magenta]7---1'46.612---(0.16154)---GTP_Eggstor [/COLOR]
[COLOR=DarkOrange]8---1'47.518---(0.80114)---RuddRacer [/COLOR]
[COLOR=Magenta]9---1'47.642---(0.88845)---DonNerazzurri666 [/COLOR]
[COLOR=DarkOrange]10--1'47.934---(1.09487)---shoenboggie [/COLOR]


(Settings: Weight = 1.000 Squeeze = 0.939 Scoot = 0.657)

[/B]


[COLOR=Darkblue][IMG]https://www.gtplanet.net/forum/attachments/greenflag-gif.152575/[/IMG] shows that the replay has been posted and verified.
[IMG]https://www.gtplanet.net/forum/attachments/redflag-gif.152574/[/IMG] shows that the submitted lap turned out to be dirty or doubtful.
[IMG]https://www.gtplanet.net/forum/attachments/blackflag-gif.152573/[/IMG] shows that the replay has was found to be invalid.[/COLOR]

[COLOR=Black][B]Replay Checking:[/B][/COLOR][COLOR=Darkblue]

[LIST=1]
[*]It is customary for all participants of the WRS to verify each others submitted replays
[*]Once you have checked the replay, post in this thread to say that you have checked it and whether it's clean, dirty or doesn't meet the required race specifications
[*]When verifying a replay, check against this weeks race specification, check that the tyres are the correct compound and that the power and weight is correct for example
[*]If you are unsure about a replay, always seek a second opinion before posting
[/LIST][/COLOR]

