

[CENTER]

[COLOR=Black][SIZE=6][B]:: GTP_Weekly Race Series ::[/B][/SIZE][/COLOR]



[IMG]https://www.gtplanet.net/forum/media/wrs_tt_gt7_main-png.124241/full[/IMG]
[COLOR=Black][SIZE=6][B][U]Week 3 (Official): Hitching Home[/U][/B][/SIZE][/COLOR]
[COLOR=Black][SIZE=6][B][U]Results[/U][/B][/SIZE][/COLOR]

[IMG]https://www.gtplanet.net/forum/attachments/1d3960eca7b58c8fb950930302593092_photo-jpg.1140283/[/IMG]

[SIZE=6][COLOR=Black][B][U]Time Trial in Arcade Mode[/U][/B][/COLOR][/SIZE]

[IMG]https://www.gtplanet.net/forum/attachments/54c6070924d65a7dd08d3255f928a2be_photo-jpg.1140285/[/IMG]

[COLOR=Black][SIZE=6][U][B]Alfa Romeo 4C Gr.3[/B][/U][/SIZE][/COLOR]

[IMG]https://www.gtplanet.net/forum/attachments/afea27eed59b70678b7b27aa3f8e8d69_photo-jpg.1140287/[/IMG]

[SIZE=6][COLOR=Black][B][U]Autodrome Lago Maggiorre - Full Course[/U][/B][/COLOR][/SIZE]
[/CENTER]

[COLOR=Black][B]Steward's Comments:[/B][/COLOR]
[COLOR=Darkblue]
Good job everyone!

Cheers,

OLR Team.
[/COLOR]

[COLOR=Black][B]Sharing Your Replay:
[LIST][*]Go to Your Library, locate your Submitted Best Lap Replay, and share it using the in game menu features.
[*]Be sure to share your replay PUBLICLY for verification, so that any member may find it.
[*]When sharing your replay this week, please use the following share tags to make your replay easy for other members to locate
[LIST][*]gtpwrs003, essentials, pineapple[/LIST]
[/LIST][/COLOR][COLOR=Darkblue]This thread will be listed as "Provisional" and will become "Official" once all posted replays have been verified.
Disqualification isn't taken lightly within the WRS.[/COLOR]
[COLOR=Red][B]Drivers who do not have a submitted lap posted in the results are not to post any information related to a laptime they might have achieved in the results thread. Any such posts will have the times removed.[/B][/COLOR]

[B]

Division 1:

[COLOR=Blue]1---1'55.952-R-TPC_Gooners  (Verified) [IMG]https://www.gtplanet.net/forum/attachments/greenflag-gif.152575/[/IMG][/COLOR]
[COLOR=Blue]2---1'55.960-R-Hasnain282  (Verified) [IMG]https://www.gtplanet.net/forum/attachments/greenflag-gif.152575/[/IMG][/COLOR]
[COLOR=Blue]3---1'56.076-R-GTP_Animera  (Verified) [IMG]https://www.gtplanet.net/forum/attachments/greenflag-gif.152575/[/IMG][/COLOR]

Division 2:

[COLOR=DarkOrange]1---1'56.731-R-shoenboggie  (Verified) [IMG]https://www.gtplanet.net/forum/attachments/greenflag-gif.152575/[/IMG][/COLOR]
[COLOR=DarkOrange]2---1'56.737-R-RuddRacer  (Verified) [IMG]https://www.gtplanet.net/forum/attachments/greenflag-gif.152575/[/IMG][/COLOR]
[COLOR=DarkOrange]3---1'57.585-R-tarnheld  (Verified) [IMG]https://www.gtplanet.net/forum/attachments/greenflag-gif.152575/[/IMG][/COLOR]
[COLOR=DarkOrange]4---1'57.677-R-colinnola  (Verified) [IMG]https://www.gtplanet.net/forum/attachments/greenflag-gif.152575/[/IMG][/COLOR]
[COLOR=DarkOrange]5---1'58.040-R-GTP_tzracer  (Verified) [IMG]https://www.gtplanet.net/forum/attachments/greenflag-gif.152575/[/IMG][/COLOR]

Division 3:

[COLOR=Magenta]1---1'58.172-R-Munch2112  (Verified) [IMG]https://www.gtplanet.net/forum/attachments/greenflag-gif.152575/[/IMG][/COLOR]
[COLOR=Magenta]2---1'58.189-R-mrmattsly  (Verified) [IMG]https://www.gtplanet.net/forum/attachments/greenflag-gif.152575/[/IMG][/COLOR]
[COLOR=Magenta]3---1'58.208-R-Ruzinvincible  (Verified) [IMG]https://www.gtplanet.net/forum/attachments/greenflag-gif.152575/[/IMG][/COLOR]
[COLOR=Magenta]4---1'58.383-R-GTP_DGiant2000  (Verified) [IMG]https://www.gtplanet.net/forum/attachments/greenflag-gif.152575/[/IMG][/COLOR]
[COLOR=Magenta]5---1'58.770-R-JamCar0ne  (Verified) [IMG]https://www.gtplanet.net/forum/attachments/greenflag-gif.152575/[/IMG][/COLOR]
[COLOR=Magenta]6---1'59.060-R-Allibubba99  (Verified) [IMG]https://www.gtplanet.net/forum/attachments/greenflag-gif.152575/[/IMG][/COLOR]
[COLOR=Magenta]7---1'59.889-R-GTP_Eggstor  (Verified) [IMG]https://www.gtplanet.net/forum/attachments/greenflag-gif.152575/[/IMG][/COLOR]
[COLOR=Magenta]8---2'00.074-R-DonNerazzurri666  (Verified) [IMG]https://www.gtplanet.net/forum/attachments/greenflag-gif.152575/[/IMG][/COLOR]

[img]https://www.gtplanet.net/forum/attachments/0a4be42587c8125d5a0ad0a5a95ade4e_photo-jpg.1140282/[/img]

Overall Results:


>> Division 1: Par: 1'55.474 Gold: 1'55.782 Silver: 1'56.125 Bronze: 1'56.503
[COLOR=Blue]1---1'55.952-R-TPC_Gooners r=1.499 (d1/-0.224) [/COLOR]
[COLOR=Blue]2---1'55.960-R-Hasnain282 r=1.506 (d1/-0.032) [/COLOR]
[COLOR=Blue]3---1'56.076-R-GTP_Animera r=1.619 (d1/0.248) [/COLOR]

>> Division 2: Par: 1'56.504 Gold: 1'56.967 Silver: 1'57.481 Bronze: 1'58.047
[COLOR=DarkOrange]4---1'56.731-R-shoenboggie r=2.163 (d2/-0.094) [/COLOR]
[COLOR=DarkOrange]5---1'56.737-R-RuddRacer r=2.168 (d2/-0.154) [/COLOR]
[COLOR=DarkOrange]6---1'57.585-R-tarnheld r=2.728 (d2/0.000) [/COLOR]
[COLOR=DarkOrange]7---1'57.677-R-colinnola r=2.782 (d2/-0.599) [/COLOR]
[COLOR=DarkOrange]8---1'58.040-R-GTP_tzracer r=2.996 (d2/-0.010) [/COLOR]

>> Division 3: Par: 1'58.048 Gold: 1'58.665 Silver: 1'59.352 Bronze: 2'00.107
[COLOR=Magenta]9---1'58.172-R-Munch2112 r=3.067 (d3/-0.788) [/COLOR]
[COLOR=Magenta]10--1'58.189-R-mrmattsly r=3.076 (d3/0.000) [/COLOR]
[COLOR=Magenta]11--1'58.208-R-Ruzinvincible r=3.086 (d3/1.204) [/COLOR]
[COLOR=Magenta]12--1'58.383-R-GTP_DGiant2000 r=3.181 (d3/0.000) [/COLOR]
[COLOR=Magenta]13--1'58.770-R-JamCar0ne r=3.384 (d3/0.000) [/COLOR]
[COLOR=Magenta]14--1'59.060-R-Allibubba99 r=3.525 (d3/0.150) [/COLOR]
[COLOR=Magenta]15--1'59.889-R-GTP_Eggstor r=3.904 (d3/0.126) [/COLOR]
[COLOR=Magenta]16--2'00.074-R-DonNerazzurri666 r=3.985 (d3/0.176) [/COLOR]


[img]https://www.gtplanet.net/forum/attachments/361d8bebb61fc3015de3c2d2a719e8ef_photo-jpg.1140286/[/img]

Handicapped Results:



(Settings: Weight = 1.000 Squeeze = 1.515 Scoot = 0.159)

[/B]


[COLOR=Darkblue][IMG]https://www.gtplanet.net/forum/attachments/greenflag-gif.152575/[/IMG] shows that the replay has been posted and verified.
[IMG]https://www.gtplanet.net/forum/attachments/redflag-gif.152574/[/IMG] shows that the submitted lap turned out to be dirty or doubtful.
[IMG]https://www.gtplanet.net/forum/attachments/blackflag-gif.152573/[/IMG] shows that the replay has was found to be invalid.[/COLOR]

[COLOR=Black][B]Replay Checking:[/B][/COLOR][COLOR=Darkblue]

[LIST=1]
[*]It is customary for all participants of the WRS to verify each others submitted replays
[*]Once you have checked the replay, post in this thread to say that you have checked it and whether it's clean, dirty or doesn't meet the required race specifications
[*]When verifying a replay, check against this weeks race specification, check that the tyres are the correct compound and that the power and weight is correct for example
[*]If you are unsure about a replay, always seek a second opinion before posting
[/LIST][/COLOR]

