

[CENTER]

[COLOR=Black][SIZE=6][B]:: GTP_Weekly Race Series ::[/B][/SIZE][/COLOR]



[IMG]https://www.gtplanet.net/forum/media/wrs_tt_gt7_main-png.124241/full[/IMG]
[COLOR=Black][SIZE=6][B][U]Week 5 (Official): Time for Some Grip[/U][/B][/SIZE][/COLOR]
[COLOR=Black][SIZE=6][B][U]Results[/U][/B][/SIZE][/COLOR]

[IMG]https://www.gtplanet.net/forum/media/20969937359931400-jpg.126929/full[/IMG]

[SIZE=6][COLOR=Black][B][U]Time Trial in Arcade Mode[/U][/B][/COLOR][/SIZE]

[IMG]https://www.gtplanet.net/forum/media/20970196489496710-jpg.126930/full[/IMG]

[COLOR=Black][SIZE=6][U][B]Honda NSX Concept-GT '16[/B][/U][/SIZE][/COLOR]

[IMG]https://www.gtplanet.net/forum/media/20970360899398330-jpg.126933/full[/IMG]

[SIZE=6][COLOR=Black][B][U]Suzuka Circuit[/U][/B][/COLOR][/SIZE]
[/CENTER]

[COLOR=Black][B]Steward's Comments:[/B][/COLOR]
[COLOR=Darkblue]
Good job everyone!

Cheers,

OLR Team.
[/COLOR]

[COLOR=Black][B]Sharing Your Replay:
[LIST][*]Go to Your Library, locate your Submitted Best Lap Replay, and share it using the in game menu features.
[*]Be sure to share your replay PUBLICLY for verification, so that any member may find it.
[*]When sharing your replay this week, please use the following share tags to make your replay easy for other members to locate
[LIST][*]gtpwrs005, essentials, pineapple[/LIST]
[/LIST][/COLOR][COLOR=Darkblue]This thread will be listed as "Provisional" and will become "Official" once all posted replays have been verified.
Disqualification isn't taken lightly within the WRS.[/COLOR]
[COLOR=Red][B]Drivers who do not have a submitted lap posted in the results are not to post any information related to a laptime they might have achieved in the results thread. Any such posts will have the times removed.[/B][/COLOR]

[B]

Division 1:

[COLOR=Blue]1---1'47.274---GTP_Animera  (Verified) [IMG]https://www.gtplanet.net/forum/attachments/greenflag-gif.152575/[/IMG][/COLOR]
[COLOR=Blue]2---1'47.405---TPC_Gooners  (Verified) [IMG]https://www.gtplanet.net/forum/attachments/greenflag-gif.152575/[/IMG][/COLOR]
[COLOR=Blue]3---1'47.614---Hasnain282  (Verified) [IMG]https://www.gtplanet.net/forum/attachments/greenflag-gif.152575/[/IMG][/COLOR]
[COLOR=Blue]4---1'47.808---GTP_billyjoebobx  (Verified) [IMG]https://www.gtplanet.net/forum/attachments/greenflag-gif.152575/[/IMG][/COLOR]

Division 2:

[COLOR=DarkOrange]1---1'48.038-R-Argon56  (Verified) [IMG]https://www.gtplanet.net/forum/attachments/greenflag-gif.152575/[/IMG][/COLOR]
[COLOR=DarkOrange]2---1'48.221-R-Mysteron71  (Verified) [IMG]https://www.gtplanet.net/forum/attachments/greenflag-gif.152575/[/IMG][/COLOR]
[COLOR=DarkOrange]3---1'48.499-R-boabdulrahman  (Verified) [IMG]https://www.gtplanet.net/forum/attachments/greenflag-gif.152575/[/IMG][/COLOR]
[COLOR=DarkOrange]4---1'48.561-R-Chrome_PuPXD  (Verified) [IMG]https://www.gtplanet.net/forum/attachments/greenflag-gif.152575/[/IMG][/COLOR]
[COLOR=DarkOrange]5---1'48.643-R-Speedy6543  (Verified) [IMG]https://www.gtplanet.net/forum/attachments/greenflag-gif.152575/[/IMG][/COLOR]
[COLOR=DarkOrange]6---1'48.911-R-Sureshot-83  (Verified) [IMG]https://www.gtplanet.net/forum/attachments/greenflag-gif.152575/[/IMG][/COLOR]
[COLOR=DarkOrange]7---1'48.984---RuddRacer   [/COLOR]
[COLOR=DarkOrange]8---1'49.146-R-Chim_GT3  (Verified) [IMG]https://www.gtplanet.net/forum/attachments/greenflag-gif.152575/[/IMG][/COLOR]
[COLOR=DarkOrange]9---1'49.507-R-mrmattsly  (Verified) [IMG]https://www.gtplanet.net/forum/attachments/greenflag-gif.152575/[/IMG][/COLOR]

Division 3:

[COLOR=Magenta]1---1'48.809---colinnola  (Verified) [IMG]https://www.gtplanet.net/forum/attachments/greenflag-gif.152575/[/IMG][/COLOR]
[COLOR=Magenta]2---1'49.942-R-GTP_Frank  (Verified) [IMG]https://www.gtplanet.net/forum/attachments/greenflag-gif.152575/[/IMG][/COLOR]
[COLOR=Magenta]3---1'49.963-R-GTP_DGiant2000  (Verified) [IMG]https://www.gtplanet.net/forum/attachments/greenflag-gif.152575/[/IMG][/COLOR]
[COLOR=Magenta]4---1'50.067---Munch2112   [/COLOR]
[COLOR=Magenta]5---1'50.155-R-Clemeson  (Verified) [IMG]https://www.gtplanet.net/forum/attachments/greenflag-gif.152575/[/IMG][/COLOR]
[COLOR=Magenta]6---1'50.358---shoenboggie   [/COLOR]
[COLOR=Magenta]7---1'50.390-R-JamCar0ne  (Verified) [IMG]https://www.gtplanet.net/forum/attachments/greenflag-gif.152575/[/IMG][/COLOR]
[COLOR=Magenta]8---1'51.150-R-Hurrikeen  (Verified) [IMG]https://www.gtplanet.net/forum/attachments/greenflag-gif.152575/[/IMG][/COLOR]
[COLOR=Magenta]9---1'51.890---GTP_Eggstor   [/COLOR]

[img]https://www.gtplanet.net/forum/media/20970331372535715-jpg.126932/full[/img]

Overall Results:


>> Division 1: Par: 1'46.888 Gold: 1'47.230 Silver: 1'47.611 Bronze: 1'48.030
[COLOR=Blue]1---1'47.274---GTP_Animera r=1.372 (d1/-0.132) [/COLOR]
[COLOR=Blue]2---1'47.405---TPC_Gooners r=1.486 (d1/-0.237) [/COLOR]
[COLOR=Blue]3---1'47.614---Hasnain282 r=1.669 (d1/0.114) [/COLOR]
[COLOR=Blue]4---1'47.808---GTP_billyjoebobx r=1.823 (d1/0.163) [/COLOR]

>> Division 2: Par: 1'48.031 Gold: 1'48.544 Silver: 1'49.115 Bronze: 1'49.743
[COLOR=DarkOrange]5---1'48.038-R-Argon56 r=2.005 (d2/0.000) [/COLOR]
[COLOR=DarkOrange]6---1'48.221-R-Mysteron71 r=2.123 (d2/0.000) [/COLOR]
[COLOR=DarkOrange]7---1'48.499-R-boabdulrahman r=2.304 (d2/0.649) [/COLOR]
[COLOR=DarkOrange]8---1'48.561-R-Chrome_PuPXD r=2.343 (d2/0.072) [/COLOR]
[COLOR=DarkOrange]9---1'48.643-R-Speedy6543 r=2.391 (d2/0.120) [/COLOR]
[COLOR=Magenta]10--1'48.809---colinnola r=2.488 (d2/-0.517) [/COLOR]
[COLOR=DarkOrange]11--1'48.911-R-Sureshot-83 r=2.548 (d2/-0.353) [/COLOR]
[COLOR=DarkOrange]12--1'48.984---RuddRacer r=2.590 (d2/0.322) [/COLOR]
[COLOR=DarkOrange]13--1'49.146-R-Chim_GT3 r=2.683 (d2/0.077) [/COLOR]
[COLOR=DarkOrange]14--1'49.507-R-mrmattsly r=2.875 (d2/0.043) [/COLOR]

>> Division 3: Par: 1'49.744 Gold: 1'50.429 Silver: 1'51.190 Bronze: 1'52.028
[COLOR=Magenta]15--1'49.942-R-GTP_Frank r=3.096 (d3/-0.526) [/COLOR]
[COLOR=Magenta]16--1'49.963-R-GTP_DGiant2000 r=3.107 (d3/-0.007) [/COLOR]
[COLOR=Magenta]17--1'50.067---Munch2112 r=3.157 (d3/0.135) [/COLOR]
[COLOR=Magenta]18--1'50.155-R-Clemeson r=3.200 (d3/-0.747) [/COLOR]
[COLOR=Magenta]19--1'50.358---shoenboggie r=3.299 (d3/0.773) [/COLOR]
[COLOR=Magenta]20--1'50.390-R-JamCar0ne r=3.314 (d3/0.007) [/COLOR]
[COLOR=Magenta]21--1'51.150-R-Hurrikeen r=3.649 (d3/0.000) [/COLOR]
[COLOR=Magenta]22--1'51.890---GTP_Eggstor r=3.945 (d3/0.076) [/COLOR]


[img]https://www.gtplanet.net/forum/media/20970243941944458-jpg.126931/full[/img]

Handicapped Results:

[COLOR=Magenta]1---1'48.773---(-0.51735)---colinnola [/COLOR]
[COLOR=Blue]2---1'49.672---(-0.23656)---TPC_Gooners [/COLOR]
[COLOR=Blue]3---1'50.005---(-0.13233)---GTP_Animera [/COLOR]
[COLOR=Magenta]4---1'50.670---(0.07552)---GTP_Eggstor [/COLOR]
[COLOR=Blue]5---1'50.793---(0.11384)---Hasnain282 [/COLOR]
[COLOR=Magenta]6---1'50.862---(0.13547)---Munch2112 [/COLOR]
[COLOR=Blue]7---1'50.949---(0.16256)---GTP_billyjoebobx [/COLOR]
[COLOR=DarkOrange]8---1'51.459---(0.32205)---RuddRacer [/COLOR]
[COLOR=Magenta]9---1'52.902---(0.77330)---shoenboggie [/COLOR]


(Settings: Weight = 1.000 Squeeze = 1.904 Scoot = -0.212)

[/B]


[COLOR=Darkblue][IMG]https://www.gtplanet.net/forum/attachments/greenflag-gif.152575/[/IMG] shows that the replay has been posted and verified.
[IMG]https://www.gtplanet.net/forum/attachments/redflag-gif.152574/[/IMG] shows that the submitted lap turned out to be dirty or doubtful.
[IMG]https://www.gtplanet.net/forum/attachments/blackflag-gif.152573/[/IMG] shows that the replay has was found to be invalid.[/COLOR]

[COLOR=Black][B]Replay Checking:[/B][/COLOR][COLOR=Darkblue]

[LIST=1]
[*]It is customary for all participants of the WRS to verify each others submitted replays
[*]Once you have checked the replay, post in this thread to say that you have checked it and whether it's clean, dirty or doesn't meet the required race specifications
[*]When verifying a replay, check against this weeks race specification, check that the tyres are the correct compound and that the power and weight is correct for example
[*]If you are unsure about a replay, always seek a second opinion before posting
[/LIST][/COLOR]

