

[CENTER]

[COLOR=Black][SIZE=6][B]:: GTP_Weekly Race Series ::[/B][/SIZE][/COLOR]



[IMG]https://www.gtplanet.net/forum/media/wrs_tt_gt7_main-png.124241/full[/IMG]
[COLOR=Black][SIZE=6][B][U]Week 2 (Official): Rosso Corsa[/U][/B][/SIZE][/COLOR]
[COLOR=Black][SIZE=6][B][U]Results[/U][/B][/SIZE][/COLOR]

[IMG]https://www.gtplanet.net/forum/media/gran-turismo%C2%AE-7_20220411150501-jpg.125884/full[/IMG]

[SIZE=6][COLOR=Black][B][U]Time Trial in Arcade Mode[/U][/B][/COLOR][/SIZE]

[IMG]https://www.gtplanet.net/forum/media/gran-turismo%C2%AE-7_20220411150521-jpg.125885/full[/IMG]

[COLOR=Black][SIZE=6][U][B]Ferrari F50 '95[/B][/U][/SIZE][/COLOR]

[IMG]https://www.gtplanet.net/forum/media/gran-turismo%C2%AE-7_20220411150541-jpg.125887/full[/IMG]

[SIZE=6][COLOR=Black][B][U]Autodromo Nazionale Monza[/U][/B][/COLOR][/SIZE]
[/CENTER]

[COLOR=Black][B]Steward's Comments:[/B][/COLOR]
[COLOR=Darkblue]
Good job everyone!

Cheers,

OLR Team.
[/COLOR]

[COLOR=Black][B]Sharing Your Replay:
[LIST][*]Go to Your Library, locate your Submitted Best Lap Replay, and share it using the in game menu features.
[*]Be sure to share your replay PUBLICLY for verification, so that any member may find it.
[*]When sharing your replay this week, please use the following share tags to make your replay easy for other members to locate
[LIST][*]gtpwrs002, essentials, pineapple[/LIST]
[/LIST][/COLOR][COLOR=Darkblue]This thread will be listed as "Provisional" and will become "Official" once all posted replays have been verified.
Disqualification isn't taken lightly within the WRS.[/COLOR]
[COLOR=Red][B]Drivers who do not have a submitted lap posted in the results are not to post any information related to a laptime they might have achieved in the results thread. Any such posts will have the times removed.[/B][/COLOR]

[B]

Division 1:

[COLOR=Blue]1---1'55.757-R-RFLX_Niop  (Verified) [IMG]https://www.gtplanet.net/forum/attachments/greenflag-gif.152575/[/IMG][/COLOR]
[COLOR=Blue]2---1'56.158-R-mistersafeway  (Verified) [IMG]https://www.gtplanet.net/forum/attachments/greenflag-gif.152575/[/IMG][/COLOR]
[COLOR=Blue]3---1'56.252-R-Hasnain282  (Verified) [IMG]https://www.gtplanet.net/forum/attachments/greenflag-gif.152575/[/IMG][/COLOR]
[COLOR=Blue]4---1'56.287-R-GTP_Animera  (Verified) [IMG]https://www.gtplanet.net/forum/attachments/greenflag-gif.152575/[/IMG][/COLOR]
[COLOR=Blue]5---1'56.372-R-GTP_billyjoebobx  (Verified) [IMG]https://www.gtplanet.net/forum/attachments/greenflag-gif.152575/[/IMG][/COLOR]

Division 2:

[COLOR=DarkOrange]1---1'56.774-R-GTP_Jammy  (Verified) [IMG]https://www.gtplanet.net/forum/attachments/greenflag-gif.152575/[/IMG][/COLOR]
[COLOR=DarkOrange]2---1'57.119-R-GTP_Roamer2629  (Verified) [IMG]https://www.gtplanet.net/forum/attachments/greenflag-gif.152575/[/IMG][/COLOR]
[COLOR=DarkOrange]3---1'57.122-R-GTP_tzracer  (Verified) [IMG]https://www.gtplanet.net/forum/attachments/greenflag-gif.152575/[/IMG][/COLOR]
[COLOR=DarkOrange]4---1'57.154-R-Chrome_PuPXD  (Verified) [IMG]https://www.gtplanet.net/forum/attachments/greenflag-gif.152575/[/IMG][/COLOR]
[COLOR=DarkOrange]5---1'57.332-R-RuddRacer  (Verified) [IMG]https://www.gtplanet.net/forum/attachments/greenflag-gif.152575/[/IMG][/COLOR]
[COLOR=DarkOrange]6---1'57.381-R-Munch2112  (Verified) [IMG]https://www.gtplanet.net/forum/attachments/greenflag-gif.152575/[/IMG][/COLOR]
[COLOR=DarkOrange]7---1'57.672-R-tarnheld  (Verified) [IMG]https://www.gtplanet.net/forum/attachments/greenflag-gif.152575/[/IMG][/COLOR]
[COLOR=DarkOrange]8---1'57.790-R-mrmattsly  (Verified) [IMG]https://www.gtplanet.net/forum/attachments/greenflag-gif.152575/[/IMG][/COLOR]
[COLOR=DarkOrange]9---1'58.059-R-Ruzinvincible  (Verified) [IMG]https://www.gtplanet.net/forum/attachments/greenflag-gif.152575/[/IMG][/COLOR]
[COLOR=DarkOrange]10--1'58.150-R-Sureshot-83  (Verified) [IMG]https://www.gtplanet.net/forum/attachments/greenflag-gif.152575/[/IMG][/COLOR]
[COLOR=DarkOrange]11--1'58.368-R-MAD_Mires  (Verified) [IMG]https://www.gtplanet.net/forum/attachments/greenflag-gif.152575/[/IMG][/COLOR]

Division 3:

[COLOR=Magenta]1---1'58.573-R-colinnola  (Verified) [IMG]https://www.gtplanet.net/forum/attachments/greenflag-gif.152575/[/IMG][/COLOR]
[COLOR=Magenta]2---1'59.197-R-Allibubba99  (Verified) [IMG]https://www.gtplanet.net/forum/attachments/greenflag-gif.152575/[/IMG][/COLOR]
[COLOR=Magenta]3---1'59.462-R-shoenboggie  (Verified) [IMG]https://www.gtplanet.net/forum/attachments/greenflag-gif.152575/[/IMG][/COLOR]
[COLOR=Magenta]4---1'59.983-R-stibbz  (Verified) [IMG]https://www.gtplanet.net/forum/attachments/greenflag-gif.152575/[/IMG][/COLOR]

Division 4:

[COLOR=DarkRed]1---2'00.988-R-GTP_Eggstor  (Verified) [IMG]https://www.gtplanet.net/forum/attachments/greenflag-gif.152575/[/IMG][/COLOR]

[img]https://www.gtplanet.net/forum/media/gran-turismo%C2%AE-7_20220411150531-jpg.125886/full[/img]

Overall Results:


>> Division 1: Par: 1'55.649 Gold: 1'55.983 Silver: 1'56.354 Bronze: 1'56.763
[COLOR=Blue]1---1'55.757-R-RFLX_Niop r=1.108 (d1/-0.681) [/COLOR]
[COLOR=Blue]2---1'56.158-R-mistersafeway r=1.491 (d1/0.346) [/COLOR]
[COLOR=Blue]3---1'56.252-R-Hasnain282 r=1.575 (d1/0.036) [/COLOR]
[COLOR=Blue]4---1'56.287-R-GTP_Animera r=1.606 (d1/0.236) [/COLOR]
[COLOR=Blue]5---1'56.372-R-GTP_billyjoebobx r=1.681 (d1/0.017) [/COLOR]

>> Division 2: Par: 1'56.764 Gold: 1'57.265 Silver: 1'57.821 Bronze: 1'58.434
[COLOR=DarkOrange]6---1'56.774-R-GTP_Jammy r=2.007 (d2/0.075) [/COLOR]
[COLOR=DarkOrange]7---1'57.119-R-GTP_Roamer2629 r=2.236 (d2/-0.512) [/COLOR]
[COLOR=DarkOrange]8---1'57.122-R-GTP_tzracer r=2.238 (d2/-0.768) [/COLOR]
[COLOR=DarkOrange]9---1'57.154-R-Chrome_PuPXD r=2.259 (d2/-0.024) [/COLOR]
[COLOR=DarkOrange]10--1'57.332-R-RuddRacer r=2.374 (d2/0.052) [/COLOR]
[COLOR=DarkOrange]11--1'57.381-R-Munch2112 r=2.403 (d2/-1.452) [/COLOR]
[COLOR=DarkOrange]12--1'57.672-R-tarnheld r=2.577 (d2/0.000) [/COLOR]
[COLOR=DarkOrange]13--1'57.790-R-mrmattsly r=2.648 (d2/0.000) [/COLOR]
[COLOR=DarkOrange]14--1'58.059-R-Ruzinvincible r=2.796 (d2/0.914) [/COLOR]
[COLOR=DarkOrange]15--1'58.150-R-Sureshot-83 r=2.846 (d2/-0.111) [/COLOR]
[COLOR=DarkOrange]16--1'58.368-R-MAD_Mires r=2.964 (d2/0.725) [/COLOR]

>> Division 3: Par: 1'58.435 Gold: 1'59.103 Silver: 1'59.846 Bronze: 2'00.663
[COLOR=Magenta]17--1'58.573-R-colinnola r=3.069 (d3/-0.313) [/COLOR]
[COLOR=Magenta]18--1'59.197-R-Allibubba99 r=3.376 (d3/0.001) [/COLOR]
[COLOR=Magenta]19--1'59.462-R-shoenboggie r=3.494 (d3/1.237) [/COLOR]
[COLOR=Magenta]20--1'59.983-R-stibbz r=3.723 (d3/0.000) [/COLOR]

>> Division 4: Par: 2'00.664 Gold: 2'02.836 Silver: 2'05.250 Bronze: 2'07.906
[COLOR=DarkRed]21--2'00.988-R-GTP_Eggstor r=4.050 (d4/0.272) [/COLOR]

[COLOR=Lime]Q---(No Replay)---CC_on_GT7 [IMG]https://www.gtplanet.net/forum/attachments/blackflag-gif.152573/[/IMG] [/COLOR]
[COLOR=Lime]Q---(No Replay)---Sjokkomoes [IMG]https://www.gtplanet.net/forum/attachments/blackflag-gif.152573/[/IMG] [/COLOR]
[COLOR=Lime]Q---(No Replay)---dalie999 [IMG]https://www.gtplanet.net/forum/attachments/blackflag-gif.152573/[/IMG] [/COLOR]
[COLOR=Lime]Q---(Off Track)---DonNerazzurri666 [IMG]https://www.gtplanet.net/forum/attachments/redflag-gif.152574/[/IMG] [/COLOR]

[img]https://www.gtplanet.net/forum/media/gran-turismo%C2%AE-7_20220411150548-jpg.125888/full[/img]

Handicapped Results:



(Settings: Weight = 1.000 Squeeze = 1.941 Scoot = 0.016)

[/B]


[COLOR=Darkblue][IMG]https://www.gtplanet.net/forum/attachments/greenflag-gif.152575/[/IMG] shows that the replay has been posted and verified.
[IMG]https://www.gtplanet.net/forum/attachments/redflag-gif.152574/[/IMG] shows that the submitted lap turned out to be dirty or doubtful.
[IMG]https://www.gtplanet.net/forum/attachments/blackflag-gif.152573/[/IMG] shows that the replay has was found to be invalid.[/COLOR]

[COLOR=Black][B]Replay Checking:[/B][/COLOR][COLOR=Darkblue]

[LIST=1]
[*]It is customary for all participants of the WRS to verify each others submitted replays
[*]Once you have checked the replay, post in this thread to say that you have checked it and whether it's clean, dirty or doesn't meet the required race specifications
[*]When verifying a replay, check against this weeks race specification, check that the tyres are the correct compound and that the power and weight is correct for example
[*]If you are unsure about a replay, always seek a second opinion before posting
[/LIST][/COLOR]

