

[CENTER]

[COLOR=Black][SIZE=6][B]:: GTP_Weekly Race Series ::[/B][/SIZE][/COLOR]


[IMG]https://www.gtplanet.net/forum/media/wrs_tt_gt7_main-png.124241/full[/IMG]

[COLOR=Black][SIZE=6][B][U]Week 30 (Official): Low Speed Car, High Speed Ring[/U][/B][/SIZE][/COLOR]
[COLOR=Black][SIZE=6][B][U]Results[/U][/B][/SIZE][/COLOR]

[IMG]https://www.gtplanet.net/forum/media/20970599091968914-jpg.132897/full[/IMG]

[SIZE=6][COLOR=Black][B][U]Time Trial in Arcade Mode[/U][/B][/COLOR][/SIZE]

[IMG]https://www.gtplanet.net/forum/media/20970657724399744-jpg.132900/full[/IMG]

[COLOR=Black][SIZE=6][U][B]Maserati Merak SS '80[/B][/U][/SIZE][/COLOR]

[IMG]https://www.gtplanet.net/forum/media/20969966917917809-jpg.132901/full[/IMG]

[SIZE=6][COLOR=Black][B][U]High Speed Ring[/U][/B][/COLOR][/SIZE]
[/CENTER]

[COLOR=Black][B]Steward's Comments:[/B][/COLOR]
[COLOR=Darkblue]
Good job everyone!

Cheers,

OLR Team.
[/COLOR]

[COLOR=Black][B]Sharing Your Replay:
[LIST][*]Go to Your Library, locate your Submitted Best Lap Replay, and share it using the in game menu features.
[*]Be sure to share your replay PUBLICLY for verification, so that any member may find it.
[*]When sharing your replay this week, please use the following share tags to make your replay easy for other members to locate
[LIST][*]gtpwrs030, essentials, pineapple[/LIST]
[/LIST][/COLOR][COLOR=Darkblue]This thread will be listed as "Provisional" and will become "Official" once all posted replays have been verified.
Disqualification isn't taken lightly within the WRS.[/COLOR]
[COLOR=Red][B]Drivers who do not have a submitted lap posted in the results are not to post any information related to a laptime they might have achieved in the results thread. Any such posts will have the times removed.[/B][/COLOR]

[B]

Division 1:

[COLOR=Blue]1---1'30.336-R-GTP_McsQ  (Verified) [IMG]https://www.gtplanet.net/forum/attachments/greenflag-gif.152575/[/IMG][/COLOR]
[COLOR=Blue]2---1'31.293-R-GTP_EDK  (Verified) [IMG]https://www.gtplanet.net/forum/attachments/greenflag-gif.152575/[/IMG][/COLOR]
[COLOR=Blue]3---1'31.456---Hasnain282  (Verified) [IMG]https://www.gtplanet.net/forum/attachments/greenflag-gif.152575/[/IMG][/COLOR]
[COLOR=Blue]4---1'31.495---Nebuc72   [/COLOR]

Division 2:

[COLOR=DarkOrange]1---1'31.265---half_sourly  (Verified) [IMG]https://www.gtplanet.net/forum/attachments/greenflag-gif.152575/[/IMG][/COLOR]
[COLOR=DarkOrange]2---1'31.564---tmtkview  (Verified) [IMG]https://www.gtplanet.net/forum/attachments/greenflag-gif.152575/[/IMG][/COLOR]
[COLOR=DarkOrange]3---1'31.726-R-benjoi84  (Verified) [IMG]https://www.gtplanet.net/forum/attachments/greenflag-gif.152575/[/IMG][/COLOR]
[COLOR=DarkOrange]4---1'32.654---GTP_Eggstor   [/COLOR]

[img]https://www.gtplanet.net/forum/media/20970454736878461-jpg.132898/full[/img]

Overall Results:

[COLOR=Blue]1---1'30.336-R-GTP_McsQ r=0.003 (d1/0.000) [/COLOR]

>> Division 1: Par: 1'30.916 Gold: 1'31.110 Silver: 1'31.325 Bronze: 1'31.562
[COLOR=DarkOrange]2---1'31.265---half_sourly r=1.574 (d1/-0.417) [/COLOR]
[COLOR=Blue]3---1'31.293-R-GTP_EDK r=1.617 (d1/-0.531) [/COLOR]
[COLOR=Blue]4---1'31.456---Hasnain282 r=1.851 (d1/0.833) [/COLOR]
[COLOR=Blue]5---1'31.495---Nebuc72 r=1.906 (d1/-0.006) [/COLOR]

>> Division 2: Par: 1'31.563 Gold: 1'31.854 Silver: 1'32.178 Bronze: 1'32.534
[COLOR=DarkOrange]6---1'31.564---tmtkview r=2.001 (d2/-0.341) [/COLOR]
[COLOR=DarkOrange]7---1'31.726-R-benjoi84 r=2.187 (d2/0.223) [/COLOR]

>> Division 3: Par: 1'32.535 Gold: 1'32.923 Silver: 1'33.354 Bronze: 1'33.829
[COLOR=DarkOrange]8---1'32.654---GTP_Eggstor r=3.102 (d3/0.244) [/COLOR]


[img]https://www.gtplanet.net/forum/media/20970728142226617-1-jpg.132902/full[/img]

Handicapped Results:

[COLOR=DarkOrange]1---1'32.167---(-0.41688)---half_sourly [/COLOR]
[COLOR=DarkOrange]2---1'32.304---(-0.34101)---tmtkview [/COLOR]
[COLOR=Blue]3---1'32.911---(-0.00624)---Nebuc72 [/COLOR]
[COLOR=DarkOrange]4---1'33.365---(0.24429)---GTP_Eggstor [/COLOR]
[COLOR=Blue]5---1'34.434---(0.83345)---Hasnain282 [/COLOR]


(Settings: Weight = 1.000 Squeeze = 1.472 Scoot = 0.708)

[/B]


[COLOR=Darkblue][IMG]https://www.gtplanet.net/forum/attachments/greenflag-gif.152575/[/IMG] shows that the replay has been posted and verified.
[IMG]https://www.gtplanet.net/forum/attachments/redflag-gif.152574/[/IMG] shows that the submitted lap turned out to be dirty or doubtful.
[IMG]https://www.gtplanet.net/forum/attachments/blackflag-gif.152573/[/IMG] shows that the replay has was found to be invalid.[/COLOR]

[COLOR=Black][B]Replay Checking:[/B][/COLOR][COLOR=Darkblue]

[LIST=1]
[*]It is customary for all participants of the WRS to verify each others submitted replays
[*]Once you have checked the replay, post in this thread to say that you have checked it and whether it's clean, dirty or doesn't meet the required race specifications
[*]When verifying a replay, check against this weeks race specification, check that the tyres are the correct compound and that the power and weight is correct for example
[*]If you are unsure about a replay, always seek a second opinion before posting
[/LIST][/COLOR]

