

[CENTER]

[COLOR=Black][SIZE=6][B]:: GTP_Weekly Race Series ::[/B][/SIZE][/COLOR]

[IMG]https://www.gtplanet.net/forum/media/wrs_tt_gt7_main-png.124241/full[/IMG]


[COLOR=Black][SIZE=6][B][U]Week 16 (Official): Kyoto Your Enthusiasm[/U][/B][/SIZE][/COLOR]
[COLOR=Black][SIZE=6][B][U]Results[/U][/B][/SIZE][/COLOR]

[IMG]https://www.gtplanet.net/forum/media/20969960939727266-jpg.129627/full[/IMG]

[SIZE=6][COLOR=Black][B][U]Time Trial in Arcade Mode[/U][/B][/COLOR][/SIZE]

[IMG]https://www.gtplanet.net/forum/media/20969907352495334-jpg.129628/full[/IMG]

[COLOR=Black][SIZE=6][U][B]Honda Civic (FK8) Type R 2020[/B][/U][/SIZE][/COLOR]

[IMG]https://www.gtplanet.net/forum/media/20970328925131874-jpg.129631/full[/IMG]

[SIZE=6][COLOR=Black][B][U]Kyoto Driving Park - Yamagiwa[/U][/B][/COLOR][/SIZE]
[/CENTER]

[COLOR=Black][B]Steward's Comments:[/B][/COLOR]
[COLOR=Darkblue]
Good job everyone!

Cheers,

OLR Team.
[/COLOR]

[COLOR=Black][B]Sharing Your Replay:
[LIST][*]Go to Your Library, locate your Submitted Best Lap Replay, and share it using the in game menu features.
[*]Be sure to share your replay PUBLICLY for verification, so that any member may find it.
[*]When sharing your replay this week, please use the following share tags to make your replay easy for other members to locate
[LIST][*]gtpwrs016, essentials, pineapple[/LIST]
[/LIST][/COLOR][COLOR=Darkblue]This thread will be listed as "Provisional" and will become "Official" once all posted replays have been verified.
Disqualification isn't taken lightly within the WRS.[/COLOR]
[COLOR=Red][B]Drivers who do not have a submitted lap posted in the results are not to post any information related to a laptime they might have achieved in the results thread. Any such posts will have the times removed.[/B][/COLOR]

[B]

Division 1:

[COLOR=Blue]1---1'49.641---Hasnain282  (Verified) [IMG]https://www.gtplanet.net/forum/attachments/greenflag-gif.152575/[/IMG][/COLOR]
[COLOR=Blue]2---1'50.259---boabdulrahman  (Verified) [IMG]https://www.gtplanet.net/forum/attachments/greenflag-gif.152575/[/IMG][/COLOR]

Division 2:

[COLOR=DarkOrange]1---1'49.262---Mysteron71  (Verified) [IMG]https://www.gtplanet.net/forum/attachments/greenflag-gif.152575/[/IMG][/COLOR]
[COLOR=DarkOrange]2---1'49.999---RuddRacer  (Verified) [IMG]https://www.gtplanet.net/forum/attachments/greenflag-gif.152575/[/IMG][/COLOR]
[COLOR=DarkOrange]3---1'50.484-R-BlazinDragon   [/COLOR]
[COLOR=DarkOrange]4---1'50.736---tarnheld  (Verified) [IMG]https://www.gtplanet.net/forum/attachments/greenflag-gif.152575/[/IMG][/COLOR]
[COLOR=DarkOrange]5---1'51.634-R-half_sourly  (Verified) [IMG]https://www.gtplanet.net/forum/attachments/greenflag-gif.152575/[/IMG][/COLOR]
[COLOR=DarkOrange]6---1'52.145---shoenboggie   [/COLOR]
[COLOR=DarkOrange]Q---(Off Track)---Chim_GT3 [IMG]https://www.gtplanet.net/forum/attachments/redflag-gif.152574/[/IMG] [/COLOR]

Division 3:

[COLOR=Magenta]1---1'52.510---JamCar0ne  (Verified) [IMG]https://www.gtplanet.net/forum/attachments/greenflag-gif.152575/[/IMG][/COLOR]
[COLOR=Magenta]2---1'53.045---stibbz  (Verified) [IMG]https://www.gtplanet.net/forum/attachments/greenflag-gif.152575/[/IMG][/COLOR]
[COLOR=Magenta]3---1'53.818---GTP_Eggstor  (Verified) [IMG]https://www.gtplanet.net/forum/attachments/greenflag-gif.152575/[/IMG][/COLOR]
[COLOR=Magenta]4---1'54.264---DonNerazzurri666   [/COLOR]

Division 4:

[COLOR=DarkRed]1---1'55.594-R-GTP_Steven   [/COLOR]
[COLOR=DarkRed]2---1'55.935-R-Flatliner303   [/COLOR]
[COLOR=DarkRed]3---1'56.656-R-Askorbiini  (Verified) [IMG]https://www.gtplanet.net/forum/attachments/greenflag-gif.152575/[/IMG][/COLOR]

[img]https://www.gtplanet.net/forum/media/20970291114110427-jpg.129629/full[/img]

Overall Results:


>> Division 1: Par: 1'48.568 Gold: 1'49.001 Silver: 1'49.483 Bronze: 1'50.014
[COLOR=DarkOrange]1---1'49.262---Mysteron71 r=1.514 (d1/-0.715) [/COLOR]
[COLOR=Blue]2---1'49.641---Hasnain282 r=1.766 (d1/0.746) [/COLOR]
[COLOR=DarkOrange]3---1'49.999---RuddRacer r=1.991 (d1/-0.075) [/COLOR]

>> Division 2: Par: 1'50.015 Gold: 1'50.665 Silver: 1'51.388 Bronze: 1'52.184
[COLOR=Blue]4---1'50.259---boabdulrahman r=2.125 (d2/0.348) [/COLOR]
[COLOR=DarkOrange]5---1'50.484-R-BlazinDragon r=2.241 (d2/0.000) [/COLOR]
[COLOR=DarkOrange]6---1'50.736---tarnheld r=2.366 (d2/0.067) [/COLOR]
[COLOR=DarkOrange]7---1'51.634-R-half_sourly r=2.770 (d2/0.104) [/COLOR]
[COLOR=DarkOrange]8---1'52.145---shoenboggie r=2.984 (d2/0.463) [/COLOR]

>> Division 3: Par: 1'52.185 Gold: 1'53.052 Silver: 1'54.017 Bronze: 1'55.077
[COLOR=Magenta]9---1'52.510---JamCar0ne r=3.125 (d3/0.060) [/COLOR]
[COLOR=Magenta]10--1'53.045---stibbz r=3.331 (d3/-0.435) [/COLOR]
[COLOR=Magenta]11--1'53.818---GTP_Eggstor r=3.598 (d3/0.010) [/COLOR]
[COLOR=Magenta]12--1'54.264---DonNerazzurri666 r=3.744 (d3/-0.154) [/COLOR]

>> Division 4: Par: 1'55.078 Gold: 1'57.899 Silver: 2'01.033 Bronze: 2'04.481
[COLOR=DarkRed]13--1'55.594-R-GTP_Steven r=4.061 (d4/-0.411) [/COLOR]
[COLOR=DarkRed]14--1'55.935-R-Flatliner303 r=4.101 (d4/0.000) [/COLOR]
[COLOR=DarkRed]15--1'56.656-R-Askorbiini r=4.186 (d4/0.000) [/COLOR]

[COLOR=DarkOrange]Q---(Off Track)---Chim_GT3 [IMG]https://www.gtplanet.net/forum/attachments/redflag-gif.152574/[/IMG] [/COLOR]

[img]https://www.gtplanet.net/forum/media/20970900393592345-jpg.129626/full[/img]

Handicapped Results:

[COLOR=DarkOrange]1---1'50.157---(-0.71460)---Mysteron71 [/COLOR]
[COLOR=Magenta]2---1'51.291---(-0.43455)---stibbz [/COLOR]
[COLOR=Magenta]3---1'52.426---(-0.15449)---DonNerazzurri666 [/COLOR]
[COLOR=DarkOrange]4---1'52.747---(-0.07518)---RuddRacer [/COLOR]
[COLOR=Magenta]5---1'53.091---(0.00976)---GTP_Eggstor [/COLOR]
[COLOR=Magenta]6---1'53.296---(0.06034)---JamCar0ne [/COLOR]
[COLOR=DarkOrange]7---1'53.325---(0.06749)---tarnheld [/COLOR]
[COLOR=Blue]8---1'54.461---(0.34783)---boabdulrahman [/COLOR]
[COLOR=DarkOrange]9---1'54.929---(0.46346)---shoenboggie [/COLOR]
[COLOR=Blue]10--1'56.072---(0.74568)---Hasnain282 [/COLOR]


(Settings: Weight = 1.000 Squeeze = 1.590 Scoot = -0.132)

[/B]


[COLOR=Darkblue][IMG]https://www.gtplanet.net/forum/attachments/greenflag-gif.152575/[/IMG] shows that the replay has been posted and verified.
[IMG]https://www.gtplanet.net/forum/attachments/redflag-gif.152574/[/IMG] shows that the submitted lap turned out to be dirty or doubtful.
[IMG]https://www.gtplanet.net/forum/attachments/blackflag-gif.152573/[/IMG] shows that the replay has was found to be invalid.[/COLOR]

[COLOR=Black][B]Replay Checking:[/B][/COLOR][COLOR=Darkblue]

[LIST=1]
[*]It is customary for all participants of the WRS to verify each others submitted replays
[*]Once you have checked the replay, post in this thread to say that you have checked it and whether it's clean, dirty or doesn't meet the required race specifications
[*]When verifying a replay, check against this weeks race specification, check that the tyres are the correct compound and that the power and weight is correct for example
[*]If you are unsure about a replay, always seek a second opinion before posting
[/LIST][/COLOR]

