

[CENTER]

[COLOR=Black][SIZE=6][B]:: GTP_Weekly Race Series ::[/B][/SIZE][/COLOR]

[IMG]https://www.gtplanet.net/forum/media/wrs_tt_gt7_main-png.124241/full[/IMG]


[COLOR=Black][SIZE=6][B][U]Week 34 (Official): RS 500 at Road Atlanta[/U][/B][/SIZE][/COLOR]
[COLOR=Black][SIZE=6][B][U]Results[/U][/B][/SIZE][/COLOR]

[IMG]https://www.gtplanet.net/forum/media/20969979814004993-jpg.133554/full[/IMG]

[SIZE=6][COLOR=Black][B][U]Time Trial in Arcade Mode[/U][/B][/COLOR][/SIZE]

[IMG]https://www.gtplanet.net/forum/media/20970634321762412-jpg.133557/full[/IMG]

[COLOR=Black][SIZE=6][U][B]Ford Sierra RS 500 Cosworth '87[/B][/U][/SIZE][/COLOR]

[IMG]https://www.gtplanet.net/forum/media/20970562958349922-jpg.133556/full[/IMG]

[SIZE=6][COLOR=Black][B][U]Michelin Raceway Road Atlanta[/U][/B][/COLOR][/SIZE]
[/CENTER]

[COLOR=Black][B]Steward's Comments:[/B][/COLOR]
[COLOR=Darkblue]
Good job everyone!

Cheers,

OLR Team.
[/COLOR]

[COLOR=Black][B]Sharing Your Replay:
[LIST][*]Go to Your Library, locate your Submitted Best Lap Replay, and share it using the in game menu features.
[*]Be sure to share your replay PUBLICLY for verification, so that any member may find it.
[*]When sharing your replay this week, please use the following share tags to make your replay easy for other members to locate
[LIST][*]gtpwrs034, essentials, pineapple[/LIST]
[/LIST][/COLOR][COLOR=Darkblue]This thread will be listed as "Provisional" and will become "Official" once all posted replays have been verified.
Disqualification isn't taken lightly within the WRS.[/COLOR]
[COLOR=Red][B]Drivers who do not have a submitted lap posted in the results are not to post any information related to a laptime they might have achieved in the results thread. Any such posts will have the times removed.[/B][/COLOR]

[B]

Division 1:

[COLOR=Blue]1---1'34.353---Hasnain282  (Verified) [IMG]https://www.gtplanet.net/forum/attachments/greenflag-gif.152575/[/IMG][/COLOR]
[COLOR=Blue]2---1'34.944---half_sourly  (Verified) [IMG]https://www.gtplanet.net/forum/attachments/greenflag-gif.152575/[/IMG][/COLOR]

Division 2:

[COLOR=DarkOrange]1---1'35.196---benjoi84  (Verified) [IMG]https://www.gtplanet.net/forum/attachments/greenflag-gif.152575/[/IMG][/COLOR]
[COLOR=DarkOrange]2---1'36.280---tmtkview  (Verified) [IMG]https://www.gtplanet.net/forum/attachments/greenflag-gif.152575/[/IMG][/COLOR]
[COLOR=DarkOrange]3---1'37.042---JamCar0ne  (Verified) [IMG]https://www.gtplanet.net/forum/attachments/greenflag-gif.152575/[/IMG][/COLOR]
[COLOR=DarkOrange]4---1'37.192---GTP_Eggstor   [/COLOR]

[img]https://www.gtplanet.net/forum/media/20970196754563558-jpg.133555/full[/img]

Overall Results:


>> Division 1: Par: 1'34.331 Gold: 1'34.667 Silver: 1'35.040 Bronze: 1'35.451
[COLOR=Blue]1---1'34.353---Hasnain282 r=1.022 (d1/0.004) [/COLOR]
[COLOR=Blue]2---1'34.944---half_sourly r=1.581 (d1/-0.208) [/COLOR]
[COLOR=DarkOrange]3---1'35.196---benjoi84 r=1.793 (d1/-0.303) [/COLOR]

>> Division 2: Par: 1'35.452 Gold: 1'35.956 Silver: 1'36.516 Bronze: 1'37.132
[COLOR=DarkOrange]4---1'36.280---tmtkview r=2.526 (d2/0.252) [/COLOR]
[COLOR=DarkOrange]5---1'37.042---JamCar0ne r=2.951 (d2/0.132) [/COLOR]

>> Division 3: Par: 1'37.133 Gold: 1'37.805 Silver: 1'38.552 Bronze: 1'39.373
[COLOR=DarkOrange]6---1'37.192---GTP_Eggstor r=3.029 (d3/0.171) [/COLOR]


[img]https://www.gtplanet.net/forum/media/20970890256522195-jpg.133559/full[/img]

Handicapped Results:

[COLOR=DarkOrange]1---1'36.852---(-0.30343)---benjoi84 [/COLOR]
[COLOR=Blue]2---1'37.153---(-0.20766)---half_sourly [/COLOR]
[COLOR=Blue]3---1'37.818---(0.00436)---Hasnain282 [/COLOR]
[COLOR=DarkOrange]4---1'38.220---(0.13230)---JamCar0ne [/COLOR]
[COLOR=DarkOrange]5---1'38.342---(0.17133)---GTP_Eggstor [/COLOR]
[COLOR=DarkOrange]6---1'38.596---(0.25223)---tmtkview [/COLOR]


(Settings: Weight = 1.000 Squeeze = 3.172 Scoot = 0.207)

[/B]


[COLOR=Darkblue][IMG]https://www.gtplanet.net/forum/attachments/greenflag-gif.152575/[/IMG] shows that the replay has been posted and verified.
[IMG]https://www.gtplanet.net/forum/attachments/redflag-gif.152574/[/IMG] shows that the submitted lap turned out to be dirty or doubtful.
[IMG]https://www.gtplanet.net/forum/attachments/blackflag-gif.152573/[/IMG] shows that the replay has was found to be invalid.[/COLOR]

[COLOR=Black][B]Replay Checking:[/B][/COLOR][COLOR=Darkblue]

[LIST=1]
[*]It is customary for all participants of the WRS to verify each others submitted replays
[*]Once you have checked the replay, post in this thread to say that you have checked it and whether it's clean, dirty or doesn't meet the required race specifications
[*]When verifying a replay, check against this weeks race specification, check that the tyres are the correct compound and that the power and weight is correct for example
[*]If you are unsure about a replay, always seek a second opinion before posting
[/LIST][/COLOR]

