

[CENTER]

[COLOR=Black][SIZE=6][B]:: GTP_Weekly Race Series ::[/B][/SIZE][/COLOR]

[IMG]https://www.gtplanet.net/forum/media/wrs_tt_gt7_main-png.124241/full[/IMG]

[COLOR=Black][SIZE=6][B][U]Week 8 (Official): Snake In The ~~Grass~~ Sand[/U][/B][/SIZE][/COLOR]
[COLOR=Black][SIZE=6][B][U]Results[/U][/B][/SIZE][/COLOR]

[IMG]https://www.gtplanet.net/forum/media/weathertech-raceway-laguna-seca__1-jpeg.127512/full[/IMG]

[SIZE=6][COLOR=Black][B][U]Time Trial in Arcade Mode[/U][/B][/COLOR][/SIZE]

[IMG]https://www.gtplanet.net/forum/media/weathertech-raceway-laguna-seca__5-jpeg.127516/full[/IMG]

[COLOR=Black][SIZE=6][U][B]Viper Gr.4[/B][/U][/SIZE][/COLOR]

[IMG]https://www.gtplanet.net/forum/media/weathertech-raceway-laguna-seca__2-jpeg.127513/full[/IMG]

[SIZE=6][COLOR=Black][B][U]WeatherTech Raceway Laguna Seca[/U][/B][/COLOR][/SIZE]
[/CENTER]

[COLOR=Black][B]Steward's Comments:[/B][/COLOR]
[COLOR=Darkblue]
Good job everyone!

Cheers,

OLR Team.
[/COLOR]

[COLOR=Black][B]Sharing Your Replay:
[LIST][*]Go to Your Library, locate your Submitted Best Lap Replay, and share it using the in game menu features.
[*]Be sure to share your replay PUBLICLY for verification, so that any member may find it.
[*]When sharing your replay this week, please use the following share tags to make your replay easy for other members to locate
[LIST][*]gtpwrs008, essentials, pineapple[/LIST]
[/LIST][/COLOR][COLOR=Darkblue]This thread will be listed as "Provisional" and will become "Official" once all posted replays have been verified.
Disqualification isn't taken lightly within the WRS.[/COLOR]
[COLOR=Red][B]Drivers who do not have a submitted lap posted in the results are not to post any information related to a laptime they might have achieved in the results thread. Any such posts will have the times removed.[/B][/COLOR]

[B]

Division 1:

[COLOR=Blue]1---1'26.262---GTP_Jammy  (Verified) [IMG]https://www.gtplanet.net/forum/attachments/greenflag-gif.152575/[/IMG][/COLOR]
[COLOR=Blue]2---1'26.365---GTP_Animera  (Verified) [IMG]https://www.gtplanet.net/forum/attachments/greenflag-gif.152575/[/IMG][/COLOR]
[COLOR=Blue]3---1'26.492-R-MeisterFetz  (Verified) [IMG]https://www.gtplanet.net/forum/attachments/greenflag-gif.152575/[/IMG][/COLOR]
[COLOR=Blue]4---1'26.521---Hasnain282   [/COLOR]

Division 2:

[COLOR=DarkOrange]1---1'27.196-R-tmtkview  (Verified) [IMG]https://www.gtplanet.net/forum/attachments/greenflag-gif.152575/[/IMG][/COLOR]
[COLOR=DarkOrange]2---1'27.228---RuddRacer  (Verified) [IMG]https://www.gtplanet.net/forum/attachments/greenflag-gif.152575/[/IMG][/COLOR]
[COLOR=DarkOrange]3---1'27.347---Chim_GT3  (Verified) [IMG]https://www.gtplanet.net/forum/attachments/greenflag-gif.152575/[/IMG][/COLOR]
[COLOR=DarkOrange]4---1'27.426-R-Sjokkomoes   [/COLOR]
[COLOR=DarkOrange]5---1'27.434---colinnola   [/COLOR]

Division 3:

[COLOR=Magenta]1---1'28.299---Munch2112   [/COLOR]
[COLOR=Magenta]2---1'28.365-R-GTP_Frank   [/COLOR]
[COLOR=Magenta]3---1'28.528---JamCar0ne   [/COLOR]
[COLOR=Magenta]4---1'28.566---GTP_Eggstor   [/COLOR]
[COLOR=Magenta]5---1'29.283-R-froggohunter   [/COLOR]
[COLOR=Magenta]6---1'30.018---DonNerazzurri666   [/COLOR]

[img]https://www.gtplanet.net/forum/media/weathertech-raceway-laguna-seca__6-jpeg.127517/full[/img]

Overall Results:


>> Division 1: Par: 1'25.896 Gold: 1'26.143 Silver: 1'26.419 Bronze: 1'26.722
[COLOR=Blue]1---1'26.262---GTP_Jammy r=1.477 (d1/-0.405) [/COLOR]
[COLOR=Blue]2---1'26.365---GTP_Animera r=1.601 (d1/0.134) [/COLOR]
[COLOR=Blue]3---1'26.492-R-MeisterFetz r=1.747 (d1/0.217) [/COLOR]
[COLOR=Blue]4---1'26.521---Hasnain282 r=1.779 (d1/0.268) [/COLOR]

>> Division 2: Par: 1'26.723 Gold: 1'27.094 Silver: 1'27.508 Bronze: 1'27.962
[COLOR=DarkOrange]5---1'27.196-R-tmtkview r=2.415 (d2/0.000) [/COLOR]
[COLOR=DarkOrange]6---1'27.228---RuddRacer r=2.441 (d2/0.201) [/COLOR]
[COLOR=DarkOrange]7---1'27.347---Chim_GT3 r=2.537 (d2/-0.040) [/COLOR]
[COLOR=DarkOrange]8---1'27.426-R-Sjokkomoes r=2.601 (d2/0.050) [/COLOR]
[COLOR=DarkOrange]9---1'27.434---colinnola r=2.607 (d2/-0.235) [/COLOR]

>> Division 3: Par: 1'27.963 Gold: 1'28.459 Silver: 1'29.010 Bronze: 1'29.616
[COLOR=Magenta]10--1'28.299---Munch2112 r=3.226 (d3/0.204) [/COLOR]
[COLOR=Magenta]11--1'28.365-R-GTP_Frank r=3.270 (d3/-0.089) [/COLOR]
[COLOR=Magenta]12--1'28.528---JamCar0ne r=3.375 (d3/-0.009) [/COLOR]
[COLOR=Magenta]13--1'28.566---GTP_Eggstor r=3.398 (d3/-0.458) [/COLOR]
[COLOR=Magenta]14--1'29.283-R-froggohunter r=3.817 (d3/0.000) [/COLOR]

>> Division 4: Par: 1'29.617 Gold: 1'31.229 Silver: 1'33.021 Bronze: 1'34.992
[COLOR=Magenta]15--1'30.018---DonNerazzurri666 r=4.083 (d4/0.179) [/COLOR]


[img]https://www.gtplanet.net/forum/media/weathertech-raceway-laguna-seca__4-jpeg.127515/full[/img]

Handicapped Results:

[COLOR=Magenta]1---1'27.399---(-0.45757)---GTP_Eggstor [/COLOR]
[COLOR=Blue]2---1'27.520---(-0.40504)---GTP_Jammy [/COLOR]
[COLOR=DarkOrange]3---1'27.914---(-0.23489)---colinnola [/COLOR]
[COLOR=DarkOrange]4---1'28.365---(-0.04018)---Chim_GT3 [/COLOR]
[COLOR=Magenta]5---1'28.437---(-0.00926)---JamCar0ne [/COLOR]
[COLOR=Blue]6---1'28.768---(0.13368)---GTP_Animera [/COLOR]
[COLOR=Magenta]7---1'28.873---(0.17894)---DonNerazzurri666 [/COLOR]
[COLOR=DarkOrange]8---1'28.925---(0.20126)---RuddRacer [/COLOR]
[COLOR=Magenta]9---1'28.931---(0.20410)---Munch2112 [/COLOR]
[COLOR=Blue]10--1'29.080---(0.26829)---Hasnain282 [/COLOR]


(Settings: Weight = 1.000 Squeeze = 1.774 Scoot = -0.090)

[/B]


[COLOR=Darkblue][IMG]https://www.gtplanet.net/forum/attachments/greenflag-gif.152575/[/IMG] shows that the replay has been posted and verified.
[IMG]https://www.gtplanet.net/forum/attachments/redflag-gif.152574/[/IMG] shows that the submitted lap turned out to be dirty or doubtful.
[IMG]https://www.gtplanet.net/forum/attachments/blackflag-gif.152573/[/IMG] shows that the replay has was found to be invalid.[/COLOR]

[COLOR=Black][B]Replay Checking:[/B][/COLOR][COLOR=Darkblue]

[LIST=1]
[*]It is customary for all participants of the WRS to verify each others submitted replays
[*]Once you have checked the replay, post in this thread to say that you have checked it and whether it's clean, dirty or doesn't meet the required race specifications
[*]When verifying a replay, check against this weeks race specification, check that the tyres are the correct compound and that the power and weight is correct for example
[*]If you are unsure about a replay, always seek a second opinion before posting
[/LIST][/COLOR]

