

[CENTER]

[COLOR=Black][SIZE=6][B]:: GTP_Weekly Race Series ::[/B][/SIZE][/COLOR]

[IMG]https://www.gtplanet.net/forum/media/wrs_tt_gt7_main-png.124241/full[/IMG]


[COLOR=Black][SIZE=6][B][U]Week 32 (Official): Going to the Park[/U][/B][/SIZE][/COLOR]
[COLOR=Black][SIZE=6][B][U]Results[/U][/B][/SIZE][/COLOR]

[IMG]https://www.gtplanet.net/forum/media/kyoto-driving-park-miyabi__2-jpeg.133243/full[/IMG]

[SIZE=6][COLOR=Black][B][U]Time Trial in Arcade Mode[/U][/B][/COLOR][/SIZE]

[IMG]https://www.gtplanet.net/forum/media/gran-turismo%E2%84%A2-7_20221114154724-jpg.133240/full[/IMG]

[COLOR=Black][SIZE=6][U][B]Toyota Corolla Levin 1600GT APEX (AE86) '83[/B][/U][/SIZE][/COLOR]

[IMG]https://www.gtplanet.net/forum/media/kyoto-driving-park-miyabi__1-jpeg.133242/full[/IMG]

[SIZE=6][COLOR=Black][B][U]Kyoto Driving Park - Miyabi[/U][/B][/COLOR][/SIZE]
[/CENTER]

[COLOR=Black][B]Steward's Comments:[/B][/COLOR]
[COLOR=Darkblue]
Good job everyone!

Cheers,

OLR Team.
[/COLOR]

[COLOR=Black][B]Sharing Your Replay:
[LIST][*]Go to Your Library, locate your Submitted Best Lap Replay, and share it using the in game menu features.
[*]Be sure to share your replay PUBLICLY for verification, so that any member may find it.
[*]When sharing your replay this week, please use the following share tags to make your replay easy for other members to locate
[LIST][*]gtpwrs032, essentials, pineapple[/LIST]
[/LIST][/COLOR][COLOR=Darkblue]This thread will be listed as "Provisional" and will become "Official" once all posted replays have been verified.
Disqualification isn't taken lightly within the WRS.[/COLOR]
[COLOR=Red][B]Drivers who do not have a submitted lap posted in the results are not to post any information related to a laptime they might have achieved in the results thread. Any such posts will have the times removed.[/B][/COLOR]

[B]

Division 1:

[COLOR=Blue]1---0'50.815-R-GTP_EDK  (Verified) [IMG]https://www.gtplanet.net/forum/attachments/greenflag-gif.152575/[/IMG][/COLOR]
[COLOR=Blue]2---0'50.921---half_sourly  (Verified) [IMG]https://www.gtplanet.net/forum/attachments/greenflag-gif.152575/[/IMG][/COLOR]
[COLOR=Blue]3---0'50.995---Hasnain282  (Verified) [IMG]https://www.gtplanet.net/forum/attachments/greenflag-gif.152575/[/IMG][/COLOR]
[COLOR=Blue]4---0'50.998---benjoi84   [/COLOR]

Division 2:

[COLOR=DarkOrange]1---0'50.829---shoenboggie  (Verified) [IMG]https://www.gtplanet.net/forum/attachments/greenflag-gif.152575/[/IMG][/COLOR]
[COLOR=DarkOrange]2---0'51.262---tmtkview  (Verified) [IMG]https://www.gtplanet.net/forum/attachments/greenflag-gif.152575/[/IMG][/COLOR]
[COLOR=DarkOrange]3---0'51.501---JamCar0ne  (Verified) [IMG]https://www.gtplanet.net/forum/attachments/greenflag-gif.152575/[/IMG][/COLOR]

Division 3:

[COLOR=Magenta]1---0'52.836---stibbz  (Verified) [IMG]https://www.gtplanet.net/forum/attachments/greenflag-gif.152575/[/IMG][/COLOR]

[img]https://www.gtplanet.net/forum/media/kyoto-driving-park-miyabi__5-jpeg.133246/full[/img]

Overall Results:


>> Division 1: Par: 0'50.467 Gold: 0'50.629 Silver: 0'50.809 Bronze: 0'51.008
[COLOR=Blue]1---0'50.815-R-GTP_EDK r=1.677 (d1/-0.206) [/COLOR]
[COLOR=DarkOrange]2---0'50.829---shoenboggie r=1.700 (d1/-0.397) [/COLOR]
[COLOR=Blue]3---0'50.921---half_sourly r=1.854 (d1/0.003) [/COLOR]
[COLOR=Blue]4---0'50.995---Hasnain282 r=1.978 (d1/0.961) [/COLOR]
[COLOR=Blue]5---0'50.998---benjoi84 r=1.983 (d1/-0.151) [/COLOR]

>> Division 2: Par: 0'51.009 Gold: 0'51.252 Silver: 0'51.522 Bronze: 0'51.820
[COLOR=DarkOrange]6---0'51.262---tmtkview r=2.346 (d2/0.072) [/COLOR]
[COLOR=DarkOrange]7---0'51.501---JamCar0ne r=2.641 (d2/-0.223) [/COLOR]

>> Division 3: Par: 0'51.821 Gold: 0'52.145 Silver: 0'52.506 Bronze: 0'52.902
[COLOR=Magenta]8---0'52.836---stibbz r=3.944 (d3/0.342) [/COLOR]


[img]https://www.gtplanet.net/forum/media/kyoto-driving-park-miyabi__3-jpeg.133244/full[/img]

Handicapped Results:

[COLOR=DarkOrange]1---0'51.542---(-0.39744)---shoenboggie [/COLOR]
[COLOR=DarkOrange]2---0'51.807---(-0.22282)---JamCar0ne [/COLOR]
[COLOR=Blue]3---0'51.915---(-0.15116)---benjoi84 [/COLOR]
[COLOR=Blue]4---0'52.149---(0.00314)---half_sourly [/COLOR]
[COLOR=DarkOrange]5---0'52.253---(0.07172)---tmtkview [/COLOR]
[COLOR=Magenta]6---0'52.662---(0.34160)---stibbz [/COLOR]
[COLOR=Blue]7---0'53.601---(0.96076)---Hasnain282 [/COLOR]


(Settings: Weight = 1.000 Squeeze = 3.636 Scoot = -0.204)

[/B]


[COLOR=Darkblue][IMG]https://www.gtplanet.net/forum/attachments/greenflag-gif.152575/[/IMG] shows that the replay has been posted and verified.
[IMG]https://www.gtplanet.net/forum/attachments/redflag-gif.152574/[/IMG] shows that the submitted lap turned out to be dirty or doubtful.
[IMG]https://www.gtplanet.net/forum/attachments/blackflag-gif.152573/[/IMG] shows that the replay has was found to be invalid.[/COLOR]

[COLOR=Black][B]Replay Checking:[/B][/COLOR][COLOR=Darkblue]

[LIST=1]
[*]It is customary for all participants of the WRS to verify each others submitted replays
[*]Once you have checked the replay, post in this thread to say that you have checked it and whether it's clean, dirty or doesn't meet the required race specifications
[*]When verifying a replay, check against this weeks race specification, check that the tyres are the correct compound and that the power and weight is correct for example
[*]If you are unsure about a replay, always seek a second opinion before posting
[/LIST][/COLOR]

