

[CENTER]

[COLOR=Black][SIZE=6][B]:: GTP_Weekly Race Series ::[/B][/SIZE][/COLOR]

[IMG]https://www.gtplanet.net/forum/media/wrs_tt_gt7_main-png.124241/full[/IMG]


[COLOR=Black][SIZE=6][B][U]Week 20 (Official): Bathurst And The 650S[/U][/B][/SIZE][/COLOR]
[COLOR=Black][SIZE=6][B][U]Results[/U][/B][/SIZE][/COLOR]

[IMG]https://www.gtplanet.net/forum/media/mount-panorama-motor-racing-circuit__1-jpeg.130428/full[/IMG]

[SIZE=6][COLOR=Black][B][U]Time Trial in Arcade Mode[/U][/B][/COLOR][/SIZE]

[IMG]https://www.gtplanet.net/forum/media/mount-panorama-motor-racing-circuit__6-jpeg.130433/full[/IMG]

[COLOR=Black][SIZE=6][U][B]McLaren 650S GT3 '15[/B][/U][/SIZE][/COLOR]

[IMG]https://www.gtplanet.net/forum/media/mount-panorama-motor-racing-circuit__5-jpeg.130432/full[/IMG]

[SIZE=6][COLOR=Black][B][U]Mount Panorama Circuit - Full Course[/U][/B][/COLOR][/SIZE]
[/CENTER]

[COLOR=Black][B]Steward's Comments:[/B][/COLOR]
[COLOR=Darkblue]
Good job everyone!

Cheers,

OLR Team.
[/COLOR]

[COLOR=Black][B]Sharing Your Replay:
[LIST][*]Go to Your Library, locate your Submitted Best Lap Replay, and share it using the in game menu features.
[*]Be sure to share your replay PUBLICLY for verification, so that any member may find it.
[*]When sharing your replay this week, please use the following share tags to make your replay easy for other members to locate
[LIST][*]gtpwrs020, essentials, pineapple[/LIST]
[/LIST][/COLOR][COLOR=Darkblue]This thread will be listed as "Provisional" and will become "Official" once all posted replays have been verified.
Disqualification isn't taken lightly within the WRS.[/COLOR]
[COLOR=Red][B]Drivers who do not have a submitted lap posted in the results are not to post any information related to a laptime they might have achieved in the results thread. Any such posts will have the times removed.[/B][/COLOR]

[B]

Division 1:

[COLOR=Blue]1---1'58.707---Hasnain282  (Verified) [IMG]https://www.gtplanet.net/forum/attachments/greenflag-gif.152575/[/IMG][/COLOR]
[COLOR=Blue]2---1'58.713---GTP_Jammy  (Verified) [IMG]https://www.gtplanet.net/forum/attachments/greenflag-gif.152575/[/IMG][/COLOR]
[COLOR=Blue]3---1'59.884-R-Nebuc72  (Verified) [IMG]https://www.gtplanet.net/forum/attachments/greenflag-gif.152575/[/IMG][/COLOR]

Division 2:

[COLOR=DarkOrange]1---2'00.288---half_sourly  (Verified) [IMG]https://www.gtplanet.net/forum/attachments/greenflag-gif.152575/[/IMG][/COLOR]
[COLOR=DarkOrange]2---2'01.225---RuddRacer  (Verified) [IMG]https://www.gtplanet.net/forum/attachments/greenflag-gif.152575/[/IMG][/COLOR]

Division 3:

[COLOR=Magenta]1---2'03.157---Allibubba99  (Verified) [IMG]https://www.gtplanet.net/forum/attachments/greenflag-gif.152575/[/IMG][/COLOR]
[COLOR=Magenta]2---2'03.367---GTP_Eggstor  (Verified) [IMG]https://www.gtplanet.net/forum/attachments/greenflag-gif.152575/[/IMG][/COLOR]
[COLOR=Magenta]3---2'04.898---GTP_Frank   [/COLOR]
[COLOR=Magenta]4---2'05.199-R-TRiP_Drifter   [/COLOR]
[COLOR=Magenta]5---2'08.499---DonNerazzurri666   [/COLOR]

Division 4:

[COLOR=DarkRed]1---2'06.964---GTP_Steven  (Verified) [IMG]https://www.gtplanet.net/forum/attachments/greenflag-gif.152575/[/IMG][/COLOR]
[COLOR=DarkRed]2---2'09.563-R-Askorbiini  (Verified) [IMG]https://www.gtplanet.net/forum/attachments/greenflag-gif.152575/[/IMG][/COLOR]

[img]https://www.gtplanet.net/forum/media/mount-panorama-motor-racing-circuit__2-jpeg.130429/full[/img]

Overall Results:


>> Division 1: Par: 1'58.279 Gold: 1'58.861 Silver: 1'59.508 Bronze: 2'00.220
[COLOR=Blue]1---1'58.707---Hasnain282 r=1.245 (d1/0.225) [/COLOR]
[COLOR=Blue]2---1'58.713---GTP_Jammy r=1.249 (d1/-0.225) [/COLOR]
[COLOR=Blue]3---1'59.884-R-Nebuc72 r=1.843 (d1/-0.051) [/COLOR]

>> Division 2: Par: 2'00.221 Gold: 2'01.095 Silver: 2'02.066 Bronze: 2'03.134
[COLOR=DarkOrange]4---2'00.288---half_sourly r=2.026 (d2/-0.363) [/COLOR]
[COLOR=DarkOrange]5---2'01.225---RuddRacer r=2.378 (d2/0.330) [/COLOR]

>> Division 3: Par: 2'03.135 Gold: 2'04.300 Silver: 2'05.595 Bronze: 2'07.020
[COLOR=Magenta]6---2'03.157---Allibubba99 r=3.006 (d3/-0.133) [/COLOR]
[COLOR=Magenta]7---2'03.367---GTP_Eggstor r=3.066 (d3/-0.170) [/COLOR]
[COLOR=Magenta]8---2'04.898---GTP_Frank r=3.487 (d3/0.207) [/COLOR]
[COLOR=Magenta]9---2'05.199-R-TRiP_Drifter r=3.565 (d3/0.085) [/COLOR]
[COLOR=DarkRed]10--2'06.964---GTP_Steven r=3.987 (d3/-0.312) [/COLOR]

>> Division 4: Par: 2'07.021 Gold: 2'10.808 Silver: 2'15.017 Bronze: 2'19.647
[COLOR=Magenta]11--2'08.499---DonNerazzurri666 r=4.130 (d4/0.275) [/COLOR]
[COLOR=DarkRed]12--2'09.563-R-Askorbiini r=4.224 (d4/0.132) [/COLOR]


[img]https://www.gtplanet.net/forum/media/mount-panorama-motor-racing-circuit__7-jpeg.130434/full[/img]

Handicapped Results:

[COLOR=DarkOrange]1---2'02.328---(-0.36256)---half_sourly [/COLOR]
[COLOR=DarkRed]2---2'02.603---(-0.31188)---GTP_Steven [/COLOR]
[COLOR=Blue]3---2'03.076---(-0.22491)---GTP_Jammy [/COLOR]
[COLOR=Magenta]4---2'03.374---(-0.17010)---GTP_Eggstor [/COLOR]
[COLOR=Magenta]5---2'03.576---(-0.13295)---Allibubba99 [/COLOR]
[COLOR=Magenta]6---2'05.424---(0.20672)---GTP_Frank [/COLOR]
[COLOR=Blue]7---2'05.523---(0.22496)---Hasnain282 [/COLOR]
[COLOR=Magenta]8---2'05.795---(0.27487)---DonNerazzurri666 [/COLOR]
[COLOR=DarkOrange]9---2'06.095---(0.33016)---RuddRacer [/COLOR]


(Settings: Weight = 1.000 Squeeze = 1.092 Scoot = 1.074)

[/B]


[COLOR=Darkblue][IMG]https://www.gtplanet.net/forum/attachments/greenflag-gif.152575/[/IMG] shows that the replay has been posted and verified.
[IMG]https://www.gtplanet.net/forum/attachments/redflag-gif.152574/[/IMG] shows that the submitted lap turned out to be dirty or doubtful.
[IMG]https://www.gtplanet.net/forum/attachments/blackflag-gif.152573/[/IMG] shows that the replay has was found to be invalid.[/COLOR]

[COLOR=Black][B]Replay Checking:[/B][/COLOR][COLOR=Darkblue]

[LIST=1]
[*]It is customary for all participants of the WRS to verify each others submitted replays
[*]Once you have checked the replay, post in this thread to say that you have checked it and whether it's clean, dirty or doesn't meet the required race specifications
[*]When verifying a replay, check against this weeks race specification, check that the tyres are the correct compound and that the power and weight is correct for example
[*]If you are unsure about a replay, always seek a second opinion before posting
[/LIST][/COLOR]

