

[CENTER]

[COLOR=Black][SIZE=6][B]:: GTP_Weekly Race Series ::[/B][/SIZE][/COLOR]


[IMG]https://www.gtplanet.net/forum/media/wrs_tt_gt7_main-png.124241/full[/IMG]

[COLOR=Black][SIZE=6][B][U]Week 11 (Official): C7 in GT7[/U][/B][/SIZE][/COLOR]
[COLOR=Black][SIZE=6][B][U]Results[/U][/B][/SIZE][/COLOR]

[IMG]https://www.gtplanet.net/forum/media/20970290353460990-jpg.128316/full[/IMG]

[SIZE=6][COLOR=Black][B][U]Time Trial in Arcade Mode[/U][/B][/COLOR][/SIZE]

[IMG]https://www.gtplanet.net/forum/media/20970439730511094-jpg.128317/full[/IMG]

[COLOR=Black][SIZE=6][U][B]Chevrolet Corvette C7 Gr.4[/B][/U][/SIZE][/COLOR]

[IMG]https://www.gtplanet.net/forum/media/20970474820639868-jpg.128319/full[/IMG]

[SIZE=6][COLOR=Black][B][U]Daytona Road Course[/U][/B][/COLOR][/SIZE]
[/CENTER]

[COLOR=Black][B]Steward's Comments:[/B][/COLOR]
[COLOR=Darkblue]
Good job everyone!

Cheers,

OLR Team.
[/COLOR]

[COLOR=Black][B]Sharing Your Replay:
[LIST][*]Go to Your Library, locate your Submitted Best Lap Replay, and share it using the in game menu features.
[*]Be sure to share your replay PUBLICLY for verification, so that any member may find it.
[*]When sharing your replay this week, please use the following share tags to make your replay easy for other members to locate
[LIST][*]gtpwrs011, essentials, pineapple[/LIST]
[/LIST][/COLOR][COLOR=Darkblue]This thread will be listed as "Provisional" and will become "Official" once all posted replays have been verified.
Disqualification isn't taken lightly within the WRS.[/COLOR]
[COLOR=Red][B]Drivers who do not have a submitted lap posted in the results are not to post any information related to a laptime they might have achieved in the results thread. Any such posts will have the times removed.[/B][/COLOR]

[B]

Division 1:

[COLOR=Blue]1---1'49.858-R-iiHarmonic  (Verified) [IMG]https://www.gtplanet.net/forum/attachments/greenflag-gif.152575/[/IMG][/COLOR]
[COLOR=Blue]2---1'50.254---GTP_Jammy  (Verified) [IMG]https://www.gtplanet.net/forum/attachments/greenflag-gif.152575/[/IMG][/COLOR]
[COLOR=Blue]3---1'50.488---Hasnain282  (Verified) [IMG]https://www.gtplanet.net/forum/attachments/greenflag-gif.152575/[/IMG][/COLOR]
[COLOR=Blue]4---1'51.077---boabdulrahman   [/COLOR]

Division 2:

[COLOR=DarkOrange]1---1'50.491---RuddRacer  (Verified) [IMG]https://www.gtplanet.net/forum/attachments/greenflag-gif.152575/[/IMG][/COLOR]
[COLOR=DarkOrange]2---1'50.855---tmtkview  (Verified) [IMG]https://www.gtplanet.net/forum/attachments/greenflag-gif.152575/[/IMG][/COLOR]
[COLOR=DarkOrange]3---1'51.083---Chim_GT3  (Verified) [IMG]https://www.gtplanet.net/forum/attachments/greenflag-gif.152575/[/IMG][/COLOR]
[COLOR=DarkOrange]4---1'51.458---colinnola   [/COLOR]
[COLOR=DarkOrange]5---1'51.916---shoenboggie   [/COLOR]

Division 3:

[COLOR=Magenta]1---1'51.906---Clemeson  (Verified) [IMG]https://www.gtplanet.net/forum/attachments/greenflag-gif.152575/[/IMG][/COLOR]
[COLOR=Magenta]2---1'52.164---Allibubba99  (Verified) [IMG]https://www.gtplanet.net/forum/attachments/greenflag-gif.152575/[/IMG][/COLOR]
[COLOR=Magenta]3---1'52.403---JamCar0ne  (Verified) [IMG]https://www.gtplanet.net/forum/attachments/greenflag-gif.152575/[/IMG][/COLOR]
[COLOR=Magenta]4---1'52.914---GTP_Eggstor  (Verified) [IMG]https://www.gtplanet.net/forum/attachments/greenflag-gif.152575/[/IMG][/COLOR]
[COLOR=Magenta]5---1'53.428---DonNerazzurri666   [/COLOR]

[img]https://www.gtplanet.net/forum/media/20970129917162123-jpg.128321/full[/img]

Overall Results:

[COLOR=Blue]1---1'49.858-R-iiHarmonic r=0.519 (d1/0.000) [/COLOR]

>> Division 1: Par: 1'50.128 Gold: 1'50.315 Silver: 1'50.522 Bronze: 1'50.751
[COLOR=Blue]2---1'50.254---GTP_Jammy r=1.225 (d1/-0.517) [/COLOR]
[COLOR=Blue]3---1'50.488---Hasnain282 r=1.612 (d1/0.418) [/COLOR]
[COLOR=DarkOrange]4---1'50.491---RuddRacer r=1.617 (d1/-0.561) [/COLOR]

>> Division 2: Par: 1'50.752 Gold: 1'51.032 Silver: 1'51.344 Bronze: 1'51.687
[COLOR=DarkOrange]5---1'50.855---tmtkview r=2.123 (d2/-0.881) [/COLOR]
[COLOR=Blue]6---1'51.077---boabdulrahman r=2.381 (d2/0.423) [/COLOR]
[COLOR=DarkOrange]7---1'51.083---Chim_GT3 r=2.388 (d2/-0.027) [/COLOR]
[COLOR=DarkOrange]8---1'51.458---colinnola r=2.777 (d2/-0.018) [/COLOR]

>> Division 3: Par: 1'51.688 Gold: 1'52.062 Silver: 1'52.478 Bronze: 1'52.936
[COLOR=Magenta]9---1'51.906---Clemeson r=3.194 (d3/-0.340) [/COLOR]
[COLOR=DarkOrange]10--1'51.916---shoenboggie r=3.203 (d3/0.683) [/COLOR]
[COLOR=Magenta]11--1'52.164---Allibubba99 r=3.415 (d3/0.018) [/COLOR]
[COLOR=Magenta]12--1'52.403---JamCar0ne r=3.607 (d3/0.262) [/COLOR]
[COLOR=Magenta]13--1'52.914---GTP_Eggstor r=3.984 (d3/0.306) [/COLOR]

>> Division 4: Par: 1'52.937 Gold: 1'54.154 Silver: 1'55.506 Bronze: 1'56.993
[COLOR=Magenta]14--1'53.428---DonNerazzurri666 r=4.134 (d4/0.236) [/COLOR]


[img]https://www.gtplanet.net/forum/media/20970528733791422-jpg.128322/full[/img]

Handicapped Results:

[COLOR=DarkOrange]1---1'50.523---(-0.88054)---tmtkview [/COLOR]
[COLOR=DarkOrange]2---1'51.081---(-0.56128)---RuddRacer [/COLOR]
[COLOR=Blue]3---1'51.158---(-0.51728)---GTP_Jammy [/COLOR]
[COLOR=Magenta]4---1'51.467---(-0.34017)---Clemeson [/COLOR]
[COLOR=DarkOrange]5---1'52.014---(-0.02695)---Chim_GT3 [/COLOR]
[COLOR=DarkOrange]6---1'52.031---(-0.01755)---colinnola [/COLOR]
[COLOR=Magenta]7---1'52.093---(0.01801)---Allibubba99 [/COLOR]
[COLOR=Magenta]8---1'52.473---(0.23566)---DonNerazzurri666 [/COLOR]
[COLOR=Magenta]9---1'52.518---(0.26154)---JamCar0ne [/COLOR]
[COLOR=Magenta]10--1'52.595---(0.30556)---GTP_Eggstor [/COLOR]
[COLOR=Blue]11--1'52.791---(0.41783)---Hasnain282 [/COLOR]
[COLOR=Blue]12--1'52.801---(0.42320)---boabdulrahman [/COLOR]
[COLOR=DarkOrange]13--1'53.255---(0.68300)---shoenboggie [/COLOR]


(Settings: Weight = 1.000 Squeeze = 1.496 Scoot = 0.376)

[/B]


[COLOR=Darkblue][IMG]https://www.gtplanet.net/forum/attachments/greenflag-gif.152575/[/IMG] shows that the replay has been posted and verified.
[IMG]https://www.gtplanet.net/forum/attachments/redflag-gif.152574/[/IMG] shows that the submitted lap turned out to be dirty or doubtful.
[IMG]https://www.gtplanet.net/forum/attachments/blackflag-gif.152573/[/IMG] shows that the replay has was found to be invalid.[/COLOR]

[COLOR=Black][B]Replay Checking:[/B][/COLOR][COLOR=Darkblue]

[LIST=1]
[*]It is customary for all participants of the WRS to verify each others submitted replays
[*]Once you have checked the replay, post in this thread to say that you have checked it and whether it's clean, dirty or doesn't meet the required race specifications
[*]When verifying a replay, check against this weeks race specification, check that the tyres are the correct compound and that the power and weight is correct for example
[*]If you are unsure about a replay, always seek a second opinion before posting
[/LIST][/COLOR]

