

[CENTER]

[COLOR=Black][SIZE=6][B]:: GTP_Weekly Race Series ::[/B][/SIZE][/COLOR]

[IMG]https://www.gtplanet.net/forum/media/wrs_tt_gt7_main-png.124241/full[/IMG]


[COLOR=Black][SIZE=6][B][U]Week 21 (Official): A Big Track Day at Willow[/U][/B][/SIZE][/COLOR]
[COLOR=Black][SIZE=6][B][U]Results[/U][/B][/SIZE][/COLOR]

[IMG]https://www.gtplanet.net/forum/media/20970487142153133-jpg.130649/full[/IMG]

[SIZE=6][COLOR=Black][B][U]Time Trial in Arcade Mode[/U][/B][/COLOR][/SIZE]

[IMG]https://www.gtplanet.net/forum/media/20970065849763889-jpg.130650/full[/IMG]

[COLOR=Black][SIZE=6][U][B]Camaro ZL1 1LE Package '18[/B][/U][/SIZE][/COLOR]

[IMG]https://www.gtplanet.net/forum/media/20970256841550023-jpg.130653/full[/IMG]

[SIZE=6][COLOR=Black][B][U]Willow Springs International Raceway: Big Willow[/U][/B][/COLOR][/SIZE]
[/CENTER]

[COLOR=Black][B]Steward's Comments:[/B][/COLOR]
[COLOR=Darkblue]
Good job everyone!

Cheers,

OLR Team.
[/COLOR]

[COLOR=Black][B]Sharing Your Replay:
[LIST][*]Go to Your Library, locate your Submitted Best Lap Replay, and share it using the in game menu features.
[*]Be sure to share your replay PUBLICLY for verification, so that any member may find it.
[*]When sharing your replay this week, please use the following share tags to make your replay easy for other members to locate
[LIST][*]gtpwrs021, essentials, pineapple[/LIST]
[/LIST][/COLOR][COLOR=Darkblue]This thread will be listed as "Provisional" and will become "Official" once all posted replays have been verified.
Disqualification isn't taken lightly within the WRS.[/COLOR]
[COLOR=Red][B]Drivers who do not have a submitted lap posted in the results are not to post any information related to a laptime they might have achieved in the results thread. Any such posts will have the times removed.[/B][/COLOR]

[B]

Division 1:

[COLOR=Blue]1---1'15.196---GTP_Jammy  (Verified) [IMG]https://www.gtplanet.net/forum/attachments/greenflag-gif.152575/[/IMG][/COLOR]
[COLOR=Blue]2---1'15.595---Hasnain282  (Verified) [IMG]https://www.gtplanet.net/forum/attachments/greenflag-gif.152575/[/IMG][/COLOR]

Division 2:

[COLOR=DarkOrange]1---1'15.871---shoenboggie  (Verified) [IMG]https://www.gtplanet.net/forum/attachments/greenflag-gif.152575/[/IMG][/COLOR]
[COLOR=DarkOrange]2---1'16.115---half_sourly  (Verified) [IMG]https://www.gtplanet.net/forum/attachments/greenflag-gif.152575/[/IMG][/COLOR]
[COLOR=DarkOrange]3---1'16.454-R-Nebuc72  (Verified) [IMG]https://www.gtplanet.net/forum/attachments/greenflag-gif.152575/[/IMG][/COLOR]
[COLOR=DarkOrange]4---1'16.508---RuddRacer   [/COLOR]
[COLOR=DarkOrange]5---1'17.146-R-xxpkslayer   [/COLOR]
[COLOR=DarkOrange]6---1'17.249-R-BobHildalgo   [/COLOR]

Division 3:

[COLOR=Magenta]1---1'17.569---GTP_Eggstor  (Verified) [IMG]https://www.gtplanet.net/forum/attachments/greenflag-gif.152575/[/IMG][/COLOR]

Division 4:

[COLOR=DarkRed]1---1'19.016---GTP_Steven  (Verified) [IMG]https://www.gtplanet.net/forum/attachments/greenflag-gif.152575/[/IMG][/COLOR]
[COLOR=DarkRed]2---1'20.515-R-TRiP_Drifter   [/COLOR]

[img]https://www.gtplanet.net/forum/media/20970221507236057-jpg.130652/full[/img]

Overall Results:


>> Division 1: Par: 1'15.193 Gold: 1'15.493 Silver: 1'15.827 Bronze: 1'16.195
[COLOR=Blue]1---1'15.196---GTP_Jammy r=1.003 (d1/-0.425) [/COLOR]
[COLOR=Blue]2---1'15.595---Hasnain282 r=1.435 (d1/0.415) [/COLOR]
[COLOR=DarkOrange]3---1'15.871---shoenboggie r=1.707 (d1/-0.601) [/COLOR]
[COLOR=DarkOrange]4---1'16.115---half_sourly r=1.928 (d1/-0.379) [/COLOR]

>> Division 2: Par: 1'16.196 Gold: 1'16.647 Silver: 1'17.148 Bronze: 1'17.699
[COLOR=DarkOrange]5---1'16.454-R-Nebuc72 r=2.191 (d2/0.342) [/COLOR]
[COLOR=DarkOrange]6---1'16.508---RuddRacer r=2.231 (d2/0.183) [/COLOR]
[COLOR=DarkOrange]7---1'17.146-R-xxpkslayer r=2.665 (d2/0.000) [/COLOR]
[COLOR=DarkOrange]8---1'17.249-R-BobHildalgo r=2.728 (d2/0.014) [/COLOR]
[COLOR=Magenta]9---1'17.569---GTP_Eggstor r=2.921 (d2/0.026) [/COLOR]

>> Division 3: Par: 1'17.700 Gold: 1'18.301 Silver: 1'18.969 Bronze: 1'19.704
[COLOR=DarkRed]10--1'19.016---GTP_Steven r=3.688 (d3/-0.521) [/COLOR]

>> Division 4: Par: 1'19.705 Gold: 1'21.660 Silver: 1'23.832 Bronze: 1'26.221
[COLOR=DarkRed]11--1'20.515-R-TRiP_Drifter r=4.138 (d4/0.973) [/COLOR]


[img]https://www.gtplanet.net/forum/media/20970076592412023-jpg.130651/full[/img]

Handicapped Results:

[COLOR=DarkOrange]1---1'16.613---(-0.60097)---shoenboggie [/COLOR]
[COLOR=DarkRed]2---1'16.838---(-0.52088)---GTP_Steven [/COLOR]
[COLOR=Blue]3---1'17.106---(-0.42531)---GTP_Jammy [/COLOR]
[COLOR=DarkOrange]4---1'17.237---(-0.37887)---half_sourly [/COLOR]
[COLOR=Magenta]5---1'18.373---(0.02574)---GTP_Eggstor [/COLOR]
[COLOR=DarkOrange]6---1'18.814---(0.18280)---RuddRacer [/COLOR]
[COLOR=Blue]7---1'19.466---(0.41496)---Hasnain282 [/COLOR]


(Settings: Weight = 1.000 Squeeze = 2.160 Scoot = 0.165)

[/B]


[COLOR=Darkblue][IMG]https://www.gtplanet.net/forum/attachments/greenflag-gif.152575/[/IMG] shows that the replay has been posted and verified.
[IMG]https://www.gtplanet.net/forum/attachments/redflag-gif.152574/[/IMG] shows that the submitted lap turned out to be dirty or doubtful.
[IMG]https://www.gtplanet.net/forum/attachments/blackflag-gif.152573/[/IMG] shows that the replay has was found to be invalid.[/COLOR]

[COLOR=Black][B]Replay Checking:[/B][/COLOR][COLOR=Darkblue]

[LIST=1]
[*]It is customary for all participants of the WRS to verify each others submitted replays
[*]Once you have checked the replay, post in this thread to say that you have checked it and whether it's clean, dirty or doesn't meet the required race specifications
[*]When verifying a replay, check against this weeks race specification, check that the tyres are the correct compound and that the power and weight is correct for example
[*]If you are unsure about a replay, always seek a second opinion before posting
[/LIST][/COLOR]

