

[CENTER]

[COLOR=Black][SIZE=6][B]:: GTP_Weekly Race Series ::[/B][/SIZE][/COLOR]


[IMG]https://www.gtplanet.net/forum/media/wrs_tt_gt7_main-png.124241/full[/IMG]

[COLOR=Black][SIZE=6][B][U]Week 31 (Official): Red Bull Junior Driver Trials[/U][/B][/SIZE][/COLOR]
[COLOR=Black][SIZE=6][B][U]Results[/U][/B][/SIZE][/COLOR]

[IMG]https://www.gtplanet.net/forum/media/red-bull-ring__1-jpeg.132973/full[/IMG]

[SIZE=6][COLOR=Black][B][U]Time Trial in Arcade Mode[/U][/B][/COLOR][/SIZE]

[IMG]https://www.gtplanet.net/forum/media/red-bull-ring__3-jpeg.132975/full[/IMG]

[COLOR=Black][SIZE=6][U][B]Red Bull X2014 Junior[/B][/U][/SIZE][/COLOR]

[IMG]https://www.gtplanet.net/forum/media/red-bull-ring__2-jpeg.132974/full[/IMG]

[SIZE=6][COLOR=Black][B][U]Red Bull Ring - Full Course[/U][/B][/COLOR][/SIZE]
[/CENTER]

[COLOR=Black][B]Steward's Comments:[/B][/COLOR]
[COLOR=Darkblue]
Good job everyone!

Cheers,

OLR Team.
[/COLOR]

[COLOR=Black][B]Sharing Your Replay:
[LIST][*]Go to Your Library, locate your Submitted Best Lap Replay, and share it using the in game menu features.
[*]Be sure to share your replay PUBLICLY for verification, so that any member may find it.
[*]When sharing your replay this week, please use the following share tags to make your replay easy for other members to locate
[LIST][*]gtpwrs031, essentials, pineapple[/LIST]
[/LIST][/COLOR][COLOR=Darkblue]This thread will be listed as "Provisional" and will become "Official" once all posted replays have been verified.
Disqualification isn't taken lightly within the WRS.[/COLOR]
[COLOR=Red][B]Drivers who do not have a submitted lap posted in the results are not to post any information related to a laptime they might have achieved in the results thread. Any such posts will have the times removed.[/B][/COLOR]

[B]

Division 1:

[COLOR=Blue]1---1'31.274---Hasnain282  (Verified) [IMG]https://www.gtplanet.net/forum/attachments/greenflag-gif.152575/[/IMG][/COLOR]

Division 2:

[COLOR=DarkOrange]1---1'31.864---half_sourly  (Verified) [IMG]https://www.gtplanet.net/forum/attachments/greenflag-gif.152575/[/IMG][/COLOR]
[COLOR=DarkOrange]2---1'32.640-R-benjoi84  (Verified) [IMG]https://www.gtplanet.net/forum/attachments/greenflag-gif.152575/[/IMG][/COLOR]
[COLOR=DarkOrange]3---1'32.765---tmtkview  (Verified) [IMG]https://www.gtplanet.net/forum/attachments/greenflag-gif.152575/[/IMG][/COLOR]
[COLOR=DarkOrange]4---1'33.789---JamCar0ne   [/COLOR]

[img]https://www.gtplanet.net/forum/media/red-bull-ring__10-jpeg.132982/full[/img]

Overall Results:


>> Division 1: Par: 1'31.249 Gold: 1'31.557 Silver: 1'31.900 Bronze: 1'32.277
[COLOR=Blue]1---1'31.274---Hasnain282 r=1.027 (d1/0.010) [/COLOR]
[COLOR=DarkOrange]2---1'31.864---half_sourly r=1.632 (d1/-0.359) [/COLOR]

>> Division 2: Par: 1'32.278 Gold: 1'32.740 Silver: 1'33.255 Bronze: 1'33.820
[COLOR=DarkOrange]3---1'32.640-R-benjoi84 r=2.261 (d2/0.297) [/COLOR]
[COLOR=DarkOrange]4---1'32.765---tmtkview r=2.350 (d2/0.007) [/COLOR]
[COLOR=DarkOrange]5---1'33.789---JamCar0ne r=2.982 (d2/0.118) [/COLOR]


[img]https://www.gtplanet.net/forum/media/red-bull-ring__4-jpeg.132976/full[/img]

Handicapped Results:

[COLOR=DarkOrange]1---1'33.404---(-0.35884)---half_sourly [/COLOR]
[COLOR=DarkOrange]2---1'34.459---(0.00735)---tmtkview [/COLOR]
[COLOR=Blue]3---1'34.465---(0.00959)---Hasnain282 [/COLOR]
[COLOR=DarkOrange]4---1'34.778---(0.11815)---JamCar0ne [/COLOR]


(Settings: Weight = 1.000 Squeeze = 3.488 Scoot = 0.270)

[/B]


[COLOR=Darkblue][IMG]https://www.gtplanet.net/forum/attachments/greenflag-gif.152575/[/IMG] shows that the replay has been posted and verified.
[IMG]https://www.gtplanet.net/forum/attachments/redflag-gif.152574/[/IMG] shows that the submitted lap turned out to be dirty or doubtful.
[IMG]https://www.gtplanet.net/forum/attachments/blackflag-gif.152573/[/IMG] shows that the replay has was found to be invalid.[/COLOR]

[COLOR=Black][B]Replay Checking:[/B][/COLOR][COLOR=Darkblue]

[LIST=1]
[*]It is customary for all participants of the WRS to verify each others submitted replays
[*]Once you have checked the replay, post in this thread to say that you have checked it and whether it's clean, dirty or doesn't meet the required race specifications
[*]When verifying a replay, check against this weeks race specification, check that the tyres are the correct compound and that the power and weight is correct for example
[*]If you are unsure about a replay, always seek a second opinion before posting
[/LIST][/COLOR]

