

[CENTER]

[COLOR=Black][SIZE=6][B]:: GTP_Weekly Race Series ::[/B][/SIZE][/COLOR]

[IMG]https://www.gtplanet.net/forum/media/wrs_tt_gt7_main-png.124241/full[/IMG]


[COLOR=Black][SIZE=6][B][U]Week 37 (Official): M2 and the Streets of Willow[/U][/B][/SIZE][/COLOR]
[COLOR=Black][SIZE=6][B][U]Results[/U][/B][/SIZE][/COLOR]

[IMG]https://www.gtplanet.net/forum/media/20970074501290745-jpg.134101/full[/IMG]

[SIZE=6][COLOR=Black][B][U]Time Trial in Arcade Mode[/U][/B][/COLOR][/SIZE]

[IMG]https://www.gtplanet.net/forum/media/20969915033806465-jpg.134102/full[/IMG]

[COLOR=Black][SIZE=6][U][B]BMW M2 Competition [/B][/U][/SIZE][/COLOR]

[IMG]https://www.gtplanet.net/forum/media/20970248677432632-jpg.134104/full[/IMG]

[SIZE=6][COLOR=Black][B][U]Willow Springs International Raceway: Streets of Willow Springs[/U][/B][/COLOR][/SIZE]
[/CENTER]

[COLOR=Black][B]Steward's Comments:[/B][/COLOR]
[COLOR=Darkblue]
Good job everyone!

Cheers,

OLR Team.
[/COLOR]

[COLOR=Black][B]Sharing Your Replay:
[LIST][*]Go to Your Library, locate your Submitted Best Lap Replay, and share it using the in game menu features.
[*]Be sure to share your replay PUBLICLY for verification, so that any member may find it.
[*]When sharing your replay this week, please use the following share tags to make your replay easy for other members to locate
[LIST][*]gtpwrs037, essentials, pineapple[/LIST]
[/LIST][/COLOR][COLOR=Darkblue]This thread will be listed as "Provisional" and will become "Official" once all posted replays have been verified.
Disqualification isn't taken lightly within the WRS.[/COLOR]
[COLOR=Red][B]Drivers who do not have a submitted lap posted in the results are not to post any information related to a laptime they might have achieved in the results thread. Any such posts will have the times removed.[/B][/COLOR]

[B]

Division 1:

[COLOR=Blue]1---1'15.721---Hasnain282  (Verified) [IMG]https://www.gtplanet.net/forum/attachments/greenflag-gif.152575/[/IMG][/COLOR]

Division 2:

[COLOR=DarkOrange]1---1'16.343---shoenboggie  (Verified) [IMG]https://www.gtplanet.net/forum/attachments/greenflag-gif.152575/[/IMG][/COLOR]
[COLOR=DarkOrange]2---1'17.704---benjoi84  (Verified) [IMG]https://www.gtplanet.net/forum/attachments/greenflag-gif.152575/[/IMG][/COLOR]
[COLOR=DarkOrange]3---1'18.167---JamCar0ne   [/COLOR]
[COLOR=DarkOrange]4---1'20.401---GTP_Eggstor   [/COLOR]

Division 4:

[COLOR=DarkRed]1---1'25.185-R-Maique  (Verified) [IMG]https://www.gtplanet.net/forum/attachments/greenflag-gif.152575/[/IMG][/COLOR]

[img]https://www.gtplanet.net/forum/media/20970621186834469-jpg.134105/full[/img]

Overall Results:


>> Division 1: Par: 1'15.698 Gold: 1'16.128 Silver: 1'16.607 Bronze: 1'17.133
[COLOR=Blue]1---1'15.721---Hasnain282 r=1.018 (d1/0.000) [/COLOR]
[COLOR=DarkOrange]2---1'16.343---shoenboggie r=1.483 (d1/-0.517) [/COLOR]

>> Division 2: Par: 1'17.134 Gold: 1'17.780 Silver: 1'18.498 Bronze: 1'19.289
[COLOR=DarkOrange]3---1'17.704---benjoi84 r=2.294 (d2/0.258) [/COLOR]
[COLOR=DarkOrange]4---1'18.167---JamCar0ne r=2.513 (d2/-0.306) [/COLOR]

>> Division 3: Par: 1'19.290 Gold: 1'20.151 Silver: 1'21.109 Bronze: 1'22.162
[COLOR=DarkOrange]5---1'20.401---GTP_Eggstor r=3.420 (d3/0.562) [/COLOR]

>> Division 4: Par: 1'22.163 Gold: 1'24.964 Silver: 1'28.077 Bronze: 1'31.502
[COLOR=DarkRed]6---1'25.185-R-Maique r=4.357 (d4/0.000) [/COLOR]


[img]https://www.gtplanet.net/forum/media/20970244935180831-jpg.134103/full[/img]

Handicapped Results:

[COLOR=DarkOrange]1---1'18.070---(-0.51726)---shoenboggie [/COLOR]
[COLOR=DarkOrange]2---1'18.919---(-0.30600)---JamCar0ne [/COLOR]
[COLOR=Blue]3---1'20.152---(0.00037)---Hasnain282 [/COLOR]
[COLOR=DarkOrange]4---1'21.189---(0.25819)---benjoi84 [/COLOR]
[COLOR=DarkOrange]5---1'22.413---(0.56238)---GTP_Eggstor [/COLOR]


(Settings: Weight = 1.000 Squeeze = 1.451 Scoot = 0.695)

[/B]


[COLOR=Darkblue][IMG]https://www.gtplanet.net/forum/attachments/greenflag-gif.152575/[/IMG] shows that the replay has been posted and verified.
[IMG]https://www.gtplanet.net/forum/attachments/redflag-gif.152574/[/IMG] shows that the submitted lap turned out to be dirty or doubtful.
[IMG]https://www.gtplanet.net/forum/attachments/blackflag-gif.152573/[/IMG] shows that the replay has was found to be invalid.[/COLOR]

[COLOR=Black][B]Replay Checking:[/B][/COLOR][COLOR=Darkblue]

[LIST=1]
[*]It is customary for all participants of the WRS to verify each others submitted replays
[*]Once you have checked the replay, post in this thread to say that you have checked it and whether it's clean, dirty or doesn't meet the required race specifications
[*]When verifying a replay, check against this weeks race specification, check that the tyres are the correct compound and that the power and weight is correct for example
[*]If you are unsure about a replay, always seek a second opinion before posting
[/LIST][/COLOR]

