

[CENTER]

[COLOR=Black][SIZE=6][B]:: GTP_Weekly Race Series ::[/B][/SIZE][/COLOR]

[IMG]https://www.gtplanet.net/forum/media/wrs_tt_gt7_main-png.124241/full[/IMG]


[COLOR=Black][SIZE=6][B][U]Week 22 (Official): Spa Super Formula Grand Prix[/U][/B][/SIZE][/COLOR]
[COLOR=Black][SIZE=6][B][U]Results[/U][/B][/SIZE][/COLOR]

[IMG]https://www.gtplanet.net/forum/media/circuit-de-spa-francorchamps__6-jpeg.130889/full[/IMG]

[SIZE=6][COLOR=Black][B][U]Time Trial in Arcade Mode[/U][/B][/COLOR][/SIZE]

[IMG]https://www.gtplanet.net/forum/media/circuit-de-spa-francorchamps__1-jpeg.130884/full[/IMG]

[COLOR=Black][SIZE=6][U][B]Super Formula SF19 / Toyota '19 or Honda '19[/B][/U][/SIZE][/COLOR]

[IMG]https://www.gtplanet.net/forum/media/circuit-de-spa-francorchamps__10-jpeg.130893/full[/IMG]

[SIZE=6][COLOR=Black][B][U]Circuit de Spa Francorchamps - Full Course[/U][/B][/COLOR][/SIZE]
[/CENTER]

[COLOR=Black][B]Steward's Comments:[/B][/COLOR]
[COLOR=Darkblue]
Good job everyone!

Cheers,

OLR Team.
[/COLOR]

[COLOR=Black][B]Sharing Your Replay:
[LIST][*]Go to Your Library, locate your Submitted Best Lap Replay, and share it using the in game menu features.
[*]Be sure to share your replay PUBLICLY for verification, so that any member may find it.
[*]When sharing your replay this week, please use the following share tags to make your replay easy for other members to locate
[LIST][*]gtpwrs022, essentials, pineapple[/LIST]
[/LIST][/COLOR][COLOR=Darkblue]This thread will be listed as "Provisional" and will become "Official" once all posted replays have been verified.
Disqualification isn't taken lightly within the WRS.[/COLOR]
[COLOR=Red][B]Drivers who do not have a submitted lap posted in the results are not to post any information related to a laptime they might have achieved in the results thread. Any such posts will have the times removed.[/B][/COLOR]

[B]

Division 1:

[COLOR=Blue]1---1'51.475-R-StigsTC  (Verified) [IMG]https://www.gtplanet.net/forum/attachments/greenflag-gif.152575/[/IMG][/COLOR]
[COLOR=Blue]2---1'52.338---Hasnain282  (Verified) [IMG]https://www.gtplanet.net/forum/attachments/greenflag-gif.152575/[/IMG][/COLOR]
[COLOR=Blue]3---1'52.807-R-BobHildalgo  (Verified) [IMG]https://www.gtplanet.net/forum/attachments/greenflag-gif.152575/[/IMG][/COLOR]
[COLOR=Blue]4---1'53.111---Mysteron71   [/COLOR]

Division 2:

[COLOR=DarkOrange]1---1'53.079---half_sourly  (Verified) [IMG]https://www.gtplanet.net/forum/attachments/greenflag-gif.152575/[/IMG][/COLOR]
[COLOR=DarkOrange]2---1'53.413-R-Speedy6543  (Verified) [IMG]https://www.gtplanet.net/forum/attachments/greenflag-gif.152575/[/IMG][/COLOR]
[COLOR=DarkOrange]3---1'53.790-R-xxpkslayer   [/COLOR]

Division 3:

[COLOR=Magenta]1---1'54.713---Allibubba99  (Verified) [IMG]https://www.gtplanet.net/forum/attachments/greenflag-gif.152575/[/IMG][/COLOR]
[COLOR=Magenta]2---1'55.257---GTP_Eggstor   [/COLOR]
[COLOR=Magenta]3---2'03.466---DonNerazzurri666  (Verified) [IMG]https://www.gtplanet.net/forum/attachments/greenflag-gif.152575/[/IMG][/COLOR]

Division 4:

[COLOR=DarkRed]1---1'58.123-R-TRiP_Drifter   [/COLOR]

[img]https://www.gtplanet.net/forum/media/circuit-de-spa-francorchamps__17-jpeg.130900/full[/img]

Overall Results:

[COLOR=Blue]1---1'51.475-R-StigsTC r=0.032 (d1/0.000) [/COLOR]
[COLOR=Blue]2---1'52.338---Hasnain282 r=0.985 (d1/-0.036) [/COLOR]

>> Division 1: Par: 1'52.352 Gold: 1'52.654 Silver: 1'52.989 Bronze: 1'53.358
[COLOR=Blue]3---1'52.807-R-BobHildalgo r=1.486 (d1/-1.229) [/COLOR]
[COLOR=DarkOrange]4---1'53.079---half_sourly r=1.748 (d1/-0.558) [/COLOR]
[COLOR=Blue]5---1'53.111---Mysteron71 r=1.777 (d1/-0.210) [/COLOR]

>> Division 2: Par: 1'53.359 Gold: 1'53.812 Silver: 1'54.315 Bronze: 1'54.869
[COLOR=DarkOrange]6---1'53.413-R-Speedy6543 r=2.040 (d2/-0.292) [/COLOR]
[COLOR=DarkOrange]7---1'53.790-R-xxpkslayer r=2.317 (d2/0.000) [/COLOR]
[COLOR=Magenta]8---1'54.713---Allibubba99 r=2.906 (d2/-0.187) [/COLOR]

>> Division 3: Par: 1'54.870 Gold: 1'55.474 Silver: 1'56.145 Bronze: 1'56.884
[COLOR=Magenta]9---1'55.257---GTP_Eggstor r=3.214 (d3/0.318) [/COLOR]

>> Division 4: Par: 1'56.885 Gold: 1'58.848 Silver: 2'01.031 Bronze: 2'03.431
[COLOR=DarkRed]10--1'58.123-R-TRiP_Drifter r=4.210 (d4/1.045) [/COLOR]

>> Division 5: Par: 2'03.432 Gold: 2'05.547 Silver: 2'07.897 Bronze: 2'10.482
[COLOR=Magenta]11--2'03.466---DonNerazzurri666 r=4.999 (d5/1.144) [/COLOR]


[img]https://www.gtplanet.net/forum/media/circuit-de-spa-francorchamps__11-jpeg.130894/full[/img]

Handicapped Results:

[COLOR=DarkOrange]1---1'53.899---(-0.55844)---half_sourly [/COLOR]
[COLOR=Blue]2---1'54.882---(-0.20959)---Mysteron71 [/COLOR]
[COLOR=Magenta]3---1'54.946---(-0.18689)---Allibubba99 [/COLOR]
[COLOR=Blue]4---1'55.373---(-0.03562)---Hasnain282 [/COLOR]
[COLOR=Magenta]5---1'56.370---(0.31796)---GTP_Eggstor [/COLOR]
[COLOR=Magenta]6---1'58.699---(1.14377)---DonNerazzurri666 [/COLOR]


(Settings: Weight = 1.000 Squeeze = 1.430 Scoot = 0.903)

[/B]


[COLOR=Darkblue][IMG]https://www.gtplanet.net/forum/attachments/greenflag-gif.152575/[/IMG] shows that the replay has been posted and verified.
[IMG]https://www.gtplanet.net/forum/attachments/redflag-gif.152574/[/IMG] shows that the submitted lap turned out to be dirty or doubtful.
[IMG]https://www.gtplanet.net/forum/attachments/blackflag-gif.152573/[/IMG] shows that the replay has was found to be invalid.[/COLOR]

[COLOR=Black][B]Replay Checking:[/B][/COLOR][COLOR=Darkblue]

[LIST=1]
[*]It is customary for all participants of the WRS to verify each others submitted replays
[*]Once you have checked the replay, post in this thread to say that you have checked it and whether it's clean, dirty or doesn't meet the required race specifications
[*]When verifying a replay, check against this weeks race specification, check that the tyres are the correct compound and that the power and weight is correct for example
[*]If you are unsure about a replay, always seek a second opinion before posting
[/LIST][/COLOR]

