

[CENTER]

[COLOR=Black][SIZE=6][B]:: GTP_Weekly Race Series ::[/B][/SIZE][/COLOR]

[IMG]https://www.gtplanet.net/forum/media/wrs_tt_gt7_main-png.124241/full[/IMG]


[COLOR=Black][SIZE=6][B][U]Week 19 (Official): Lancer in the Rain[/U][/B][/SIZE][/COLOR]
[COLOR=Black][SIZE=6][B][U]Results[/U][/B][/SIZE][/COLOR]

[IMG]https://www.gtplanet.net/forum/media/20970359752190458-jpg.130311/full[/IMG]

[SIZE=6][COLOR=Black][B][U]Time Trial in Arcade Mode[/U][/B][/COLOR][/SIZE]

[IMG]https://www.gtplanet.net/forum/media/20970710524946334-jpg.130313/full[/IMG]

[COLOR=Black][SIZE=6][U][B]Mitsubishi Lancer Evolution Final '15[/B][/U][/SIZE][/COLOR]

[IMG]https://www.gtplanet.net/forum/media/20970783104090884-jpg.130314/full[/IMG]

[SIZE=6][COLOR=Black][B][U]Tokyo Expressway - Central Clockwise[/U][/B][/COLOR][/SIZE]
[/CENTER]

[COLOR=Black][B]Steward's Comments:[/B][/COLOR]
[COLOR=Darkblue]
Good job everyone!

Cheers,

OLR Team.
[/COLOR]

[COLOR=Black][B]Sharing Your Replay:
[LIST][*]Go to Your Library, locate your Submitted Best Lap Replay, and share it using the in game menu features.
[*]Be sure to share your replay PUBLICLY for verification, so that any member may find it.
[*]When sharing your replay this week, please use the following share tags to make your replay easy for other members to locate
[LIST][*]gtpwrs019, essentials, pineapple[/LIST]
[/LIST][/COLOR][COLOR=Darkblue]This thread will be listed as "Provisional" and will become "Official" once all posted replays have been verified.
Disqualification isn't taken lightly within the WRS.[/COLOR]
[COLOR=Red][B]Drivers who do not have a submitted lap posted in the results are not to post any information related to a laptime they might have achieved in the results thread. Any such posts will have the times removed.[/B][/COLOR]

[B]

Division 1:

[COLOR=Blue]1---1'34.647---Hasnain282  (Verified) [IMG]https://www.gtplanet.net/forum/attachments/greenflag-gif.152575/[/IMG][/COLOR]

Division 2:

[COLOR=DarkOrange]1---1'34.517---shoenboggie   [/COLOR]
[COLOR=DarkOrange]2---1'34.584---tarnheld   [/COLOR]
[COLOR=DarkOrange]3---1'37.312-R-TRiP_Drifter   [/COLOR]
[COLOR=DarkOrange]4---1'39.858-R-Gavens1976   [/COLOR]

Division 3:

[COLOR=Magenta]1---1'34.746---GTP_Eggstor  (Verified) [IMG]https://www.gtplanet.net/forum/attachments/greenflag-gif.152575/[/IMG][/COLOR]
[COLOR=Magenta]2---1'36.510---JamCar0ne  (Verified) [IMG]https://www.gtplanet.net/forum/attachments/greenflag-gif.152575/[/IMG][/COLOR]
[COLOR=Magenta]3---1'45.641-R-Askorbiini  (Verified) [IMG]https://www.gtplanet.net/forum/attachments/greenflag-gif.152575/[/IMG][/COLOR]

[img]https://www.gtplanet.net/forum/media/20970525511700539-jpg.130312/full[/img]

Overall Results:


>> Division 1: Par: 1'33.234 Gold: 1'34.143 Silver: 1'35.154 Bronze: 1'36.266
[COLOR=DarkOrange]1---1'34.517---shoenboggie r=1.457 (d1/-1.064) [/COLOR]
[COLOR=DarkOrange]2---1'34.584---tarnheld r=1.479 (d1/-0.691) [/COLOR]
[COLOR=Blue]3---1'34.647---Hasnain282 r=1.500 (d1/0.479) [/COLOR]
[COLOR=Magenta]4---1'34.746---GTP_Eggstor r=1.532 (d1/-1.704) [/COLOR]

>> Division 2: Par: 1'36.267 Gold: 1'37.631 Silver: 1'39.148 Bronze: 1'40.816
[COLOR=Magenta]5---1'36.510---JamCar0ne r=2.059 (d2/-1.005) [/COLOR]
[COLOR=DarkOrange]6---1'37.312-R-TRiP_Drifter r=2.255 (d2/-1.224) [/COLOR]
[COLOR=DarkOrange]7---1'39.858-R-Gavens1976 r=2.809 (d2/-2.025) [/COLOR]

>> Division 3: Par: 1'40.817 Gold: 1'42.637 Silver: 1'44.659 Bronze: 1'46.883
[COLOR=Magenta]8---1'45.641-R-Askorbiini r=3.814 (d3/-0.278) [/COLOR]


[img]https://www.gtplanet.net/forum/media/20970937865446388-jpg.130316/full[/img]

Handicapped Results:

[COLOR=Magenta]1---1'28.160---(-1.70434)---GTP_Eggstor [/COLOR]
[COLOR=DarkOrange]2---1'33.603---(-1.06356)---shoenboggie [/COLOR]
[COLOR=Magenta]3---1'34.098---(-1.00522)---JamCar0ne [/COLOR]
[COLOR=DarkOrange]4---1'36.765---(-0.69130)---tarnheld [/COLOR]
[COLOR=Blue]5---1'46.708---(0.47934)---Hasnain282 [/COLOR]


(Settings: Weight = 1.000 Squeeze = 4.000 Scoot = -0.250)

[/B]


[COLOR=Darkblue][IMG]https://www.gtplanet.net/forum/attachments/greenflag-gif.152575/[/IMG] shows that the replay has been posted and verified.
[IMG]https://www.gtplanet.net/forum/attachments/redflag-gif.152574/[/IMG] shows that the submitted lap turned out to be dirty or doubtful.
[IMG]https://www.gtplanet.net/forum/attachments/blackflag-gif.152573/[/IMG] shows that the replay has was found to be invalid.[/COLOR]

[COLOR=Black][B]Replay Checking:[/B][/COLOR][COLOR=Darkblue]

[LIST=1]
[*]It is customary for all participants of the WRS to verify each others submitted replays
[*]Once you have checked the replay, post in this thread to say that you have checked it and whether it's clean, dirty or doesn't meet the required race specifications
[*]When verifying a replay, check against this weeks race specification, check that the tyres are the correct compound and that the power and weight is correct for example
[*]If you are unsure about a replay, always seek a second opinion before posting
[/LIST][/COLOR]

