

[CENTER]

[COLOR=Black][SIZE=6][B]:: GTP_Weekly Race Series ::[/B][/SIZE][/COLOR]


[IMG]https://www.gtplanet.net/forum/media/wrs_tt_gt7_main-png.124241/full[/IMG]

[COLOR=Black][SIZE=6][B][U]Week 12 (Official): SWIFT FUJI[/U][/B][/SIZE][/COLOR]
[COLOR=Black][SIZE=6][B][U]Results[/U][/B][/SIZE][/COLOR]

[IMG]https://www.gtplanet.net/forum/media/fuji-international-speedway__9-jpeg.128543/full[/IMG]

[SIZE=6][COLOR=Black][B][U]Time Trial in Arcade Mode[/U][/B][/COLOR][/SIZE]

[IMG]https://www.gtplanet.net/forum/media/fuji-international-speedway__7-jpeg.128541/full[/IMG]

[COLOR=Black][SIZE=6][U][B]Suzuki Swift Sport Gr.4[/B][/U][/SIZE][/COLOR]

[IMG]https://www.gtplanet.net/forum/media/fuji-international-speedway__5-jpeg.128539/full[/IMG]

[SIZE=6][COLOR=Black][B][U]Fuji International Speedway[/U][/B][/COLOR][/SIZE]
[/CENTER]

[COLOR=Black][B]Steward's Comments:[/B][/COLOR]
[COLOR=Darkblue]
Good job everyone!

Cheers,

OLR Team.
[/COLOR]

[COLOR=Black][B]Sharing Your Replay:
[LIST][*]Go to Your Library, locate your Submitted Best Lap Replay, and share it using the in game menu features.
[*]Be sure to share your replay PUBLICLY for verification, so that any member may find it.
[*]When sharing your replay this week, please use the following share tags to make your replay easy for other members to locate
[LIST][*]gtpwrs012, essentials, pineapple[/LIST]
[/LIST][/COLOR][COLOR=Darkblue]This thread will be listed as "Provisional" and will become "Official" once all posted replays have been verified.
Disqualification isn't taken lightly within the WRS.[/COLOR]
[COLOR=Red][B]Drivers who do not have a submitted lap posted in the results are not to post any information related to a laptime they might have achieved in the results thread. Any such posts will have the times removed.[/B][/COLOR]

[B]

Division 1:

[COLOR=Blue]1---1'44.095---Hasnain282  (Verified) [IMG]https://www.gtplanet.net/forum/attachments/greenflag-gif.152575/[/IMG][/COLOR]
[COLOR=Blue]2---1'44.543---boabdulrahman  (Verified) [IMG]https://www.gtplanet.net/forum/attachments/greenflag-gif.152575/[/IMG][/COLOR]

Division 2:

[COLOR=DarkOrange]1---1'44.752---colinnola  (Verified) [IMG]https://www.gtplanet.net/forum/attachments/greenflag-gif.152575/[/IMG][/COLOR]
[COLOR=DarkOrange]2---1'45.047---RuddRacer  (Verified) [IMG]https://www.gtplanet.net/forum/attachments/greenflag-gif.152575/[/IMG][/COLOR]
[COLOR=DarkOrange]3---1'45.058-R-Mysteron71  (Verified) [IMG]https://www.gtplanet.net/forum/attachments/greenflag-gif.152575/[/IMG][/COLOR]
[COLOR=DarkOrange]4---1'46.220---shoenboggie   [/COLOR]

Division 3:

[COLOR=Magenta]1---1'44.875---JamCar0ne  (Verified) [IMG]https://www.gtplanet.net/forum/attachments/greenflag-gif.152575/[/IMG][/COLOR]
[COLOR=Magenta]2---1'45.292---Allibubba99  (Verified) [IMG]https://www.gtplanet.net/forum/attachments/greenflag-gif.152575/[/IMG][/COLOR]
[COLOR=Magenta]3---1'45.663-R-GTP_Frank  (Verified) [IMG]https://www.gtplanet.net/forum/attachments/greenflag-gif.152575/[/IMG][/COLOR]
[COLOR=Magenta]4---1'46.077---GTP_Eggstor   [/COLOR]
[COLOR=Magenta]5---1'46.497---GTP_DGiant2000   [/COLOR]
[COLOR=Magenta]6---1'46.699---DonNerazzurri666   [/COLOR]

Division 4:

[COLOR=DarkRed]1---1'48.082-R-GTP_Steven  (Verified) [IMG]https://www.gtplanet.net/forum/attachments/greenflag-gif.152575/[/IMG][/COLOR]

[img]https://www.gtplanet.net/forum/media/fuji-international-speedway__8-jpeg.128542/full[/img]

Overall Results:


>> Division 1: Par: 1'43.983 Gold: 1'44.165 Silver: 1'44.367 Bronze: 1'44.590
[COLOR=Blue]1---1'44.095---Hasnain282 r=1.205 (d1/0.011) [/COLOR]
[COLOR=Blue]2---1'44.543---boabdulrahman r=1.930 (d1/-0.028) [/COLOR]

>> Division 2: Par: 1'44.591 Gold: 1'44.864 Silver: 1'45.169 Bronze: 1'45.504
[COLOR=DarkOrange]3---1'44.752---colinnola r=2.197 (d2/-0.598) [/COLOR]
[COLOR=Magenta]4---1'44.875---JamCar0ne r=2.345 (d2/-1.000) [/COLOR]
[COLOR=DarkOrange]5---1'45.047---RuddRacer r=2.533 (d2/0.355) [/COLOR]
[COLOR=DarkOrange]6---1'45.058-R-Mysteron71 r=2.545 (d2/0.471) [/COLOR]
[COLOR=Magenta]7---1'45.292---Allibubba99 r=2.789 (d2/-0.608) [/COLOR]

>> Division 3: Par: 1'45.505 Gold: 1'45.869 Silver: 1'46.275 Bronze: 1'46.721
[COLOR=Magenta]8---1'45.663-R-GTP_Frank r=3.145 (d3/-0.185) [/COLOR]
[COLOR=Magenta]9---1'46.077---GTP_Eggstor r=3.504 (d3/-0.174) [/COLOR]
[COLOR=DarkOrange]10--1'46.220---shoenboggie r=3.622 (d3/1.101) [/COLOR]
[COLOR=Magenta]11--1'46.497---GTP_DGiant2000 r=3.833 (d3/0.572) [/COLOR]
[COLOR=Magenta]12--1'46.699---DonNerazzurri666 r=3.984 (d3/0.085) [/COLOR]

>> Division 4: Par: 1'46.722 Gold: 1'47.909 Silver: 1'49.227 Bronze: 1'50.678
[COLOR=DarkRed]13--1'48.082-R-GTP_Steven r=4.377 (d4/0.000) [/COLOR]

[COLOR=Lime]Q---(No Replay)---stann_oz66 [IMG]https://www.gtplanet.net/forum/attachments/blackflag-gif.152573/[/IMG] [/COLOR]

[img]https://www.gtplanet.net/forum/media/fuji-international-speedway_-jpeg.128534/full[/img]

Handicapped Results:

[COLOR=Magenta]1---1'44.165---(-0.99967)---JamCar0ne [/COLOR]
[COLOR=Magenta]2---1'44.832---(-0.60800)---Allibubba99 [/COLOR]
[COLOR=DarkOrange]3---1'44.849---(-0.59842)---colinnola [/COLOR]
[COLOR=Magenta]4---1'45.571---(-0.17433)---GTP_Eggstor [/COLOR]
[COLOR=Blue]5---1'45.820---(-0.02847)---boabdulrahman [/COLOR]
[COLOR=Blue]6---1'45.887---(0.01104)---Hasnain282 [/COLOR]
[COLOR=Magenta]7---1'46.013---(0.08473)---DonNerazzurri666 [/COLOR]
[COLOR=DarkOrange]8---1'46.474---(0.35531)---RuddRacer [/COLOR]
[COLOR=Magenta]9---1'46.843---(0.57183)---GTP_DGiant2000 [/COLOR]
[COLOR=DarkOrange]10--1'47.745---(1.10130)---shoenboggie [/COLOR]


(Settings: Weight = 1.000 Squeeze = 1.661 Scoot = -0.093)

[/B]


[COLOR=Darkblue][IMG]https://www.gtplanet.net/forum/attachments/greenflag-gif.152575/[/IMG] shows that the replay has been posted and verified.
[IMG]https://www.gtplanet.net/forum/attachments/redflag-gif.152574/[/IMG] shows that the submitted lap turned out to be dirty or doubtful.
[IMG]https://www.gtplanet.net/forum/attachments/blackflag-gif.152573/[/IMG] shows that the replay has was found to be invalid.[/COLOR]

[COLOR=Black][B]Replay Checking:[/B][/COLOR][COLOR=Darkblue]

[LIST=1]
[*]It is customary for all participants of the WRS to verify each others submitted replays
[*]Once you have checked the replay, post in this thread to say that you have checked it and whether it's clean, dirty or doesn't meet the required race specifications
[*]When verifying a replay, check against this weeks race specification, check that the tyres are the correct compound and that the power and weight is correct for example
[*]If you are unsure about a replay, always seek a second opinion before posting
[/LIST][/COLOR]

