

[CENTER]

[COLOR=Black][SIZE=6][B]:: GTP_Weekly Race Series ::[/B][/SIZE][/COLOR]


[IMG]https://www.gtplanet.net/forum/media/wrs_tt_gt7_main-png.124241/full[/IMG]

[COLOR=Black][SIZE=6][B][U]Week 14 (Official): Deep in the Forest of Oversteer[/U][/B][/SIZE][/COLOR]
[COLOR=Black][SIZE=6][B][U]Results[/U][/B][/SIZE][/COLOR]

[IMG]https://www.gtplanet.net/forum/media/20970742139253995-jpg.129122/full[/IMG]

[SIZE=6][COLOR=Black][B][U]Time Trial in Arcade Mode[/U][/B][/COLOR][/SIZE]

[IMG]https://www.gtplanet.net/forum/media/20970237941990991-jpg.129123/full[/IMG]

[COLOR=Black][SIZE=6][U][B]BMW M3 '03[/B][/U][/SIZE][/COLOR]

[IMG]https://www.gtplanet.net/forum/media/20970688597420259-jpg.129121/full[/IMG]

[SIZE=6][COLOR=Black][B][U]Deep Forest Raceway[/U][/B][/COLOR][/SIZE]
[/CENTER]

[COLOR=Black][B]Steward's Comments:[/B][/COLOR]
[COLOR=Darkblue]
Good job everyone!

Cheers,

OLR Team.
[/COLOR]

[COLOR=Black][B]Sharing Your Replay:
[LIST][*]Go to Your Library, locate your Submitted Best Lap Replay, and share it using the in game menu features.
[*]Be sure to share your replay PUBLICLY for verification, so that any member may find it.
[*]When sharing your replay this week, please use the following share tags to make your replay easy for other members to locate
[LIST][*]gtpwrs014, essentials, pineapple[/LIST]
[/LIST][/COLOR][COLOR=Darkblue]This thread will be listed as "Provisional" and will become "Official" once all posted replays have been verified.
Disqualification isn't taken lightly within the WRS.[/COLOR]
[COLOR=Red][B]Drivers who do not have a submitted lap posted in the results are not to post any information related to a laptime they might have achieved in the results thread. Any such posts will have the times removed.[/B][/COLOR]

[B]

Division 1:

[COLOR=Blue]1---1'41.381---Hasnain282  (Verified) [IMG]https://www.gtplanet.net/forum/attachments/greenflag-gif.152575/[/IMG][/COLOR]
[COLOR=Blue]2---1'41.429---GTP_Jammy  (Verified) [IMG]https://www.gtplanet.net/forum/attachments/greenflag-gif.152575/[/IMG][/COLOR]

Division 2:

[COLOR=DarkOrange]1---1'42.868---Chim_GT3  (Verified) [IMG]https://www.gtplanet.net/forum/attachments/greenflag-gif.152575/[/IMG][/COLOR]
[COLOR=DarkOrange]2---1'42.996---RuddRacer  (Verified) [IMG]https://www.gtplanet.net/forum/attachments/greenflag-gif.152575/[/IMG][/COLOR]
[COLOR=DarkOrange]3---1'43.235---shoenboggie   [/COLOR]
[COLOR=DarkOrange]4---1'43.367-R-half_sourly  (Verified) [IMG]https://www.gtplanet.net/forum/attachments/greenflag-gif.152575/[/IMG][/COLOR]
[COLOR=DarkOrange]5---1'43.513---colinnola   [/COLOR]

Division 3:

[COLOR=Magenta]1---1'43.823---JamCar0ne   [/COLOR]
[COLOR=Magenta]2---1'44.793---GTP_Eggstor  (Verified) [IMG]https://www.gtplanet.net/forum/attachments/greenflag-gif.152575/[/IMG][/COLOR]
[COLOR=Magenta]3---1'44.883-R-stibbz  (Verified) [IMG]https://www.gtplanet.net/forum/attachments/greenflag-gif.152575/[/IMG][/COLOR]
[COLOR=Magenta]4---1'45.156---GTP_DGiant2000   [/COLOR]
[COLOR=Magenta]5---1'47.085---DonNerazzurri666   [/COLOR]

[img]https://www.gtplanet.net/forum/media/20969912949684963-jpg.129118/full[/img]

Overall Results:


>> Division 1: Par: 1'41.127 Gold: 1'41.471 Silver: 1'41.854 Bronze: 1'42.276
[COLOR=Blue]1---1'41.381---Hasnain282 r=1.246 (d1/0.226) [/COLOR]
[COLOR=Blue]2---1'41.429---GTP_Jammy r=1.293 (d1/-0.226) [/COLOR]

>> Division 2: Par: 1'42.277 Gold: 1'42.794 Silver: 1'43.369 Bronze: 1'44.001
[COLOR=DarkOrange]3---1'42.868---Chim_GT3 r=2.376 (d2/-0.033) [/COLOR]
[COLOR=DarkOrange]4---1'42.996---RuddRacer r=2.450 (d2/0.385) [/COLOR]
[COLOR=DarkOrange]5---1'43.235---shoenboggie r=2.589 (d2/0.069) [/COLOR]
[COLOR=DarkOrange]6---1'43.367-R-half_sourly r=2.666 (d2/0.000) [/COLOR]
[COLOR=DarkOrange]7---1'43.513---colinnola r=2.743 (d2/0.071) [/COLOR]
[COLOR=Magenta]8---1'43.823---JamCar0ne r=2.906 (d2/-0.198) [/COLOR]

>> Division 3: Par: 1'44.002 Gold: 1'44.691 Silver: 1'45.458 Bronze: 1'46.301
[COLOR=Magenta]9---1'44.793---GTP_Eggstor r=3.378 (d3/-0.263) [/COLOR]
[COLOR=Magenta]10--1'44.883-R-stibbz r=3.417 (d3/-0.523) [/COLOR]
[COLOR=Magenta]11--1'45.156---GTP_DGiant2000 r=3.535 (d3/0.275) [/COLOR]

>> Division 4: Par: 1'46.302 Gold: 1'48.544 Silver: 1'51.036 Bronze: 1'53.777
[COLOR=Magenta]12--1'47.085---DonNerazzurri666 r=4.116 (d4/0.218) [/COLOR]


[img]https://www.gtplanet.net/forum/media/20970348312196029-jpg.129124/full[/img]

Handicapped Results:

[COLOR=Magenta]1---1'43.843---(-0.26313)---GTP_Eggstor [/COLOR]
[COLOR=Blue]2---1'43.963---(-0.22605)---GTP_Jammy [/COLOR]
[COLOR=Magenta]3---1'44.053---(-0.19811)---JamCar0ne [/COLOR]
[COLOR=DarkOrange]4---1'44.584---(-0.03315)---Chim_GT3 [/COLOR]
[COLOR=DarkOrange]5---1'44.912---(0.06878)---shoenboggie [/COLOR]
[COLOR=DarkOrange]6---1'44.920---(0.07126)---colinnola [/COLOR]
[COLOR=Magenta]7---1'45.391---(0.21759)---DonNerazzurri666 [/COLOR]
[COLOR=Blue]8---1'45.418---(0.22596)---Hasnain282 [/COLOR]
[COLOR=Magenta]9---1'45.575---(0.27466)---GTP_DGiant2000 [/COLOR]
[COLOR=DarkOrange]10--1'45.929---(0.38467)---RuddRacer [/COLOR]


(Settings: Weight = 1.000 Squeeze = 1.380 Scoot = 0.110)

[/B]


[COLOR=Darkblue][IMG]https://www.gtplanet.net/forum/attachments/greenflag-gif.152575/[/IMG] shows that the replay has been posted and verified.
[IMG]https://www.gtplanet.net/forum/attachments/redflag-gif.152574/[/IMG] shows that the submitted lap turned out to be dirty or doubtful.
[IMG]https://www.gtplanet.net/forum/attachments/blackflag-gif.152573/[/IMG] shows that the replay has was found to be invalid.[/COLOR]

[COLOR=Black][B]Replay Checking:[/B][/COLOR][COLOR=Darkblue]

[LIST=1]
[*]It is customary for all participants of the WRS to verify each others submitted replays
[*]Once you have checked the replay, post in this thread to say that you have checked it and whether it's clean, dirty or doesn't meet the required race specifications
[*]When verifying a replay, check against this weeks race specification, check that the tyres are the correct compound and that the power and weight is correct for example
[*]If you are unsure about a replay, always seek a second opinion before posting
[/LIST][/COLOR]

