

[CENTER]

[COLOR=Black][SIZE=6][B]:: GTP_Weekly Race Series ::[/B][/SIZE][/COLOR]

[IMG]https://www.gtplanet.net/forum/media/wrs_tt_gt7_main-png.124241/full[/IMG]


[COLOR=Black][SIZE=6][B][U]Week 33 (Official): Kuba in the X-Bow[/U][/B][/SIZE][/COLOR]
[COLOR=Black][SIZE=6][B][U]Results[/U][/B][/SIZE][/COLOR]

[IMG]https://www.gtplanet.net/forum/media/20970660892954913-jpg.133356/full[/IMG]

[SIZE=6][COLOR=Black][B][U]Time Trial in Arcade Mode[/U][/B][/COLOR][/SIZE]

[IMG]https://www.gtplanet.net/forum/media/20970497671953809-jpg.133355/full[/IMG]

[COLOR=Black][SIZE=6][U][B]KTM X-Bow R 2012[/B][/U][/SIZE][/COLOR]

[IMG]https://www.gtplanet.net/forum/media/20970102281442939-jpg.133354/full[/IMG]

[SIZE=6][COLOR=Black][B][U]Tsukuba Circuit[/U][/B][/COLOR][/SIZE]
[/CENTER]

[COLOR=Black][B]Steward's Comments:[/B][/COLOR]
[COLOR=Darkblue]
Good job everyone!

Cheers,

OLR Team.
[/COLOR]

[COLOR=Black][B]Sharing Your Replay:
[LIST][*]Go to Your Library, locate your Submitted Best Lap Replay, and share it using the in game menu features.
[*]Be sure to share your replay PUBLICLY for verification, so that any member may find it.
[*]When sharing your replay this week, please use the following share tags to make your replay easy for other members to locate
[LIST][*]gtpwrs033, essentials, pineapple[/LIST]
[/LIST][/COLOR][COLOR=Darkblue]This thread will be listed as "Provisional" and will become "Official" once all posted replays have been verified.
Disqualification isn't taken lightly within the WRS.[/COLOR]
[COLOR=Red][B]Drivers who do not have a submitted lap posted in the results are not to post any information related to a laptime they might have achieved in the results thread. Any such posts will have the times removed.[/B][/COLOR]

[B]

Division 1:

[COLOR=Blue]1---1'00.421---Hasnain282  (Verified) [IMG]https://www.gtplanet.net/forum/attachments/greenflag-gif.152575/[/IMG][/COLOR]
[COLOR=Blue]2---1'00.578-R-GTP_EDK  (Verified) [IMG]https://www.gtplanet.net/forum/attachments/greenflag-gif.152575/[/IMG][/COLOR]
[COLOR=Blue]3---1'00.662---half_sourly  (Verified) [IMG]https://www.gtplanet.net/forum/attachments/greenflag-gif.152575/[/IMG][/COLOR]

Division 2:

[COLOR=DarkOrange]1---1'00.869---shoenboggie  (Verified) [IMG]https://www.gtplanet.net/forum/attachments/greenflag-gif.152575/[/IMG][/COLOR]
[COLOR=DarkOrange]2---1'01.044---benjoi84  (Verified) [IMG]https://www.gtplanet.net/forum/attachments/greenflag-gif.152575/[/IMG][/COLOR]
[COLOR=DarkOrange]3---1'01.557---JamCar0ne  (Verified) [IMG]https://www.gtplanet.net/forum/attachments/greenflag-gif.152575/[/IMG][/COLOR]
[COLOR=DarkOrange]4---1'01.681---tmtkview   [/COLOR]

[img]https://www.gtplanet.net/forum/media/20970979838206815-jpg.133357/full[/img]

Overall Results:


>> Division 1: Par: 1'00.412 Gold: 1'00.555 Silver: 1'00.714 Bronze: 1'00.890
[COLOR=Blue]1---1'00.421---Hasnain282 r=1.021 (d1/0.004) [/COLOR]
[COLOR=Blue]2---1'00.578-R-GTP_EDK r=1.382 (d1/-0.501) [/COLOR]
[COLOR=Blue]3---1'00.662---half_sourly r=1.558 (d1/-0.293) [/COLOR]
[COLOR=DarkOrange]4---1'00.869---shoenboggie r=1.960 (d1/-0.137) [/COLOR]

>> Division 2: Par: 1'00.891 Gold: 1'01.106 Silver: 1'01.345 Bronze: 1'01.608
[COLOR=DarkOrange]5---1'01.044---benjoi84 r=2.237 (d2/0.103) [/COLOR]
[COLOR=DarkOrange]6---1'01.557---JamCar0ne r=2.935 (d2/0.072) [/COLOR]

>> Division 3: Par: 1'01.609 Gold: 1'01.896 Silver: 1'02.215 Bronze: 1'02.566
[COLOR=DarkOrange]7---1'01.681---tmtkview r=3.084 (d3/0.810) [/COLOR]


[img]https://www.gtplanet.net/forum/media/20969896248828321-jpg.133352/full[/img]

Handicapped Results:

[COLOR=Blue]1---1'01.502---(-0.29348)---half_sourly [/COLOR]
[COLOR=DarkOrange]2---1'01.711---(-0.13738)---shoenboggie [/COLOR]
[COLOR=Blue]3---1'01.900---(0.00352)---Hasnain282 [/COLOR]
[COLOR=DarkOrange]4---1'01.992---(0.07180)---JamCar0ne [/COLOR]
[COLOR=DarkOrange]5---1'02.033---(0.10280)---benjoi84 [/COLOR]
[COLOR=DarkOrange]6---1'02.981---(0.80967)---tmtkview [/COLOR]


(Settings: Weight = 1.000 Squeeze = 2.964 Scoot = 0.102)

[/B]


[COLOR=Darkblue][IMG]https://www.gtplanet.net/forum/attachments/greenflag-gif.152575/[/IMG] shows that the replay has been posted and verified.
[IMG]https://www.gtplanet.net/forum/attachments/redflag-gif.152574/[/IMG] shows that the submitted lap turned out to be dirty or doubtful.
[IMG]https://www.gtplanet.net/forum/attachments/blackflag-gif.152573/[/IMG] shows that the replay has was found to be invalid.[/COLOR]

[COLOR=Black][B]Replay Checking:[/B][/COLOR][COLOR=Darkblue]

[LIST=1]
[*]It is customary for all participants of the WRS to verify each others submitted replays
[*]Once you have checked the replay, post in this thread to say that you have checked it and whether it's clean, dirty or doesn't meet the required race specifications
[*]When verifying a replay, check against this weeks race specification, check that the tyres are the correct compound and that the power and weight is correct for example
[*]If you are unsure about a replay, always seek a second opinion before posting
[/LIST][/COLOR]

