

[CENTER]

[COLOR=Black][SIZE=6][B]:: GTP_Weekly Race Series ::[/B][/SIZE][/COLOR]



[IMG]https://www.gtplanet.net/forum/media/wrs_tt_gt7_main-png.124241/full[/IMG]
[COLOR=Black][SIZE=6][B][U]Week 4 (Official): Mount Shelby[/U][/B][/SIZE][/COLOR]
[COLOR=Black][SIZE=6][B][U]Results[/U][/B][/SIZE][/COLOR]

[IMG]https://www.gtplanet.net/forum/media/gran-turismo%C2%AE-7_20220429222843-jpg.126548/full[/IMG]

[SIZE=6][COLOR=Black][B][U]Time Trial in Arcade Mode[/U][/B][/COLOR][/SIZE]

[IMG]https://www.gtplanet.net/forum/media/gran-turismo%C2%AE-7_20220429223443-jpg.126550/full[/IMG]

[COLOR=Black][SIZE=6][U][B]Ford Shelby GT350R '16[/B][/U][/SIZE][/COLOR]

[IMG]https://www.gtplanet.net/forum/media/gran-turismo%C2%AE-7_20220429223541-jpg.126553/full[/IMG]

[SIZE=6][COLOR=Black][B][U]Trial Mountain[/U][/B][/COLOR][/SIZE]
[/CENTER]

[COLOR=Black][B]Steward's Comments:[/B][/COLOR]
[COLOR=Darkblue]
Good job everyone!

Cheers,

OLR Team.
[/COLOR]

[COLOR=Black][B]Sharing Your Replay:
[LIST][*]Go to Your Library, locate your Submitted Best Lap Replay, and share it using the in game menu features.
[*]Be sure to share your replay PUBLICLY for verification, so that any member may find it.
[*]When sharing your replay this week, please use the following share tags to make your replay easy for other members to locate
[LIST][*]gtpwrs004, essentials, pineapple[/LIST]
[/LIST][/COLOR][COLOR=Darkblue]This thread will be listed as "Provisional" and will become "Official" once all posted replays have been verified.
Disqualification isn't taken lightly within the WRS.[/COLOR]
[COLOR=Red][B]Drivers who do not have a submitted lap posted in the results are not to post any information related to a laptime they might have achieved in the results thread. Any such posts will have the times removed.[/B][/COLOR]

[B]

Division 1:

[COLOR=Blue]1---2'07.130-R-DoodleAM  (Verified) [IMG]https://www.gtplanet.net/forum/attachments/greenflag-gif.152575/[/IMG][/COLOR]
[COLOR=Blue]2---2'08.030---RFLX_Niop  (Verified) [IMG]https://www.gtplanet.net/forum/attachments/greenflag-gif.152575/[/IMG][/COLOR]
[COLOR=Blue]3---2'08.186---GTP_Animera  (Verified) [IMG]https://www.gtplanet.net/forum/attachments/greenflag-gif.152575/[/IMG][/COLOR]
[COLOR=Blue]4---2'08.505---GTP_billyjoebobx  (Verified) [IMG]https://www.gtplanet.net/forum/attachments/greenflag-gif.152575/[/IMG][/COLOR]
[COLOR=Blue]5---2'08.527-R-boabdulrahman   [/COLOR]
[COLOR=Blue]6---2'08.776---Hasnain282   [/COLOR]
[COLOR=Blue]7---2'08.865---TPC_Gooners  (Verified) [IMG]https://www.gtplanet.net/forum/attachments/greenflag-gif.152575/[/IMG][/COLOR]

Division 2:

[COLOR=DarkOrange]1---2'09.367---RuddRacer  (Verified) [IMG]https://www.gtplanet.net/forum/attachments/greenflag-gif.152575/[/IMG][/COLOR]
[COLOR=DarkOrange]1---2'09.367---tarnheld  (Verified) [IMG]https://www.gtplanet.net/forum/attachments/greenflag-gif.152575/[/IMG][/COLOR]
[COLOR=DarkOrange]3---2'09.484---shoenboggie  (Verified) [IMG]https://www.gtplanet.net/forum/attachments/greenflag-gif.152575/[/IMG][/COLOR]
[COLOR=DarkOrange]4---2'10.079-R-Chim_GT3  (Verified) [IMG]https://www.gtplanet.net/forum/attachments/greenflag-gif.152575/[/IMG][/COLOR]
[COLOR=DarkOrange]5---2'10.435---GTP_tzracer   [/COLOR]
[COLOR=DarkOrange]6---2'10.514---Munch2112   [/COLOR]
[COLOR=DarkOrange]7---2'10.538---colinnola   [/COLOR]

Division 3:

[COLOR=Magenta]1---2'12.976---GTP_Eggstor  (Verified) [IMG]https://www.gtplanet.net/forum/attachments/greenflag-gif.152575/[/IMG][/COLOR]

Division 4:

[COLOR=DarkRed]1---2'14.512---DonNerazzurri666  (Verified) [IMG]https://www.gtplanet.net/forum/attachments/greenflag-gif.152575/[/IMG][/COLOR]
[COLOR=DarkRed]2---2'14.539-R-stibbz  (Verified) [IMG]https://www.gtplanet.net/forum/attachments/greenflag-gif.152575/[/IMG][/COLOR]

[img]https://www.gtplanet.net/forum/media/gran-turismo%C2%AE-7_20220429223507-jpg.126551/full[/img]

Overall Results:

[COLOR=Blue]1---2'07.130-R-DoodleAM r=0.484 (d1/0.217) [/COLOR]

>> Division 1: Par: 2'07.718 Gold: 2'08.098 Silver: 2'08.521 Bronze: 2'08.986
[COLOR=Blue]2---2'08.030---RFLX_Niop r=1.274 (d1/-0.109) [/COLOR]
[COLOR=Blue]3---2'08.186---GTP_Animera r=1.403 (d1/-0.101) [/COLOR]
[COLOR=Blue]4---2'08.505---GTP_billyjoebobx r=1.654 (d1/-0.007) [/COLOR]
[COLOR=Blue]5---2'08.527-R-boabdulrahman r=1.671 (d1/0.000) [/COLOR]
[COLOR=Blue]6---2'08.776---Hasnain282 r=1.849 (d1/0.294) [/COLOR]
[COLOR=Blue]7---2'08.865---TPC_Gooners r=1.913 (d1/0.190) [/COLOR]

>> Division 2: Par: 2'08.987 Gold: 2'09.558 Silver: 2'10.192 Bronze: 2'10.890
[COLOR=DarkOrange]8---2'09.367---RuddRacer r=2.222 (d2/-0.046) [/COLOR]
[COLOR=DarkOrange]8---2'09.367---tarnheld r=2.222 (d2/-0.272) [/COLOR]
[COLOR=DarkOrange]10--2'09.484---shoenboggie r=2.290 (d2/-0.235) [/COLOR]
[COLOR=DarkOrange]11--2'10.079-R-Chim_GT3 r=2.607 (d2/0.001) [/COLOR]
[COLOR=DarkOrange]12--2'10.435---GTP_tzracer r=2.783 (d2/0.056) [/COLOR]
[COLOR=DarkOrange]13--2'10.514---Munch2112 r=2.820 (d2/-0.202) [/COLOR]
[COLOR=DarkOrange]14--2'10.538---colinnola r=2.832 (d2/-0.174) [/COLOR]

>> Division 3: Par: 2'10.891 Gold: 2'11.652 Silver: 2'12.498 Bronze: 2'13.429
[COLOR=Magenta]15--2'12.976---GTP_Eggstor r=3.838 (d3/-0.032) [/COLOR]

>> Division 4: Par: 2'13.430 Gold: 2'15.905 Silver: 2'18.655 Bronze: 2'21.680
[COLOR=DarkRed]16--2'14.512---DonNerazzurri666 r=4.146 (d4/0.199) [/COLOR]
[COLOR=DarkRed]17--2'14.539-R-stibbz r=4.149 (d4/0.209) [/COLOR]

[COLOR=Lime]Q---(Off Track)---mrmattsly [IMG]https://www.gtplanet.net/forum/attachments/redflag-gif.152574/[/IMG] [/COLOR]
[COLOR=Lime]Q---(Off Track)---Chrome_PuPXD [IMG]https://www.gtplanet.net/forum/attachments/redflag-gif.152574/[/IMG] [/COLOR]

[img]https://www.gtplanet.net/forum/media/gran-turismo%C2%AE-7_20220429223525-jpg.126552/full[/img]

Handicapped Results:

[COLOR=DarkOrange]1---2'10.686---(-0.27180)---tarnheld [/COLOR]
[COLOR=DarkOrange]2---2'10.815---(-0.23548)---shoenboggie [/COLOR]
[COLOR=DarkOrange]3---2'10.935---(-0.20150)---Munch2112 [/COLOR]
[COLOR=DarkOrange]4---2'11.034---(-0.17373)---colinnola [/COLOR]
[COLOR=Blue]5---2'11.266---(-0.10857)---RFLX_Niop [/COLOR]
[COLOR=Blue]6---2'11.291---(-0.10148)---GTP_Animera [/COLOR]
[COLOR=DarkOrange]7---2'11.487---(-0.04640)---RuddRacer [/COLOR]
[COLOR=Magenta]8---2'11.537---(-0.03224)---GTP_Eggstor [/COLOR]
[COLOR=Blue]9---2'11.627---(-0.00677)---GTP_billyjoebobx [/COLOR]
[COLOR=DarkOrange]10--2'11.850---(0.05582)---GTP_tzracer [/COLOR]
[COLOR=Blue]11--2'12.328---(0.19027)---TPC_Gooners [/COLOR]
[COLOR=DarkRed]12--2'12.358---(0.19891)---DonNerazzurri666 [/COLOR]
[COLOR=Blue]13--2'12.697---(0.29425)---Hasnain282 [/COLOR]


(Settings: Weight = 1.000 Squeeze = 1.847 Scoot = 0.469)

[/B]


[COLOR=Darkblue][IMG]https://www.gtplanet.net/forum/attachments/greenflag-gif.152575/[/IMG] shows that the replay has been posted and verified.
[IMG]https://www.gtplanet.net/forum/attachments/redflag-gif.152574/[/IMG] shows that the submitted lap turned out to be dirty or doubtful.
[IMG]https://www.gtplanet.net/forum/attachments/blackflag-gif.152573/[/IMG] shows that the replay has was found to be invalid.[/COLOR]

[COLOR=Black][B]Replay Checking:[/B][/COLOR][COLOR=Darkblue]

[LIST=1]
[*]It is customary for all participants of the WRS to verify each others submitted replays
[*]Once you have checked the replay, post in this thread to say that you have checked it and whether it's clean, dirty or doesn't meet the required race specifications
[*]When verifying a replay, check against this weeks race specification, check that the tyres are the correct compound and that the power and weight is correct for example
[*]If you are unsure about a replay, always seek a second opinion before posting
[/LIST][/COLOR]

