

[CENTER]

[COLOR=Black][SIZE=6][B]:: GTP_Weekly Race Series ::[/B][/SIZE][/COLOR]


[IMG]https://www.gtplanet.net/forum/media/wrs_tt_gt7_main-png.124241/full[/IMG]

[COLOR=Black][SIZE=6][B][U]Week 10 (Official): Lake Sainte-Croix[/U][/B][/SIZE][/COLOR]
[COLOR=Black][SIZE=6][B][U]Results[/U][/B][/SIZE][/COLOR]

[IMG]https://www.gtplanet.net/forum/media/circuit-de-sainte-croix-b__12-jpeg.128044/full[/IMG]

[SIZE=6][COLOR=Black][B][U]Time Trial in Arcade Mode[/U][/B][/COLOR][/SIZE]

[IMG]https://www.gtplanet.net/forum/media/circuit-de-sainte-croix-b__15-jpeg.128047/full[/IMG]

[COLOR=Black][SIZE=6][U][B]Peugeot RCZ Gr.3 Road Car[/B][/U][/SIZE][/COLOR]

[IMG]https://www.gtplanet.net/forum/media/circuit-de-sainte-croix-b__10-jpeg.128042/full[/IMG]

[SIZE=6][COLOR=Black][B][U]Circuit de Sainte-Croix - Layout B[/U][/B][/COLOR][/SIZE]
[/CENTER]

[COLOR=Black][B]Steward's Comments:[/B][/COLOR]
[COLOR=Darkblue]
Good job everyone!

Cheers,

OLR Team.
[/COLOR]

[COLOR=Black][B]Sharing Your Replay:
[LIST][*]Go to Your Library, locate your Submitted Best Lap Replay, and share it using the in game menu features.
[*]Be sure to share your replay PUBLICLY for verification, so that any member may find it.
[*]When sharing your replay this week, please use the following share tags to make your replay easy for other members to locate
[LIST][*]gtpwrs010, essentials, pineapple[/LIST]
[/LIST][/COLOR][COLOR=Darkblue]This thread will be listed as "Provisional" and will become "Official" once all posted replays have been verified.
Disqualification isn't taken lightly within the WRS.[/COLOR]
[COLOR=Red][B]Drivers who do not have a submitted lap posted in the results are not to post any information related to a laptime they might have achieved in the results thread. Any such posts will have the times removed.[/B][/COLOR]

[B]

Division 1:

[COLOR=Blue]1---2'27.843---Hasnain282  (Verified) [IMG]https://www.gtplanet.net/forum/attachments/greenflag-gif.152575/[/IMG][/COLOR]
[COLOR=Blue]2---2'28.888-R-Rampuss  (Verified) [IMG]https://www.gtplanet.net/forum/attachments/greenflag-gif.152575/[/IMG][/COLOR]

Division 2:

[COLOR=DarkOrange]1---2'29.498---Chim_GT3  (Verified) [IMG]https://www.gtplanet.net/forum/attachments/greenflag-gif.152575/[/IMG][/COLOR]
[COLOR=DarkOrange]2---2'29.629---RuddRacer  (Verified) [IMG]https://www.gtplanet.net/forum/attachments/greenflag-gif.152575/[/IMG][/COLOR]
[COLOR=DarkOrange]3---2'29.687---tarnheld  (Verified) [IMG]https://www.gtplanet.net/forum/attachments/greenflag-gif.152575/[/IMG][/COLOR]
[COLOR=DarkOrange]4---2'30.177---boabdulrahman   [/COLOR]
[COLOR=DarkOrange]5---2'30.785---shoenboggie   [/COLOR]
[COLOR=DarkOrange]6---2'31.238---colinnola   [/COLOR]

Division 3:

[COLOR=Magenta]1---2'31.460-R-stann_oz66  (Verified) [IMG]https://www.gtplanet.net/forum/attachments/greenflag-gif.152575/[/IMG][/COLOR]
[COLOR=Magenta]2---2'31.470---JamCar0ne  (Verified) [IMG]https://www.gtplanet.net/forum/attachments/greenflag-gif.152575/[/IMG][/COLOR]
[COLOR=Magenta]3---2'31.955-R-tmtkview  (Verified) [IMG]https://www.gtplanet.net/forum/attachments/greenflag-gif.152575/[/IMG][/COLOR]
[COLOR=Magenta]4---2'31.979---GTP_DGiant2000   [/COLOR]
[COLOR=Magenta]5---2'31.984---Clemeson  (Verified) [IMG]https://www.gtplanet.net/forum/attachments/greenflag-gif.152575/[/IMG][/COLOR]
[COLOR=Magenta]6---2'33.263---Allibubba99   [/COLOR]
[COLOR=Magenta]7---2'33.591---GTP_Eggstor   [/COLOR]
[COLOR=Magenta]8---2'33.637---DonNerazzurri666   [/COLOR]

[img]https://www.gtplanet.net/forum/media/circuit-de-sainte-croix-b__20-jpeg.128052/full[/img]

Overall Results:

[COLOR=Blue]1---2'27.843---Hasnain282 r=0.560 (d1/-0.947) [/COLOR]

>> Division 1: Par: 2'28.312 Gold: 2'28.667 Silver: 2'29.061 Bronze: 2'29.495
[COLOR=Blue]2---2'28.888-R-Rampuss r=1.520 (d1/0.000) [/COLOR]

>> Division 2: Par: 2'29.496 Gold: 2'30.028 Silver: 2'30.620 Bronze: 2'31.272
[COLOR=DarkOrange]3---2'29.498---Chim_GT3 r=2.001 (d2/-0.566) [/COLOR]
[COLOR=DarkOrange]4---2'29.629---RuddRacer r=2.083 (d2/-0.157) [/COLOR]
[COLOR=DarkOrange]5---2'29.687---tarnheld r=2.120 (d2/-0.283) [/COLOR]
[COLOR=DarkOrange]6---2'30.177---boabdulrahman r=2.417 (d2/0.459) [/COLOR]
[COLOR=DarkOrange]7---2'30.785---shoenboggie r=2.751 (d2/0.231) [/COLOR]
[COLOR=DarkOrange]8---2'31.238---colinnola r=2.983 (d2/0.188) [/COLOR]

>> Division 3: Par: 2'31.273 Gold: 2'31.983 Silver: 2'32.772 Bronze: 2'33.641
[COLOR=Magenta]9---2'31.460-R-stann_oz66 r=3.088 (d3/0.106) [/COLOR]
[COLOR=Magenta]10--2'31.470---JamCar0ne r=3.092 (d3/-0.290) [/COLOR]
[COLOR=Magenta]11--2'31.955-R-tmtkview r=3.320 (d3/0.547) [/COLOR]
[COLOR=Magenta]12--2'31.979---GTP_DGiant2000 r=3.331 (d3/0.071) [/COLOR]
[COLOR=Magenta]13--2'31.984---Clemeson r=3.334 (d3/-0.219) [/COLOR]
[COLOR=Magenta]14--2'33.263---Allibubba99 r=3.855 (d3/0.458) [/COLOR]
[COLOR=Magenta]15--2'33.591---GTP_Eggstor r=3.981 (d3/0.302) [/COLOR]
[COLOR=Magenta]16--2'33.637---DonNerazzurri666 r=3.998 (d3/0.100) [/COLOR]


[img]https://www.gtplanet.net/forum/media/circuit-de-sainte-croix-b__8-jpeg.128040/full[/img]

Handicapped Results:

[COLOR=Blue]1---2'28.842---(-0.94697)---Hasnain282 [/COLOR]
[COLOR=DarkOrange]2---2'30.106---(-0.56592)---Chim_GT3 [/COLOR]
[COLOR=Magenta]3---2'31.021---(-0.28999)---JamCar0ne [/COLOR]
[COLOR=DarkOrange]4---2'31.046---(-0.28252)---tarnheld [/COLOR]
[COLOR=Magenta]5---2'31.255---(-0.21936)---Clemeson [/COLOR]
[COLOR=DarkOrange]6---2'31.463---(-0.15663)---RuddRacer [/COLOR]
[COLOR=Magenta]7---2'32.217---(0.07070)---GTP_DGiant2000 [/COLOR]
[COLOR=Magenta]8---2'32.313---(0.09964)---DonNerazzurri666 [/COLOR]
[COLOR=DarkOrange]9---2'32.605---(0.18762)---colinnola [/COLOR]
[COLOR=DarkOrange]10--2'32.748---(0.23082)---shoenboggie [/COLOR]
[COLOR=Magenta]11--2'32.985---(0.30239)---GTP_Eggstor [/COLOR]
[COLOR=Magenta]12--2'33.501---(0.45795)---Allibubba99 [/COLOR]
[COLOR=DarkOrange]13--2'33.505---(0.45902)---boabdulrahman [/COLOR]


(Settings: Weight = 1.000 Squeeze = 1.364 Scoot = 0.548)

[/B]


[COLOR=Darkblue][IMG]https://www.gtplanet.net/forum/attachments/greenflag-gif.152575/[/IMG] shows that the replay has been posted and verified.
[IMG]https://www.gtplanet.net/forum/attachments/redflag-gif.152574/[/IMG] shows that the submitted lap turned out to be dirty or doubtful.
[IMG]https://www.gtplanet.net/forum/attachments/blackflag-gif.152573/[/IMG] shows that the replay has was found to be invalid.[/COLOR]

[COLOR=Black][B]Replay Checking:[/B][/COLOR][COLOR=Darkblue]

[LIST=1]
[*]It is customary for all participants of the WRS to verify each others submitted replays
[*]Once you have checked the replay, post in this thread to say that you have checked it and whether it's clean, dirty or doesn't meet the required race specifications
[*]When verifying a replay, check against this weeks race specification, check that the tyres are the correct compound and that the power and weight is correct for example
[*]If you are unsure about a replay, always seek a second opinion before posting
[/LIST][/COLOR]

