

[CENTER]

[COLOR=Black][SIZE=6][B]:: GTP_Weekly Race Series ::[/B][/SIZE][/COLOR]


[IMG]https://www.gtplanet.net/forum/media/wrs_tt_gt7_main-png.124241/full[/IMG]

[COLOR=Black][SIZE=6][B][U]Week 18 (Official): SUPRAMAN Revisited[/U][/B][/SIZE][/COLOR]
[COLOR=Black][SIZE=6][B][U]Results[/U][/B][/SIZE][/COLOR]

[IMG]https://www.gtplanet.net/forum/media/trial-mountain-circuit__18-jpeg.129534/full[/IMG]

[SIZE=6][COLOR=Black][B][U]Time Trial in Arcade Mode[/U][/B][/COLOR][/SIZE]

[IMG]https://www.gtplanet.net/forum/media/trial-mountain-circuit__6-jpeg.129522/full[/IMG]

[COLOR=Black][SIZE=6][U][B]Toyota GR Supra Racing Car '19[/B][/U][/SIZE][/COLOR]

[IMG]https://www.gtplanet.net/forum/media/trial-mountain-circuit__4-jpeg.129520/full[/IMG]

[SIZE=6][COLOR=Black][B][U]Trial Mountain[/U][/B][/COLOR][/SIZE]
[/CENTER]

[COLOR=Black][B]Steward's Comments:[/B][/COLOR]
[COLOR=Darkblue]
Good job everyone!

Cheers,

OLR Team.
[/COLOR]

[COLOR=Black][B]Sharing Your Replay:
[LIST][*]Go to Your Library, locate your Submitted Best Lap Replay, and share it using the in game menu features.
[*]Be sure to share your replay PUBLICLY for verification, so that any member may find it.
[*]When sharing your replay this week, please use the following share tags to make your replay easy for other members to locate
[LIST][*]gtpwrs018, essentials, pineapple[/LIST]
[/LIST][/COLOR][COLOR=Darkblue]This thread will be listed as "Provisional" and will become "Official" once all posted replays have been verified.
Disqualification isn't taken lightly within the WRS.[/COLOR]
[COLOR=Red][B]Drivers who do not have a submitted lap posted in the results are not to post any information related to a laptime they might have achieved in the results thread. Any such posts will have the times removed.[/B][/COLOR]

[B]

Division 1:

[COLOR=Blue]1---1'57.102---Hasnain282   [/COLOR]
[COLOR=Blue]2---1'58.068-R-Nebuc72  (Verified) [IMG]https://www.gtplanet.net/forum/attachments/greenflag-gif.152575/[/IMG][/COLOR]

Division 2:

[COLOR=DarkOrange]1---1'57.763---Mysteron71  (Verified) [IMG]https://www.gtplanet.net/forum/attachments/greenflag-gif.152575/[/IMG][/COLOR]
[COLOR=DarkOrange]2---1'58.861---RuddRacer  (Verified) [IMG]https://www.gtplanet.net/forum/attachments/greenflag-gif.152575/[/IMG][/COLOR]
[COLOR=DarkOrange]3---1'58.936---half_sourly  (Verified) [IMG]https://www.gtplanet.net/forum/attachments/greenflag-gif.152575/[/IMG][/COLOR]
[COLOR=DarkOrange]4---2'00.428-R-BlazinDragon   [/COLOR]

Division 3:

[COLOR=Magenta]1---1'59.905---GTP_Eggstor  (Verified) [IMG]https://www.gtplanet.net/forum/attachments/greenflag-gif.152575/[/IMG][/COLOR]
[COLOR=Magenta]2---2'00.473---Allibubba99  (Verified) [IMG]https://www.gtplanet.net/forum/attachments/greenflag-gif.152575/[/IMG][/COLOR]
[COLOR=Magenta]3---2'02.665-R-TRiP_Drifter   [/COLOR]
[COLOR=Magenta]4---2'03.630---stibbz  (Verified) [IMG]https://www.gtplanet.net/forum/attachments/greenflag-gif.152575/[/IMG][/COLOR]
[COLOR=Magenta]5---2'05.237---DonNerazzurri666   [/COLOR]

Division 4:

[COLOR=DarkRed]1---2'04.433-R-Askorbiini  (Verified) [IMG]https://www.gtplanet.net/forum/attachments/greenflag-gif.152575/[/IMG][/COLOR]

[img]https://www.gtplanet.net/forum/media/trial-mountain-circuit__17-jpeg.129533/full[/img]

Overall Results:


>> Division 1: Par: 1'56.615 Gold: 1'57.101 Silver: 1'57.643 Bronze: 1'58.238
[COLOR=Blue]1---1'57.102---Hasnain282 r=1.334 (d1/0.314) [/COLOR]
[COLOR=DarkOrange]2---1'57.763---Mysteron71 r=1.734 (d1/-0.317) [/COLOR]
[COLOR=Blue]3---1'58.068-R-Nebuc72 r=1.905 (d1/0.000) [/COLOR]

>> Division 2: Par: 1'58.239 Gold: 1'58.969 Silver: 1'59.781 Bronze: 2'00.673
[COLOR=DarkOrange]4---1'58.861---RuddRacer r=2.284 (d2/0.236) [/COLOR]
[COLOR=DarkOrange]5---1'58.936---half_sourly r=2.318 (d2/-0.224) [/COLOR]
[COLOR=Magenta]6---1'59.905---GTP_Eggstor r=2.713 (d2/-0.813) [/COLOR]
[COLOR=DarkOrange]7---2'00.428-R-BlazinDragon r=2.908 (d2/0.690) [/COLOR]
[COLOR=Magenta]8---2'00.473---Allibubba99 r=2.925 (d2/-0.348) [/COLOR]

>> Division 3: Par: 2'00.674 Gold: 2'01.648 Silver: 2'02.730 Bronze: 2'03.921
[COLOR=Magenta]9---2'02.665-R-TRiP_Drifter r=3.647 (d3/0.000) [/COLOR]
[COLOR=Magenta]10--2'03.630---stibbz r=3.919 (d3/0.277) [/COLOR]

>> Division 4: Par: 2'03.922 Gold: 2'07.087 Silver: 2'10.605 Bronze: 2'14.475
[COLOR=DarkRed]11--2'04.433-R-Askorbiini r=4.054 (d4/-0.097) [/COLOR]
[COLOR=Magenta]12--2'05.237---DonNerazzurri666 r=4.138 (d4/0.283) [/COLOR]


[img]https://www.gtplanet.net/forum/media/trial-mountain-circuit__15-jpeg.129531/full[/img]

Handicapped Results:

[COLOR=Magenta]1---1'57.952---(-0.81270)---GTP_Eggstor [/COLOR]
[COLOR=Magenta]2---2'00.063---(-0.34840)---Allibubba99 [/COLOR]
[COLOR=DarkOrange]3---2'00.205---(-0.31716)---Mysteron71 [/COLOR]
[COLOR=DarkOrange]4---2'00.629---(-0.22409)---half_sourly [/COLOR]
[COLOR=DarkOrange]5---2'02.722---(0.23622)---RuddRacer [/COLOR]
[COLOR=Magenta]6---2'02.905---(0.27652)---stibbz [/COLOR]
[COLOR=Magenta]7---2'02.936---(0.28327)---DonNerazzurri666 [/COLOR]
[COLOR=Blue]8---2'03.074---(0.31378)---Hasnain282 [/COLOR]


(Settings: Weight = 1.000 Squeeze = 1.383 Scoot = 0.022)

[/B]


[COLOR=Darkblue][IMG]https://www.gtplanet.net/forum/attachments/greenflag-gif.152575/[/IMG] shows that the replay has been posted and verified.
[IMG]https://www.gtplanet.net/forum/attachments/redflag-gif.152574/[/IMG] shows that the submitted lap turned out to be dirty or doubtful.
[IMG]https://www.gtplanet.net/forum/attachments/blackflag-gif.152573/[/IMG] shows that the replay has was found to be invalid.[/COLOR]

[COLOR=Black][B]Replay Checking:[/B][/COLOR][COLOR=Darkblue]

[LIST=1]
[*]It is customary for all participants of the WRS to verify each others submitted replays
[*]Once you have checked the replay, post in this thread to say that you have checked it and whether it's clean, dirty or doesn't meet the required race specifications
[*]When verifying a replay, check against this weeks race specification, check that the tyres are the correct compound and that the power and weight is correct for example
[*]If you are unsure about a replay, always seek a second opinion before posting
[/LIST][/COLOR]

