[center][IMG]https://www.gtplanet.net/forum/attachments/wrs-tt-main-banner-png.693509/[/IMG]

[B][size=6]:: Official GTSport WRS Registry ::[/size][/b][/center]



[CENTER][B][size=6]:: Division 1 ::[/size][/b][/CENTER]


[color=Gold][B][size=4]Division 1 Gold (0.000 - 1.333):[/size][/B][/COLOR]

Hasnain282 / Hasnain282 / United Kingdom (1.017) 

[color=Silver][B][size=4]Division 1 Silver (1.334 - 1.666):[/size][/B][/COLOR]

GTP_Jammy / jammy21 / Finland (1.337) 
mistersafeway / mistersafeway / England (1.358) 
RFLX_Niop / Niop / USA (1.382) 
GTP_Animera / Animera / New Zealand (1.468) 
MeisterFetz / Meister Fetz / AUT (1.630) 
GTP_billyjoebobx / billyjoebobx / USA (1.661) 
TPC_Gooners / mohitraina91 / Canada (1.664) 

[color=#B88A00][B][size=4]Division 1 Bronze (1.667 - 1.999):[/size][/B][/COLOR]

half_sourly / half_sourly / UK (1.684) 
GTP_EDK / EDK / USA (1.703) 
boabdulrahman / Boabdulrahman / Kuwait (1.745) 
Mysteron71 / Mr P / UK (1.815) 
shoenboggie / shoenboggie / USA (1.891) 
Nebuc72 / Nebuc72 / UK (1.911) 


[CENTER][B][size=6]:: Division 2 ::[/size][/b][/CENTER]


[color=Gold][B][size=4]Division 2 Gold (2.000 - 2.333):[/size][/B][/COLOR]

tarnheld / tarnheld / Germany (2.032) 
benjoi84 / benjoi84 / Spain (2.036) 
Argon56 / Argon / UK (2.046) 
RuddRacer / RuddRacer / USA (2.048) 
Speedy6543 / Speedy6543 / Belgium (2.251) 
tmtkview / tmtk / Poland (2.274) 
Chrome_PuPXD / Chrome_PuPXD / UK (2.295) 

[color=Silver][B][size=4]Division 2 Silver (2.334 - 2.666):[/size][/B][/COLOR]

Chim_GT3 / chimeleon / FRANCE (2.357) 
Ruzinvincible / Iceman220 / India (2.568) 

[color=#B88A00][B][size=4]Division 2 Bronze (2.667 - 2.999):[/size][/B][/COLOR]

colinnola / ColinNZ / NZL (2.671) 
GTP_tzracer / tzracer / USA (2.708) 
JamCar0ne / JamCar0ne / USA (2.719) 
Sureshot-83 / Sureboss / UK (2.783) 
GTP_Eggstor / Eggstor / US (2.817) 
mrmattsly / mrmattsly / USA (2.846) 
stann_oz66 / StanNz / NEW ZEALAND (2.932) 
Allibubba99 / Allibubba99 / Canada (2.997) 


[CENTER][B][size=6]:: Division 3 ::[/size][/b][/CENTER]


[color=Gold][B][size=4]Division 3 Gold (3.000 - 3.333):[/size][/B][/COLOR]

Munch2112 / munch2112 / UK (3.022) 
GTP_DGiant2000 / DGiant2000 / PSN (3.261) 
GTP_Frank / Racingworld68 / BELGIUM (3.281) 

[color=Silver][B][size=4]Division 3 Silver (3.334 - 3.666):[/size][/B][/COLOR]

Clemeson / Sinuhe / SPAIN (3.466) 
stibbz / robisme / England (3.603) 

[color=#B88A00][B][size=4]Division 3 Bronze (3.667 - 3.999):[/size][/B][/COLOR]

GTP_Steven / steven / NL (3.735) 
DonNerazzurri666 / Nerazzurri / UK (3.855) 
Askorbiini / Askorbiini / Finland (3.904) 


[CENTER][B][size=6]:: Rookies ::[/size][/b][/CENTER]

GTP_Roamer2629 / roamer2629 / Argentina (2.492 handicap) 2 events 
GTP_PASM / PASM / The Netherlands (1.039 handicap) 1 events 
DoodleAM / Doodle / USA (0.268 handicap) 2 events 
GTP_Coupe / iSidious / UK (1.675 handicap) 1 events 
GTP_MadMax / MadMax / Finland (1.895 handicap) 1 events 
GTP_WRP001 / WRP001 / USA (2.112 handicap) 1 events 
GTP_McsQ / mcsqueegy / Australia (0.003 handicap) 1 events 
mcfizzle / mcfizzle / USA (2.251 handicap) 1 events 
RedPartyhat / RedPartyhat / USA (1.608 handicap) 1 events 
I__Like_Oranges / Mini Stiggy / USA (0.799 handicap) 1 events 
MAD_Mires / Mires / SVK (2.602 handicap) 2 events 
bl23ub / 8l23ub / UK (2.582 handicap) 1 events 
StigsTC / StigsTC / Australia (0.012 handicap) 1 events 
routergod24 / routergod24 / USA (2.995 handicap) 1 events 
Maique / Maique / Portugal (4.177 handicap) 2 events 
CnF_Pigems / Pigems / Canada (1.688 handicap) 1 events 
Sjokkomoes / Sjokkomoes / Netherlands (2.495 handicap) 2 events 
GTP_Sphinx / Sphinx / UK (0.868 handicap) 1 events 
Valex997 / Valex / Argentina (2.995 handicap) 1 events 
Maxscapes / max351 / BELGIUM (0.778 handicap) 1 events 
WilliamsJIM_Adam / Adam41 / UK (0.267 handicap) 1 events 
CC_on_GT7 / Christian_C / UK (2.325 handicap) 1 events 
iiHarmonic / Harmonic / USA (0.519 handicap) 1 events 
Hurrikeen / The Hurrikeen / England (3.649 handicap) 1 events 
Rampuss / Jamie duerden / ENGLAND (1.162 handicap) 1 events 
BlazinDragon / BlazingDragon / USA (2.708 handicap) 1 events 
Gavens1976 / Gavens / ITALY (3.821 handicap) 1 events 
BobHildalgo / BobHildalgo / USA (2.354 handicap) 1 events 
RMedia_Obelisk / Obelisk / USA (2.586 handicap) 1 events 
