

[CENTER]

[COLOR=Black][SIZE=6][B]:: GTP_Weekly Race Series ::[/B][/SIZE][/COLOR]


[IMG]https://www.gtplanet.net/forum/media/wrs_tt_gt7_main-png.124241/full[/IMG]

[COLOR=Black][SIZE=6][B][U]Week 25 (Official): S-FR East at Suzuka[/U][/B][/SIZE][/COLOR]
[COLOR=Black][SIZE=6][B][U]Results[/U][/B][/SIZE][/COLOR]

[IMG]https://www.gtplanet.net/forum/media/suzuka-circuit-east-course_-jpeg.131510/full[/IMG]

[SIZE=6][COLOR=Black][B][U]Time Trial in Arcade Mode[/U][/B][/COLOR][/SIZE]

[IMG]https://www.gtplanet.net/forum/media/suzuka-circuit-east-course__9-jpeg.131519/full[/IMG]

[COLOR=Black][SIZE=6][U][B]Toyota S-FR '15[/B][/U][/SIZE][/COLOR]

[IMG]https://www.gtplanet.net/forum/media/suzuka-circuit-east-course__4-jpeg.131514/full[/IMG]

[SIZE=6][COLOR=Black][B][U]Suzuka - East Course[/U][/B][/COLOR][/SIZE]
[/CENTER]

[COLOR=Black][B]Steward's Comments:[/B][/COLOR]
[COLOR=Darkblue]
Good job everyone!

Cheers,

OLR Team.
[/COLOR]

[COLOR=Black][B]Sharing Your Replay:
[LIST][*]Go to Your Library, locate your Submitted Best Lap Replay, and share it using the in game menu features.
[*]Be sure to share your replay PUBLICLY for verification, so that any member may find it.
[*]When sharing your replay this week, please use the following share tags to make your replay easy for other members to locate
[LIST][*]gtpwrs025, essentials, pineapple[/LIST]
[/LIST][/COLOR][COLOR=Darkblue]This thread will be listed as "Provisional" and will become "Official" once all posted replays have been verified.
Disqualification isn't taken lightly within the WRS.[/COLOR]
[COLOR=Red][B]Drivers who do not have a submitted lap posted in the results are not to post any information related to a laptime they might have achieved in the results thread. Any such posts will have the times removed.[/B][/COLOR]

[B]

Division 1:

[COLOR=Blue]1---1'02.984---Mysteron71  (Verified) [IMG]https://www.gtplanet.net/forum/attachments/greenflag-gif.152575/[/IMG][/COLOR]
[COLOR=Blue]2---1'03.268---Hasnain282  (Verified) [IMG]https://www.gtplanet.net/forum/attachments/greenflag-gif.152575/[/IMG][/COLOR]
[COLOR=Blue]3---1'03.588---Nebuc72  (Verified) [IMG]https://www.gtplanet.net/forum/attachments/greenflag-gif.152575/[/IMG][/COLOR]

Division 2:

[COLOR=DarkOrange]1---1'03.565---half_sourly  (Verified) [IMG]https://www.gtplanet.net/forum/attachments/greenflag-gif.152575/[/IMG][/COLOR]
[COLOR=DarkOrange]2---1'03.821---tmtkview  (Verified) [IMG]https://www.gtplanet.net/forum/attachments/greenflag-gif.152575/[/IMG][/COLOR]
[COLOR=DarkOrange]3---1'03.994-R-RMedia_Obelisk  (Verified) [IMG]https://www.gtplanet.net/forum/attachments/greenflag-gif.152575/[/IMG][/COLOR]
[COLOR=DarkOrange]4---1'04.454---GTP_Eggstor  (Verified) [IMG]https://www.gtplanet.net/forum/attachments/greenflag-gif.152575/[/IMG][/COLOR]
[COLOR=DarkOrange]5---1'04.558---JamCar0ne   [/COLOR]

Division 4:

[COLOR=DarkRed]1---1'05.035---GTP_Steven  (Verified) [IMG]https://www.gtplanet.net/forum/attachments/greenflag-gif.152575/[/IMG][/COLOR]

[img]https://www.gtplanet.net/forum/media/suzuka-circuit-east-course__2-jpeg.131512/full[/img]

Overall Results:


>> Division 1: Par: 1'02.295 Gold: 1'02.573 Silver: 1'02.883 Bronze: 1'03.223
[COLOR=Blue]1---1'02.984---Mysteron71 r=1.766 (d1/-0.189) [/COLOR]

>> Division 2: Par: 1'03.224 Gold: 1'03.642 Silver: 1'04.106 Bronze: 1'04.618
[COLOR=Blue]2---1'03.268---Hasnain282 r=2.035 (d2/1.018) [/COLOR]
[COLOR=DarkOrange]3---1'03.565---half_sourly r=2.272 (d2/0.162) [/COLOR]
[COLOR=Blue]4---1'03.588---Nebuc72 r=2.290 (d2/0.327) [/COLOR]
[COLOR=DarkOrange]5---1'03.821---tmtkview r=2.462 (d2/-0.321) [/COLOR]
[COLOR=DarkOrange]6---1'03.994-R-RMedia_Obelisk r=2.586 (d2/0.000) [/COLOR]
[COLOR=DarkOrange]7---1'04.454---GTP_Eggstor r=2.893 (d2/0.035) [/COLOR]
[COLOR=DarkOrange]8---1'04.558---JamCar0ne r=2.961 (d2/0.097) [/COLOR]

>> Division 3: Par: 1'04.619 Gold: 1'05.176 Silver: 1'05.795 Bronze: 1'06.477
[COLOR=DarkRed]9---1'05.035---GTP_Steven r=3.249 (d3/-0.856) [/COLOR]


[img]https://www.gtplanet.net/forum/media/suzuka-circuit-east-course__1-jpeg.131511/full[/img]

Handicapped Results:

[COLOR=DarkRed]1---1'02.948---(-0.85573)---GTP_Steven [/COLOR]
[COLOR=DarkOrange]2---1'04.340---(-0.32110)---tmtkview [/COLOR]
[COLOR=Blue]3---1'04.684---(-0.18873)---Mysteron71 [/COLOR]
[COLOR=DarkOrange]4---1'05.267---(0.03529)---GTP_Eggstor [/COLOR]
[COLOR=DarkOrange]5---1'05.429---(0.09738)---JamCar0ne [/COLOR]
[COLOR=DarkOrange]6---1'05.597---(0.16201)---half_sourly [/COLOR]
[COLOR=Blue]7---1'06.028---(0.32739)---Nebuc72 [/COLOR]
[COLOR=Blue]8---1'07.824---(1.01757)---Hasnain282 [/COLOR]


(Settings: Weight = 1.000 Squeeze = 3.207 Scoot = -0.570)

[/B]


[COLOR=Darkblue][IMG]https://www.gtplanet.net/forum/attachments/greenflag-gif.152575/[/IMG] shows that the replay has been posted and verified.
[IMG]https://www.gtplanet.net/forum/attachments/redflag-gif.152574/[/IMG] shows that the submitted lap turned out to be dirty or doubtful.
[IMG]https://www.gtplanet.net/forum/attachments/blackflag-gif.152573/[/IMG] shows that the replay has was found to be invalid.[/COLOR]

[COLOR=Black][B]Replay Checking:[/B][/COLOR][COLOR=Darkblue]

[LIST=1]
[*]It is customary for all participants of the WRS to verify each others submitted replays
[*]Once you have checked the replay, post in this thread to say that you have checked it and whether it's clean, dirty or doesn't meet the required race specifications
[*]When verifying a replay, check against this weeks race specification, check that the tyres are the correct compound and that the power and weight is correct for example
[*]If you are unsure about a replay, always seek a second opinion before posting
[/LIST][/COLOR]

