

[CENTER]
[IMG]https://www.gtplanet.net/forum/data/attachments/676/676309-8d3645f5bc864e9d5790353253b364d1.jpg[/IMG]

[COLOR=Black][SIZE=6][B]:: GTP_Weekly Race Series ::[/B][/SIZE][/COLOR]



[IMG]https://www.gtplanet.net/forum/attachments/wrs-tt-main-banner-png.693509/[/IMG]
[COLOR=Black][SIZE=6][B][U]Week 1 (Official): Flooding the Boards[/U][/B][/SIZE][/COLOR]
[COLOR=Black][SIZE=6][B][U]Results[/U][/B][/SIZE][/COLOR]

[IMG]https://www.gtplanet.net/forum/media/picture9-png.125531/full[/IMG]

[SIZE=6][COLOR=Black][B][U]Time Trial in Arcade Mode[/U][/B][/COLOR][/SIZE]

[IMG]https://www.gtplanet.net/forum/media/picture8-png.125530/full[/IMG]

[COLOR=Black][SIZE=6][U][B]Nissan Silvia spec-R Aero (S15) Touring Car[/B][/U][/SIZE][/COLOR]

[IMG]https://www.gtplanet.net/forum/media/picture5-png.125527/full[/IMG]

[SIZE=6][COLOR=Black][B][U]Tsukuba Circuit[/U][/B][/COLOR][/SIZE]
[/CENTER]

[COLOR=Black][B]Steward's Comments:[/B][/COLOR]
[COLOR=Darkblue]
Good job everyone!

Cheers,

OLR Team.
[/COLOR]

[COLOR=Black][B]Sharing Your Replay:
[LIST][*]Go to Your Library, locate your Submitted Best Lap Replay, and share it using the in game menu features.
[*]Be sure to share your replay PUBLICLY for verification, so that any member may find it.
[*]When sharing your replay this week, please use the following share tags to make your replay easy for other members to locate
[LIST][*]gtpwrs001, essentials, pineapple[/LIST]
[/LIST][/COLOR][COLOR=Darkblue]This thread will be listed as "Provisional" and will become "Official" once all posted replays have been verified.
Disqualification isn't taken lightly within the WRS.[/COLOR]
[COLOR=Red][B]Drivers who do not have a submitted lap posted in the results are not to post any information related to a laptime they might have achieved in the results thread. Any such posts will have the times removed.[/B][/COLOR]

[B]

Division 1:

[COLOR=Blue]1---0'56.950-R-DoodleAM  (Verified) [IMG]https://www.gtplanet.net/forum/attachments/greenflag-gif.152575/[/IMG][/COLOR]
[COLOR=Blue]2---0'57.011-R-WilliamsJIM_Adam  (Verified) [IMG]https://www.gtplanet.net/forum/attachments/greenflag-gif.152575/[/IMG][/COLOR]
[COLOR=Blue]3---0'57.181-R-Maxscapes  (Verified) [IMG]https://www.gtplanet.net/forum/attachments/greenflag-gif.152575/[/IMG][/COLOR]
[COLOR=Blue]4---0'57.188-R-I__Like_Oranges  (Verified) [IMG]https://www.gtplanet.net/forum/attachments/greenflag-gif.152575/[/IMG][/COLOR]
[COLOR=Blue]5---0'57.268-R-GTP_PASM  (Verified) [IMG]https://www.gtplanet.net/forum/attachments/greenflag-gif.152575/[/IMG][/COLOR]
[COLOR=Blue]6---0'57.303-R-mistersafeway  (Verified) [IMG]https://www.gtplanet.net/forum/attachments/greenflag-gif.152575/[/IMG][/COLOR]
[COLOR=Blue]7---0'57.380-R-GTP_Animera  (Verified) [IMG]https://www.gtplanet.net/forum/attachments/greenflag-gif.152575/[/IMG][/COLOR]
[COLOR=Blue]8---0'57.443-R-Hasnain282  (Verified) [IMG]https://www.gtplanet.net/forum/attachments/greenflag-gif.152575/[/IMG][/COLOR]
[COLOR=Blue]9---0'57.469-R-RedPartyhat  (Verified) [IMG]https://www.gtplanet.net/forum/attachments/greenflag-gif.152575/[/IMG][/COLOR]
[COLOR=Blue]10--0'57.490-R-GTP_billyjoebobx  (Verified) [IMG]https://www.gtplanet.net/forum/attachments/greenflag-gif.152575/[/IMG][/COLOR]
[COLOR=Blue]11--0'57.514-R-TPC_Gooners  (Verified) [IMG]https://www.gtplanet.net/forum/attachments/greenflag-gif.152575/[/IMG][/COLOR]
[COLOR=Blue]12--0'57.541-R-RFLX_Niop  (Verified) [IMG]https://www.gtplanet.net/forum/attachments/greenflag-gif.152575/[/IMG][/COLOR]
[COLOR=Blue]13--0'57.579-R-Ruzinvincible  (Verified) [IMG]https://www.gtplanet.net/forum/attachments/greenflag-gif.152575/[/IMG][/COLOR]
[COLOR=Blue]14--0'57.584-R-GTP_MadMax  (Verified) [IMG]https://www.gtplanet.net/forum/attachments/greenflag-gif.152575/[/IMG][/COLOR]
[COLOR=Blue]15--0'57.599-R-GTP_Jammy  (Verified) [IMG]https://www.gtplanet.net/forum/attachments/greenflag-gif.152575/[/IMG][/COLOR]

Division 2:

[COLOR=DarkOrange]1---0'57.702-R-GTP_EDK  (Verified) [IMG]https://www.gtplanet.net/forum/attachments/greenflag-gif.152575/[/IMG][/COLOR]
[COLOR=DarkOrange]2---0'57.748-R-MAD_Mires  (Verified) [IMG]https://www.gtplanet.net/forum/attachments/greenflag-gif.152575/[/IMG][/COLOR]
[COLOR=DarkOrange]3---0'57.754-R-mcfizzle  (Verified) [IMG]https://www.gtplanet.net/forum/attachments/greenflag-gif.152575/[/IMG][/COLOR]
[COLOR=DarkOrange]4---0'57.757-R-shoenboggie  (Verified) [IMG]https://www.gtplanet.net/forum/attachments/greenflag-gif.152575/[/IMG][/COLOR]
[COLOR=DarkOrange]5---0'57.764-R-Speedy6543  (Verified) [IMG]https://www.gtplanet.net/forum/attachments/greenflag-gif.152575/[/IMG][/COLOR]
[COLOR=DarkOrange]6---0'57.770-R-Chrome_PuPXD  (Verified) [IMG]https://www.gtplanet.net/forum/attachments/greenflag-gif.152575/[/IMG][/COLOR]
[COLOR=DarkOrange]7---0'57.789-R-RuddRacer  (Verified) [IMG]https://www.gtplanet.net/forum/attachments/greenflag-gif.152575/[/IMG][/COLOR]
[COLOR=DarkOrange]8---0'57.791-R-CC_on_GT7  (Verified) [IMG]https://www.gtplanet.net/forum/attachments/greenflag-gif.152575/[/IMG][/COLOR]
[COLOR=DarkOrange]9---0'57.970-R-bl23ub  (Verified) [IMG]https://www.gtplanet.net/forum/attachments/greenflag-gif.152575/[/IMG][/COLOR]
[COLOR=DarkOrange]10--0'58.031-R-GTP_Roamer2629  (Verified) [IMG]https://www.gtplanet.net/forum/attachments/greenflag-gif.152575/[/IMG][/COLOR]
[COLOR=DarkOrange]11--0'58.159-R-Sureshot-83  (Verified) [IMG]https://www.gtplanet.net/forum/attachments/greenflag-gif.152575/[/IMG][/COLOR]
[COLOR=DarkOrange]12--0'58.183-R-routergod24  (Verified) [IMG]https://www.gtplanet.net/forum/attachments/greenflag-gif.152575/[/IMG][/COLOR]
[COLOR=DarkOrange]12--0'58.183-R-Valex997  (Verified) [IMG]https://www.gtplanet.net/forum/attachments/greenflag-gif.152575/[/IMG][/COLOR]

Division 3:

[COLOR=Magenta]1---0'58.191-R-GTP_tzracer  (Verified) [IMG]https://www.gtplanet.net/forum/attachments/greenflag-gif.152575/[/IMG][/COLOR]
[COLOR=Magenta]2---0'58.385-R-stann_oz66  (Verified) [IMG]https://www.gtplanet.net/forum/attachments/greenflag-gif.152575/[/IMG][/COLOR]
[COLOR=Magenta]3---0'58.441-R-Allibubba99  (Verified) [IMG]https://www.gtplanet.net/forum/attachments/greenflag-gif.152575/[/IMG][/COLOR]
[COLOR=Magenta]4---0'58.446-R-colinnola  (Verified) [IMG]https://www.gtplanet.net/forum/attachments/greenflag-gif.152575/[/IMG][/COLOR]
[COLOR=Magenta]5---0'58.626-R-GTP_Frank  (Verified) [IMG]https://www.gtplanet.net/forum/attachments/greenflag-gif.152575/[/IMG][/COLOR]
[COLOR=Magenta]6---0'58.750-R-GTP_Eggstor  (Verified) [IMG]https://www.gtplanet.net/forum/attachments/greenflag-gif.152575/[/IMG][/COLOR]
[COLOR=Magenta]7---0'58.776-R-DonNerazzurri666  (Verified) [IMG]https://www.gtplanet.net/forum/attachments/greenflag-gif.152575/[/IMG][/COLOR]
[COLOR=Magenta]8---0'58.813-R-Munch2112  (Verified) [IMG]https://www.gtplanet.net/forum/attachments/greenflag-gif.152575/[/IMG][/COLOR]
[COLOR=Magenta]9---0'58.889-R-Clemeson  (Verified) [IMG]https://www.gtplanet.net/forum/attachments/greenflag-gif.152575/[/IMG][/COLOR]

[img]https://www.gtplanet.net/forum/media/picture6-png.125528/full[/img]

Overall Results:

[COLOR=Blue]1---0'56.950-R-DoodleAM r=0.084 (d1/-0.756) [/COLOR]
[COLOR=Blue]2---0'57.011-R-WilliamsJIM_Adam r=0.267 (d1/-0.660) [/COLOR]
[COLOR=Blue]3---0'57.181-R-Maxscapes r=0.778 (d1/-0.392) [/COLOR]
[COLOR=Blue]4---0'57.188-R-I__Like_Oranges r=0.799 (d1/-0.381) [/COLOR]

>> Division 1: Par: 0'57.255 Gold: 0'57.366 Silver: 0'57.491 Bronze: 0'57.627
[COLOR=Blue]5---0'57.268-R-GTP_PASM r=1.039 (d1/-0.256) [/COLOR]
[COLOR=Blue]6---0'57.303-R-mistersafeway r=1.144 (d1/-0.199) [/COLOR]
[COLOR=Blue]7---0'57.380-R-GTP_Animera r=1.371 (d1/-0.072) [/COLOR]
[COLOR=Blue]8---0'57.443-R-Hasnain282 r=1.539 (d1/0.015) [/COLOR]
[COLOR=Blue]9---0'57.469-R-RedPartyhat r=1.608 (d1/0.051) [/COLOR]
[COLOR=Blue]10--0'57.490-R-GTP_billyjoebobx r=1.664 (d1/0.080) [/COLOR]
[COLOR=Blue]11--0'57.514-R-TPC_Gooners r=1.723 (d1/0.108) [/COLOR]
[COLOR=Blue]12--0'57.541-R-RFLX_Niop r=1.789 (d1/0.139) [/COLOR]
[COLOR=Blue]13--0'57.579-R-Ruzinvincible r=1.882 (d1/0.186) [/COLOR]
[COLOR=Blue]14--0'57.584-R-GTP_MadMax r=1.895 (d1/0.193) [/COLOR]
[COLOR=Blue]15--0'57.599-R-GTP_Jammy r=1.931 (d1/0.212) [/COLOR]

>> Division 2: Par: 0'57.628 Gold: 0'57.795 Silver: 0'57.981 Bronze: 0'58.186
[COLOR=DarkOrange]16--0'57.702-R-GTP_EDK r=2.148 (d2/0.307) [/COLOR]
[COLOR=DarkOrange]17--0'57.748-R-MAD_Mires r=2.240 (d2/0.345) [/COLOR]
[COLOR=DarkOrange]18--0'57.754-R-mcfizzle r=2.251 (d2/0.350) [/COLOR]
[COLOR=DarkOrange]19--0'57.757-R-shoenboggie r=2.257 (d2/0.353) [/COLOR]
[COLOR=DarkOrange]20--0'57.764-R-Speedy6543 r=2.271 (d2/0.358) [/COLOR]
[COLOR=DarkOrange]21--0'57.770-R-Chrome_PuPXD r=2.283 (d2/0.363) [/COLOR]
[COLOR=DarkOrange]22--0'57.789-R-RuddRacer r=2.321 (d2/0.379) [/COLOR]
[COLOR=DarkOrange]23--0'57.791-R-CC_on_GT7 r=2.325 (d2/0.381) [/COLOR]
[COLOR=DarkOrange]24--0'57.970-R-bl23ub r=2.647 (d2/0.522) [/COLOR]
[COLOR=DarkOrange]25--0'58.031-R-GTP_Roamer2629 r=2.748 (d2/0.565) [/COLOR]
[COLOR=DarkOrange]26--0'58.159-R-Sureshot-83 r=2.956 (d2/0.650) [/COLOR]
[COLOR=DarkOrange]27--0'58.183-R-routergod24 r=2.995 (d2/0.667) [/COLOR]
[COLOR=DarkOrange]27--0'58.183-R-Valex997 r=2.995 (d2/0.667) [/COLOR]

>> Division 3: Par: 0'58.187 Gold: 0'58.410 Silver: 0'58.659 Bronze: 0'58.932
[COLOR=Magenta]29--0'58.191-R-GTP_tzracer r=3.006 (d3/0.670) [/COLOR]
[COLOR=Magenta]30--0'58.385-R-stann_oz66 r=3.296 (d3/0.794) [/COLOR]
[COLOR=Magenta]31--0'58.441-R-Allibubba99 r=3.375 (d3/0.825) [/COLOR]
[COLOR=Magenta]32--0'58.446-R-colinnola r=3.382 (d3/0.827) [/COLOR]
[COLOR=Magenta]33--0'58.626-R-GTP_Frank r=3.622 (d3/0.918) [/COLOR]
[COLOR=Magenta]34--0'58.750-R-GTP_Eggstor r=3.778 (d3/0.976) [/COLOR]
[COLOR=Magenta]35--0'58.776-R-DonNerazzurri666 r=3.810 (d3/0.988) [/COLOR]
[COLOR=Magenta]36--0'58.813-R-Munch2112 r=3.855 (d3/1.004) [/COLOR]
[COLOR=Magenta]37--0'58.889-R-Clemeson r=3.947 (d3/1.037) [/COLOR]

[COLOR=Lime]Q---(No Replay)---half_sourly [IMG]https://www.gtplanet.net/forum/attachments/blackflag-gif.152573/[/IMG] [/COLOR]
[COLOR=Lime]Q---(No Replay)---DozUK [IMG]https://www.gtplanet.net/forum/attachments/blackflag-gif.152573/[/IMG] [/COLOR]
[COLOR=Lime]Q---(No Replay)---GTP_Steven [IMG]https://www.gtplanet.net/forum/attachments/blackflag-gif.152573/[/IMG] [/COLOR]

[img]https://www.gtplanet.net/forum/media/picture1-png.125526/full[/img]

Handicapped Results:



(Settings: Weight = 1.000 Squeeze = 1.500 Scoot = 0.250)

[/B]


[COLOR=Darkblue][IMG]https://www.gtplanet.net/forum/attachments/greenflag-gif.152575/[/IMG] shows that the replay has been posted and verified.
[IMG]https://www.gtplanet.net/forum/attachments/redflag-gif.152574/[/IMG] shows that the submitted lap turned out to be dirty or doubtful.
[IMG]https://www.gtplanet.net/forum/attachments/blackflag-gif.152573/[/IMG] shows that the replay has was found to be invalid.[/COLOR]

[COLOR=Black][B]Replay Checking:[/B][/COLOR][COLOR=Darkblue]

[LIST=1]
[*]It is customary for all participants of the WRS to verify each others submitted replays
[*]Once you have checked the replay, post in this thread to say that you have checked it and whether it's clean, dirty or doesn't meet the required race specifications
[*]When verifying a replay, check against this weeks race specification, check that the tyres are the correct compound and that the power and weight is correct for example
[*]If you are unsure about a replay, always seek a second opinion before posting
[/LIST][/COLOR]

