

[CENTER]

[COLOR=Black][SIZE=6][B]:: GTP_Weekly Race Series ::[/B][/SIZE][/COLOR]

[IMG]https://www.gtplanet.net/forum/media/wrs_tt_gt7_main-png.124241/full[/IMG]

[IMG]https://www.gtplanet.net/forum/attachments/wrs-tt-main-banner-png.693509/[/IMG]
[COLOR=Black][SIZE=6][B][U]Week 23 (Official): NurburgR8ing[/U][/B][/SIZE][/COLOR]
[COLOR=Black][SIZE=6][B][U]Results[/U][/B][/SIZE][/COLOR]

[IMG]https://www.gtplanet.net/forum/media/n%C3%BCrburgring-nordschleife__4-jpeg.131224/full[/IMG]

[SIZE=6][COLOR=Black][B][U]Time Trial in Arcade Mode[/U][/B][/COLOR][/SIZE]

[IMG]https://www.gtplanet.net/forum/media/n%C3%BCrburgring-nordschleife__1-jpeg.131221/full[/IMG]

[COLOR=Black][SIZE=6][U][B]Audi - R8 LMS '15[/B][/U][/SIZE][/COLOR]

[IMG]https://www.gtplanet.net/forum/media/n%C3%BCrburgring-nordschleife_-jpeg.131220/full[/IMG]

[SIZE=6][COLOR=Black][B][U]Nurburgring Nordschleife[/U][/B][/COLOR][/SIZE]
[/CENTER]

[COLOR=Black][B]Steward's Comments:[/B][/COLOR]
[COLOR=Darkblue]
Good job everyone!

Cheers,

OLR Team.
[/COLOR]

[COLOR=Black][B]Sharing Your Replay:
[LIST][*]Go to Your Library, locate your Submitted Best Lap Replay, and share it using the in game menu features.
[*]Be sure to share your replay PUBLICLY for verification, so that any member may find it.
[*]When sharing your replay this week, please use the following share tags to make your replay easy for other members to locate
[LIST][*]gtpwrs023, essentials, pineapple[/LIST]
[/LIST][/COLOR][COLOR=Darkblue]This thread will be listed as "Provisional" and will become "Official" once all posted replays have been verified.
Disqualification isn't taken lightly within the WRS.[/COLOR]
[COLOR=Red][B]Drivers who do not have a submitted lap posted in the results are not to post any information related to a laptime they might have achieved in the results thread. Any such posts will have the times removed.[/B][/COLOR]

[B]

Division 1:

[COLOR=Blue]1---6'14.481---GTP_Jammy  (Verified) [IMG]https://www.gtplanet.net/forum/attachments/greenflag-gif.152575/[/IMG][/COLOR]
[COLOR=Blue]2---6'14.981---Hasnain282  (Verified) [IMG]https://www.gtplanet.net/forum/attachments/greenflag-gif.152575/[/IMG][/COLOR]

Division 2:

[COLOR=DarkOrange]1---6'22.950---half_sourly  (Verified) [IMG]https://www.gtplanet.net/forum/attachments/greenflag-gif.152575/[/IMG][/COLOR]
[COLOR=DarkOrange]2---6'30.900-R-BobHildalgo   [/COLOR]
[COLOR=DarkOrange]3---6'38.388---GTP_Eggstor  (Verified) [IMG]https://www.gtplanet.net/forum/attachments/greenflag-gif.152575/[/IMG][/COLOR]

Division 3:

[COLOR=Magenta]1---6'40.924---Allibubba99  (Verified) [IMG]https://www.gtplanet.net/forum/attachments/greenflag-gif.152575/[/IMG][/COLOR]

[img]https://www.gtplanet.net/forum/media/n%C3%BCrburgring-nordschleife__6-jpeg.131226/full[/img]

Overall Results:


>> Division 1: Par: 6'11.079 Gold: 6'14.742 Silver: 6'18.812 Bronze: 6'23.289
[COLOR=Blue]1---6'14.481---GTP_Jammy r=1.310 (d1/-0.034) [/COLOR]
[COLOR=Blue]2---6'14.981---Hasnain282 r=1.353 (d1/0.335) [/COLOR]
[COLOR=DarkOrange]3---6'22.950---half_sourly r=1.975 (d1/-0.169) [/COLOR]

>> Division 2: Par: 6'23.290 Gold: 6'28.784 Silver: 6'34.889 Bronze: 6'41.605
[COLOR=DarkOrange]4---6'30.900-R-BobHildalgo r=2.449 (d2/0.126) [/COLOR]
[COLOR=DarkOrange]5---6'38.388---GTP_Eggstor r=2.840 (d2/-0.055) [/COLOR]
[COLOR=Magenta]6---6'40.924---Allibubba99 r=2.966 (d2/-0.105) [/COLOR]


[img]https://www.gtplanet.net/forum/media/n%C3%BCrburgring-nordschleife__7-jpeg.131227/full[/img]

Handicapped Results:

[COLOR=DarkOrange]1---6'43.155---(-0.16895)---half_sourly [/COLOR]
[COLOR=Magenta]2---6'45.352---(-0.10470)---Allibubba99 [/COLOR]
[COLOR=DarkOrange]3---6'47.041---(-0.05529)---GTP_Eggstor [/COLOR]
[COLOR=Blue]4---6'47.769---(-0.03400)---GTP_Jammy [/COLOR]
[COLOR=Blue]5---7'00.398---(0.33539)---Hasnain282 [/COLOR]


(Settings: Weight = 1.000 Squeeze = 3.147 Scoot = 1.368)

[/B]


[COLOR=Darkblue][IMG]https://www.gtplanet.net/forum/attachments/greenflag-gif.152575/[/IMG] shows that the replay has been posted and verified.
[IMG]https://www.gtplanet.net/forum/attachments/redflag-gif.152574/[/IMG] shows that the submitted lap turned out to be dirty or doubtful.
[IMG]https://www.gtplanet.net/forum/attachments/blackflag-gif.152573/[/IMG] shows that the replay has was found to be invalid.[/COLOR]

[COLOR=Black][B]Replay Checking:[/B][/COLOR][COLOR=Darkblue]

[LIST=1]
[*]It is customary for all participants of the WRS to verify each others submitted replays
[*]Once you have checked the replay, post in this thread to say that you have checked it and whether it's clean, dirty or doesn't meet the required race specifications
[*]When verifying a replay, check against this weeks race specification, check that the tyres are the correct compound and that the power and weight is correct for example
[*]If you are unsure about a replay, always seek a second opinion before posting
[/LIST][/COLOR]

