

[CENTER]

[COLOR=Black][SIZE=6][B]:: GTP_Weekly Race Series ::[/B][/SIZE][/COLOR]


[IMG]https://www.gtplanet.net/forum/media/wrs_tt_gt7_main-png.124241/full[/IMG]

[COLOR=Black][SIZE=6][B][U]Week 28 (Official): NisSamba Super GT[/U][/B][/SIZE][/COLOR]
[COLOR=Black][SIZE=6][B][U]Results[/U][/B][/SIZE][/COLOR]

[IMG]https://www.gtplanet.net/forum/attachments/28-top-side-jpeg.1200719/[/IMG]

[SIZE=6][COLOR=Black][B][U]Time Trial in Arcade Mode[/U][/B][/COLOR][/SIZE]

[IMG]https://www.gtplanet.net/forum/attachments/28-front-side-jpeg.1200714/[/IMG]

[COLOR=Black][SIZE=6][U][B]Nissan GT-R Nismo GT500 '16[/B][/U][/SIZE][/COLOR]

[IMG]https://www.gtplanet.net/forum/attachments/28-side-far-jpeg.1200718/[/IMG]

[SIZE=6][COLOR=Black][B][U]Autodromo de Interlagos[/U][/B][/COLOR][/SIZE]
[/CENTER]

[COLOR=Black][B]Steward's Comments:[/B][/COLOR]
[COLOR=Darkblue]
Good job everyone!

Cheers,

OLR Team.
[/COLOR]

[COLOR=Black][B]Sharing Your Replay:
[LIST][*]Go to Your Library, locate your Submitted Best Lap Replay, and share it using the in game menu features.
[*]Be sure to share your replay PUBLICLY for verification, so that any member may find it.
[*]When sharing your replay this week, please use the following share tags to make your replay easy for other members to locate
[LIST][*]gtpwrs028, essentials, pineapple[/LIST]
[/LIST][/COLOR][COLOR=Darkblue]This thread will be listed as "Provisional" and will become "Official" once all posted replays have been verified.
Disqualification isn't taken lightly within the WRS.[/COLOR]
[COLOR=Red][B]Drivers who do not have a submitted lap posted in the results are not to post any information related to a laptime they might have achieved in the results thread. Any such posts will have the times removed.[/B][/COLOR]

[B]

Division 1:

[COLOR=Blue]1---1'22.910---Hasnain282  (Verified) [IMG]https://www.gtplanet.net/forum/attachments/greenflag-gif.152575/[/IMG][/COLOR]
[COLOR=Blue]2---1'23.689---Nebuc72  (Verified) [IMG]https://www.gtplanet.net/forum/attachments/greenflag-gif.152575/[/IMG][/COLOR]

Division 2:

[COLOR=DarkOrange]1---1'22.933---tmtkview  (Verified) [IMG]https://www.gtplanet.net/forum/attachments/greenflag-gif.152575/[/IMG][/COLOR]
[COLOR=DarkOrange]2---1'23.431---half_sourly  (Verified) [IMG]https://www.gtplanet.net/forum/attachments/greenflag-gif.152575/[/IMG][/COLOR]
[COLOR=DarkOrange]3---1'24.860---shoenboggie   [/COLOR]
[COLOR=DarkOrange]4---1'27.168---GTP_Eggstor   [/COLOR]

[img]https://www.gtplanet.net/forum/attachments/28-front-jpeg.1200715/[/img]

Overall Results:


>> Division 1: Par: 1'22.892 Gold: 1'23.150 Silver: 1'23.437 Bronze: 1'23.753
[COLOR=Blue]1---1'22.910---Hasnain282 r=1.023 (d1/0.006) [/COLOR]
[COLOR=DarkOrange]2---1'22.933---tmtkview r=1.053 (d1/-1.616) [/COLOR]
[COLOR=DarkOrange]3---1'23.431---half_sourly r=1.660 (d1/-0.432) [/COLOR]
[COLOR=Blue]4---1'23.689---Nebuc72 r=1.932 (d1/-0.030) [/COLOR]

>> Division 2: Par: 1'23.754 Gold: 1'24.141 Silver: 1'24.571 Bronze: 1'25.045
[COLOR=DarkOrange]5---1'24.860---shoenboggie r=2.870 (d2/0.746) [/COLOR]

>> Division 3: Par: 1'25.046 Gold: 1'25.562 Silver: 1'26.136 Bronze: 1'26.768
[COLOR=DarkOrange]6---1'27.168---GTP_Eggstor r=4.211 (d3/1.353) [/COLOR]


[img]https://www.gtplanet.net/forum/attachments/28-rear-jpeg.1200716/[/img]

Handicapped Results:

[COLOR=DarkOrange]1---1'21.663---(-1.61643)---tmtkview [/COLOR]
[COLOR=DarkOrange]2---1'24.520---(-0.43159)---half_sourly [/COLOR]
[COLOR=Blue]3---1'25.488---(-0.03039)---Nebuc72 [/COLOR]
[COLOR=Blue]4---1'25.575---(0.00574)---Hasnain282 [/COLOR]
[COLOR=DarkOrange]5---1'27.361---(0.74594)---shoenboggie [/COLOR]
[COLOR=DarkOrange]6---1'28.825---(1.35303)---GTP_Eggstor [/COLOR]


(Settings: Weight = 1.000 Squeeze = 2.594 Scoot = 0.316)

[/B]


[COLOR=Darkblue][IMG]https://www.gtplanet.net/forum/attachments/greenflag-gif.152575/[/IMG] shows that the replay has been posted and verified.
[IMG]https://www.gtplanet.net/forum/attachments/redflag-gif.152574/[/IMG] shows that the submitted lap turned out to be dirty or doubtful.
[IMG]https://www.gtplanet.net/forum/attachments/blackflag-gif.152573/[/IMG] shows that the replay has was found to be invalid.[/COLOR]

[COLOR=Black][B]Replay Checking:[/B][/COLOR][COLOR=Darkblue]

[LIST=1]
[*]It is customary for all participants of the WRS to verify each others submitted replays
[*]Once you have checked the replay, post in this thread to say that you have checked it and whether it's clean, dirty or doesn't meet the required race specifications
[*]When verifying a replay, check against this weeks race specification, check that the tyres are the correct compound and that the power and weight is correct for example
[*]If you are unsure about a replay, always seek a second opinion before posting
[/LIST][/COLOR]

