

[CENTER]

[COLOR=Black][SIZE=6][B]:: GTP_Weekly Race Series ::[/B][/SIZE][/COLOR]


[IMG]https://www.gtplanet.net/forum/media/wrs_tt_gt7_main-png.124241/full[/IMG]

[COLOR=Black][SIZE=6][B][U]Week 24 (Official): WRX = Rallycross[/U][/B][/SIZE][/COLOR]
[COLOR=Black][SIZE=6][B][U]Results[/U][/B][/SIZE][/COLOR]

[IMG]https://www.gtplanet.net/forum/media/20970558861426111-jpg.131445/full[/IMG]

[SIZE=6][COLOR=Black][B][U]Time Trial in Arcade Mode[/U][/B][/COLOR][/SIZE]

[IMG]https://www.gtplanet.net/forum/media/20970219028064132-jpg.131446/full[/IMG]

[COLOR=Black][SIZE=6][U][B]Subaru WRX STI Type S '14[/B][/U][/SIZE][/COLOR]

[IMG]https://www.gtplanet.net/forum/media/20970572217764239-jpg.131444/full[/IMG]

[SIZE=6][COLOR=Black][B][U]Circuit de Barcelona-Catalunya Rallycross Layout[/U][/B][/COLOR][/SIZE]
[/CENTER]

[COLOR=Black][B]Steward's Comments:[/B][/COLOR]
[COLOR=Darkblue]
Good job everyone!

Cheers,

OLR Team.
[/COLOR]

[COLOR=Black][B]Sharing Your Replay:
[LIST][*]Go to Your Library, locate your Submitted Best Lap Replay, and share it using the in game menu features.
[*]Be sure to share your replay PUBLICLY for verification, so that any member may find it.
[*]When sharing your replay this week, please use the following share tags to make your replay easy for other members to locate
[LIST][*]gtpwrs024, essentials, pineapple[/LIST]
[/LIST][/COLOR][COLOR=Darkblue]This thread will be listed as "Provisional" and will become "Official" once all posted replays have been verified.
Disqualification isn't taken lightly within the WRS.[/COLOR]
[COLOR=Red][B]Drivers who do not have a submitted lap posted in the results are not to post any information related to a laptime they might have achieved in the results thread. Any such posts will have the times removed.[/B][/COLOR]

[B]

Division 1:

[COLOR=Blue]1---0'47.082---Hasnain282   [/COLOR]

Division 2:

[COLOR=DarkOrange]1---0'46.660---shoenboggie   [/COLOR]
[COLOR=DarkOrange]2---0'47.415---Nebuc72   [/COLOR]
[COLOR=DarkOrange]3---0'48.193---GTP_Eggstor   [/COLOR]
[COLOR=DarkOrange]4---0'48.442---JamCar0ne   [/COLOR]

Division 3:

[COLOR=Magenta]1---0'48.259---Allibubba99   [/COLOR]
[COLOR=Magenta]2---0'49.926---Askorbiini   [/COLOR]

[img]https://www.gtplanet.net/forum/media/20970700653349021-jpg.131439/full[/img]

Overall Results:


>> Division 1: Par: 0'45.596 Gold: 0'45.967 Silver: 0'46.380 Bronze: 0'46.834
[COLOR=DarkOrange]1---0'46.660---shoenboggie r=1.872 (d1/-0.315) [/COLOR]

>> Division 2: Par: 0'46.835 Gold: 0'47.392 Silver: 0'48.011 Bronze: 0'48.692
[COLOR=Blue]2---0'47.082---Hasnain282 r=2.148 (d2/1.130) [/COLOR]
[COLOR=DarkOrange]3---0'47.415---Nebuc72 r=2.346 (d2/0.383) [/COLOR]
[COLOR=DarkOrange]4---0'48.193---GTP_Eggstor r=2.756 (d2/-0.140) [/COLOR]
[COLOR=Magenta]5---0'48.259---Allibubba99 r=2.788 (d2/-0.283) [/COLOR]
[COLOR=DarkOrange]6---0'48.442---JamCar0ne r=2.878 (d2/0.014) [/COLOR]

>> Division 3: Par: 0'48.693 Gold: 0'49.436 Silver: 0'50.261 Bronze: 0'51.169
[COLOR=Magenta]7---0'49.926---Askorbiini r=3.531 (d3/-0.468) [/COLOR]


[img]https://www.gtplanet.net/forum/media/20970393164113965-jpg.131440/full[/img]

Handicapped Results:

[COLOR=Magenta]1---0'47.813---(-0.46764)---Askorbiini [/COLOR]
[COLOR=DarkOrange]2---0'48.343---(-0.31505)---shoenboggie [/COLOR]
[COLOR=Magenta]3---0'48.454---(-0.28285)---Allibubba99 [/COLOR]
[COLOR=DarkOrange]4---0'48.950---(-0.13987)---GTP_Eggstor [/COLOR]
[COLOR=DarkOrange]5---0'49.484---(0.01407)---JamCar0ne [/COLOR]
[COLOR=DarkOrange]6---0'50.764---(0.38284)---Nebuc72 [/COLOR]
[COLOR=Blue]7---0'53.356---(1.13030)---Hasnain282 [/COLOR]


(Settings: Weight = 1.000 Squeeze = 4.009 Scoot = -0.837)

[/B]


[COLOR=Darkblue][IMG]https://www.gtplanet.net/forum/attachments/greenflag-gif.152575/[/IMG] shows that the replay has been posted and verified.
[IMG]https://www.gtplanet.net/forum/attachments/redflag-gif.152574/[/IMG] shows that the submitted lap turned out to be dirty or doubtful.
[IMG]https://www.gtplanet.net/forum/attachments/blackflag-gif.152573/[/IMG] shows that the replay has was found to be invalid.[/COLOR]

[COLOR=Black][B]Replay Checking:[/B][/COLOR][COLOR=Darkblue]

[LIST=1]
[*]It is customary for all participants of the WRS to verify each others submitted replays
[*]Once you have checked the replay, post in this thread to say that you have checked it and whether it's clean, dirty or doesn't meet the required race specifications
[*]When verifying a replay, check against this weeks race specification, check that the tyres are the correct compound and that the power and weight is correct for example
[*]If you are unsure about a replay, always seek a second opinion before posting
[/LIST][/COLOR]

