

[CENTER]

[COLOR=Black][SIZE=6][B]:: GTP_Weekly Race Series ::[/B][/SIZE][/COLOR]

[IMG]https://www.gtplanet.net/forum/media/wrs_tt_gt7_main-png.124241/full[/IMG]


[COLOR=Black][SIZE=6][B][U]Week 27 (Official): A Topoliss Roadster[/U][/B][/SIZE][/COLOR]
[COLOR=Black][SIZE=6][B][U]Results[/U][/B][/SIZE][/COLOR]

[IMG]https://www.gtplanet.net/forum/media/autopolis-international-racing-course-short-course_edit-jpg.131877/full[/IMG]

[SIZE=6][COLOR=Black][B][U]Time Trial in Arcade Mode[/U][/B][/COLOR][/SIZE]

[IMG]https://www.gtplanet.net/forum/media/autopolis-international-racing-course-short-course__3-jpeg.131871/full[/IMG]

[COLOR=Black][SIZE=6][U][B]Mazda Roadster Touring Car[/B][/U][/SIZE][/COLOR]

[IMG]https://www.gtplanet.net/forum/media/autopolis-international-racing-course-short-course__2-jpeg.131870/full[/IMG]

[SIZE=6][COLOR=Black][B][U]Autopolis International Racing Course - Shortcut Course[/U][/B][/COLOR][/SIZE]
[/CENTER]

[COLOR=Black][B]Steward's Comments:[/B][/COLOR]
[COLOR=Darkblue]
Good job everyone!

Cheers,

OLR Team.
[/COLOR]

[COLOR=Black][B]Sharing Your Replay:
[LIST][*]Go to Your Library, locate your Submitted Best Lap Replay, and share it using the in game menu features.
[*]Be sure to share your replay PUBLICLY for verification, so that any member may find it.
[*]When sharing your replay this week, please use the following share tags to make your replay easy for other members to locate
[LIST][*]gtpwrs027, essentials, pineapple[/LIST]
[/LIST][/COLOR][COLOR=Darkblue]This thread will be listed as "Provisional" and will become "Official" once all posted replays have been verified.
Disqualification isn't taken lightly within the WRS.[/COLOR]
[COLOR=Red][B]Drivers who do not have a submitted lap posted in the results are not to post any information related to a laptime they might have achieved in the results thread. Any such posts will have the times removed.[/B][/COLOR]

[B]

Division 1:

[COLOR=Blue]1---1'18.276---mistersafeway  (Verified) [IMG]https://www.gtplanet.net/forum/attachments/greenflag-gif.152575/[/IMG][/COLOR]
[COLOR=Blue]2---1'18.330---Mysteron71  (Verified) [IMG]https://www.gtplanet.net/forum/attachments/greenflag-gif.152575/[/IMG][/COLOR]
[COLOR=Blue]3---1'18.522---Nebuc72  (Verified) [IMG]https://www.gtplanet.net/forum/attachments/greenflag-gif.152575/[/IMG][/COLOR]
[COLOR=Blue]4---1'18.599---Hasnain282   [/COLOR]

Division 2:

[COLOR=DarkOrange]1---1'18.814---half_sourly  (Verified) [IMG]https://www.gtplanet.net/forum/attachments/greenflag-gif.152575/[/IMG][/COLOR]
[COLOR=DarkOrange]2---1'19.180-R-bl23ub   [/COLOR]
[COLOR=DarkOrange]3---1'19.290---GTP_tzracer   [/COLOR]
[COLOR=DarkOrange]4---1'19.301---tmtkview   [/COLOR]
[COLOR=DarkOrange]5---1'19.996---GTP_Eggstor   [/COLOR]

[img]https://www.gtplanet.net/forum/media/autopolis-international-racing-course-short-course__1-jpeg.131869/full[/img]

Overall Results:


>> Division 1: Par: 1'18.096 Gold: 1'18.284 Silver: 1'18.493 Bronze: 1'18.724
[COLOR=Blue]1---1'18.276---mistersafeway r=1.319 (d1/-0.048) [/COLOR]
[COLOR=Blue]2---1'18.330---Mysteron71 r=1.407 (d1/-0.510) [/COLOR]
[COLOR=Blue]3---1'18.522---Nebuc72 r=1.709 (d1/-0.254) [/COLOR]
[COLOR=Blue]4---1'18.599---Hasnain282 r=1.820 (d1/0.802) [/COLOR]

>> Division 2: Par: 1'18.725 Gold: 1'19.007 Silver: 1'19.321 Bronze: 1'19.666
[COLOR=DarkOrange]5---1'18.814---half_sourly r=2.105 (d2/0.014) [/COLOR]
[COLOR=DarkOrange]6---1'19.180-R-bl23ub r=2.517 (d2/-0.130) [/COLOR]
[COLOR=DarkOrange]7---1'19.290---GTP_tzracer r=2.634 (d2/-0.093) [/COLOR]
[COLOR=DarkOrange]8---1'19.301---tmtkview r=2.645 (d2/-0.024) [/COLOR]

>> Division 3: Par: 1'19.667 Gold: 1'20.043 Silver: 1'20.462 Bronze: 1'20.923
[COLOR=DarkOrange]9---1'19.996---GTP_Eggstor r=3.292 (d3/0.434) [/COLOR]


[img]https://www.gtplanet.net/forum/media/autopolis-international-racing-course-short-course__6-jpeg.131874/full[/img]

Handicapped Results:

[COLOR=Blue]1---1'19.145---(-0.50997)---Mysteron71 [/COLOR]
[COLOR=Blue]2---1'19.595---(-0.25437)---Nebuc72 [/COLOR]
[COLOR=DarkOrange]3---1'19.879---(-0.09314)---GTP_tzracer [/COLOR]
[COLOR=Blue]4---1'19.957---(-0.04834)---mistersafeway [/COLOR]
[COLOR=DarkOrange]5---1'20.000---(-0.02397)---tmtkview [/COLOR]
[COLOR=DarkOrange]6---1'20.067---(0.01391)---half_sourly [/COLOR]
[COLOR=DarkOrange]7---1'20.805---(0.43373)---GTP_Eggstor [/COLOR]
[COLOR=Blue]8---1'21.453---(0.80211)---Hasnain282 [/COLOR]


(Settings: Weight = 1.000 Squeeze = 3.244 Scoot = -0.024)

[/B]


[COLOR=Darkblue][IMG]https://www.gtplanet.net/forum/attachments/greenflag-gif.152575/[/IMG] shows that the replay has been posted and verified.
[IMG]https://www.gtplanet.net/forum/attachments/redflag-gif.152574/[/IMG] shows that the submitted lap turned out to be dirty or doubtful.
[IMG]https://www.gtplanet.net/forum/attachments/blackflag-gif.152573/[/IMG] shows that the replay has was found to be invalid.[/COLOR]

[COLOR=Black][B]Replay Checking:[/B][/COLOR][COLOR=Darkblue]

[LIST=1]
[*]It is customary for all participants of the WRS to verify each others submitted replays
[*]Once you have checked the replay, post in this thread to say that you have checked it and whether it's clean, dirty or doesn't meet the required race specifications
[*]When verifying a replay, check against this weeks race specification, check that the tyres are the correct compound and that the power and weight is correct for example
[*]If you are unsure about a replay, always seek a second opinion before posting
[/LIST][/COLOR]

