

[CENTER]

[COLOR=Black][SIZE=6][B]:: GTP_Weekly Race Series ::[/B][/SIZE][/COLOR]



[IMG]https://www.gtplanet.net/forum/media/wrs_tt_gt7_main-png.124241/full[/IMG]
[COLOR=Black][SIZE=6][B][U]Week 6 (Official): A Brand New Hot Hatch May Be Quicker[/U][/B][/SIZE][/COLOR]
[COLOR=Black][SIZE=6][B][U]Results[/U][/B][/SIZE][/COLOR]

[IMG]https://www.gtplanet.net/forum/media/20970139520606625-jpg.127174/full[/IMG]

[SIZE=6][COLOR=Black][B][U]Time Trial in Arcade Mode[/U][/B][/COLOR][/SIZE]

[IMG]https://www.gtplanet.net/forum/media/20970904744670430-jpg.127176/full[/IMG]

[COLOR=Black][SIZE=6][U][B]Radical SR3 SL '13[/B][/U][/SIZE][/COLOR]

[IMG]https://www.gtplanet.net/forum/media/20970425107503579-jpg.127177/full[/IMG]

[SIZE=6][COLOR=Black][B][U]Brands Hatch Grand Prix Circuit[/U][/B][/COLOR][/SIZE]
[/CENTER]

[COLOR=Black][B]Steward's Comments:[/B][/COLOR]
[COLOR=Darkblue]
Good job everyone!

Cheers,

OLR Team.
[/COLOR]

[COLOR=Black][B]Sharing Your Replay:
[LIST][*]Go to Your Library, locate your Submitted Best Lap Replay, and share it using the in game menu features.
[*]Be sure to share your replay PUBLICLY for verification, so that any member may find it.
[*]When sharing your replay this week, please use the following share tags to make your replay easy for other members to locate
[LIST][*]gtpwrs006, essentials, pineapple[/LIST]
[/LIST][/COLOR][COLOR=Darkblue]This thread will be listed as "Provisional" and will become "Official" once all posted replays have been verified.
Disqualification isn't taken lightly within the WRS.[/COLOR]
[COLOR=Red][B]Drivers who do not have a submitted lap posted in the results are not to post any information related to a laptime they might have achieved in the results thread. Any such posts will have the times removed.[/B][/COLOR]

[B]

Division 1:

[COLOR=Blue]1---1'37.285---Hasnain282  (Verified) [IMG]https://www.gtplanet.net/forum/attachments/greenflag-gif.152575/[/IMG][/COLOR]
[COLOR=Blue]2---1'37.333---GTP_Animera  (Verified) [IMG]https://www.gtplanet.net/forum/attachments/greenflag-gif.152575/[/IMG][/COLOR]
[COLOR=Blue]3---1'37.409-R-mistersafeway  (Verified) [IMG]https://www.gtplanet.net/forum/attachments/greenflag-gif.152575/[/IMG][/COLOR]
[COLOR=Blue]4---1'37.447-R-MeisterFetz  (Verified) [IMG]https://www.gtplanet.net/forum/attachments/greenflag-gif.152575/[/IMG][/COLOR]
[COLOR=Blue]5---1'37.626-R-CnF_Pigems  (Verified) [IMG]https://www.gtplanet.net/forum/attachments/greenflag-gif.152575/[/IMG][/COLOR]
[COLOR=Blue]6---1'37.726---GTP_billyjoebobx   [/COLOR]
[COLOR=Blue]7---1'37.826-R-boabdulrahman  (Verified) [IMG]https://www.gtplanet.net/forum/attachments/greenflag-gif.152575/[/IMG][/COLOR]

Division 2:

[COLOR=DarkOrange]1---1'38.203---RuddRacer  (Verified) [IMG]https://www.gtplanet.net/forum/attachments/greenflag-gif.152575/[/IMG][/COLOR]
[COLOR=DarkOrange]2---1'38.324---tarnheld  (Verified) [IMG]https://www.gtplanet.net/forum/attachments/greenflag-gif.152575/[/IMG][/COLOR]
[COLOR=DarkOrange]3---1'38.697-R-Chim_GT3  (Verified) [IMG]https://www.gtplanet.net/forum/attachments/greenflag-gif.152575/[/IMG][/COLOR]
[COLOR=DarkOrange]4---1'38.784---shoenboggie   [/COLOR]
[COLOR=DarkOrange]5---1'38.884-R-Sjokkomoes  (Verified) [IMG]https://www.gtplanet.net/forum/attachments/greenflag-gif.152575/[/IMG][/COLOR]

Division 3:

[COLOR=Magenta]1---1'39.410---colinnola  (Verified) [IMG]https://www.gtplanet.net/forum/attachments/greenflag-gif.152575/[/IMG][/COLOR]
[COLOR=Magenta]2---1'39.993---Munch2112  (Verified) [IMG]https://www.gtplanet.net/forum/attachments/greenflag-gif.152575/[/IMG][/COLOR]
[COLOR=Magenta]3---1'40.759-R-Clemeson  (Verified) [IMG]https://www.gtplanet.net/forum/attachments/greenflag-gif.152575/[/IMG][/COLOR]
[COLOR=Magenta]4---1'40.872-R-GTP_DGiant2000  (Verified) [IMG]https://www.gtplanet.net/forum/attachments/greenflag-gif.152575/[/IMG][/COLOR]
[COLOR=Magenta]5---1'40.891-R-JamCar0ne  (Verified) [IMG]https://www.gtplanet.net/forum/attachments/greenflag-gif.152575/[/IMG][/COLOR]
[COLOR=Magenta]6---1'41.440---GTP_Eggstor   [/COLOR]
[COLOR=Magenta]7---1'42.168---DonNerazzurri666   [/COLOR]

[img]https://www.gtplanet.net/forum/media/20969922557065963-jpg.127173/full[/img]

Overall Results:


>> Division 1: Par: 1'36.892 Gold: 1'37.227 Silver: 1'37.600 Bronze: 1'38.010
[COLOR=Blue]1---1'37.285---Hasnain282 r=1.385 (d1/-0.170) [/COLOR]
[COLOR=Blue]2---1'37.333---GTP_Animera r=1.428 (d1/-0.050) [/COLOR]
[COLOR=Blue]3---1'37.409-R-mistersafeway r=1.496 (d1/0.179) [/COLOR]
[COLOR=Blue]4---1'37.447-R-MeisterFetz r=1.530 (d1/0.000) [/COLOR]
[COLOR=Blue]5---1'37.626-R-CnF_Pigems r=1.688 (d1/0.000) [/COLOR]
[COLOR=Blue]6---1'37.726---GTP_billyjoebobx r=1.769 (d1/0.108) [/COLOR]
[COLOR=Blue]7---1'37.826-R-boabdulrahman r=1.850 (d1/-0.129) [/COLOR]

>> Division 2: Par: 1'38.011 Gold: 1'38.514 Silver: 1'39.073 Bronze: 1'39.688
[COLOR=DarkOrange]8---1'38.203---RuddRacer r=2.127 (d2/-0.141) [/COLOR]
[COLOR=DarkOrange]9---1'38.324---tarnheld r=2.207 (d2/-0.286) [/COLOR]
[COLOR=DarkOrange]10--1'38.697-R-Chim_GT3 r=2.442 (d2/-0.202) [/COLOR]
[COLOR=DarkOrange]11--1'38.784---shoenboggie r=2.494 (d2/-0.031) [/COLOR]
[COLOR=DarkOrange]12--1'38.884-R-Sjokkomoes r=2.554 (d2/0.000) [/COLOR]
[COLOR=Magenta]13--1'39.410---colinnola r=2.849 (d2/-0.053) [/COLOR]

>> Division 3: Par: 1'39.689 Gold: 1'40.360 Silver: 1'41.105 Bronze: 1'41.925
[COLOR=Magenta]14--1'39.993---Munch2112 r=3.151 (d3/0.129) [/COLOR]
[COLOR=Magenta]15--1'40.759-R-Clemeson r=3.512 (d3/-0.062) [/COLOR]
[COLOR=Magenta]16--1'40.872-R-GTP_DGiant2000 r=3.562 (d3/0.452) [/COLOR]
[COLOR=Magenta]17--1'40.891-R-JamCar0ne r=3.571 (d3/0.260) [/COLOR]
[COLOR=Magenta]18--1'41.440---GTP_Eggstor r=3.803 (d3/-0.067) [/COLOR]

>> Division 4: Par: 1'41.926 Gold: 1'44.107 Silver: 1'46.531 Bronze: 1'49.197
[COLOR=Magenta]19--1'42.168---DonNerazzurri666 r=4.037 (d4/0.090) [/COLOR]

[COLOR=Lime]Q---(No Replay)---Manolnova [IMG]https://www.gtplanet.net/forum/attachments/blackflag-gif.152573/[/IMG] [/COLOR]
[COLOR=Lime]Q---(No Replay)---Nolakojo [IMG]https://www.gtplanet.net/forum/attachments/blackflag-gif.152573/[/IMG] [/COLOR]

[img]https://www.gtplanet.net/forum/media/20970001000220768-jpg.127182/full[/img]

Handicapped Results:

[COLOR=DarkOrange]1---1'39.463---(-0.28609)---tarnheld [/COLOR]
[COLOR=Blue]2---1'39.827---(-0.17005)---Hasnain282 [/COLOR]
[COLOR=DarkOrange]3---1'39.918---(-0.14090)---RuddRacer [/COLOR]
[COLOR=Magenta]4---1'40.150---(-0.06674)---GTP_Eggstor [/COLOR]
[COLOR=Magenta]5---1'40.195---(-0.05259)---colinnola [/COLOR]
[COLOR=Blue]6---1'40.204---(-0.04963)---GTP_Animera [/COLOR]
[COLOR=DarkOrange]7---1'40.262---(-0.03115)---shoenboggie [/COLOR]
[COLOR=Magenta]8---1'40.643---(0.09049)---DonNerazzurri666 [/COLOR]
[COLOR=Blue]9---1'40.699---(0.10827)---GTP_billyjoebobx [/COLOR]
[COLOR=Magenta]10--1'40.765---(0.12931)---Munch2112 [/COLOR]


(Settings: Weight = 1.000 Squeeze = 1.971 Scoot = 0.066)

[/B]


[COLOR=Darkblue][IMG]https://www.gtplanet.net/forum/attachments/greenflag-gif.152575/[/IMG] shows that the replay has been posted and verified.
[IMG]https://www.gtplanet.net/forum/attachments/redflag-gif.152574/[/IMG] shows that the submitted lap turned out to be dirty or doubtful.
[IMG]https://www.gtplanet.net/forum/attachments/blackflag-gif.152573/[/IMG] shows that the replay has was found to be invalid.[/COLOR]

[COLOR=Black][B]Replay Checking:[/B][/COLOR][COLOR=Darkblue]

[LIST=1]
[*]It is customary for all participants of the WRS to verify each others submitted replays
[*]Once you have checked the replay, post in this thread to say that you have checked it and whether it's clean, dirty or doesn't meet the required race specifications
[*]When verifying a replay, check against this weeks race specification, check that the tyres are the correct compound and that the power and weight is correct for example
[*]If you are unsure about a replay, always seek a second opinion before posting
[/LIST][/COLOR]

