

[CENTER]

[COLOR=Black][SIZE=6][B]:: GTP_Weekly Race Series ::[/B][/SIZE][/COLOR]

[IMG]https://www.gtplanet.net/forum/media/wrs_tt_gt7_main-png.124241/full[/IMG]


[COLOR=Black][SIZE=6][B][U]Week 36 (Official): Brands New Mini[/U][/B][/SIZE][/COLOR]
[COLOR=Black][SIZE=6][B][U]Results[/U][/B][/SIZE][/COLOR]

[IMG]https://www.gtplanet.net/forum/proxy.php?image=https%3A%2F%2Fpbs.twimg.com%2Fmedia%2FFjtiP1NXoAEGPJt%3Fformat%3Djpg%26name%3Dmedhttps://www.gtplanet.net/forum/proxy.php?image=https%3A%2F%2Fpbs.twimg.com%2Fmedia%2FFjtiCbPXkAMk-10%3Fformat%3Djpg%26name%3Dmedhttps://www.gtplanet.net/forum/proxy.php?image=https%3A%2F%2Fpbs.twimg.com%2Fmedia%2FFjtiM32XkAAmOHf%3Fformat%3Djpg%26name%3Dmedhttps://www.gtplanet.net/forum/proxy.php?image=https%3A%2F%2Fpbs.twimg.com%2Fmedia%2FFjth_brXgAIH5R3%3Fformat%3Djpg%26name%3Dmedhttps://www.gtplanet.net/forum/proxy.php?image=https%3A%2F%2Fpbs.twimg.com%2Fmedia%2FFjth77-WQAEAW4V%3Fformat%3Djpg%26name%3Dmed[/IMG]

[SIZE=6][COLOR=Black][B][U]Time Trial in Arcade Mode[/U][/B][/COLOR][/SIZE]

[IMG]https://www.gtplanet.net/forum/proxy.php?image=https%3A%2F%2Fpbs.twimg.com%2Fmedia%2FFjtiCbPXkAMk-10%3Fformat%3Djpg%26name%3Dmedhttps://www.gtplanet.net/forum/proxy.php?image=https%3A%2F%2Fpbs.twimg.com%2Fmedia%2FFjtiM32XkAAmOHf%3Fformat%3Djpg%26name%3Dmedhttps://www.gtplanet.net/forum/proxy.php?image=https%3A%2F%2Fpbs.twimg.com%2Fmedia%2FFjth_brXgAIH5R3%3Fformat%3Djpg%26name%3Dmedhttps://www.gtplanet.net/forum/proxy.php?image=https%3A%2F%2Fpbs.twimg.com%2Fmedia%2FFjth77-WQAEAW4V%3Fformat%3Djpg%26name%3Dmed[/IMG]

[COLOR=Black][SIZE=6][U][B]Mini Cooper S '05[/B][/U][/SIZE][/COLOR]

[IMG]https://www.gtplanet.net/forum/proxy.php?image=https%3A%2F%2Fpbs.twimg.com%2Fmedia%2FFjtiM32XkAAmOHf%3Fformat%3Djpg%26name%3Dmedhttps://www.gtplanet.net/forum/proxy.php?image=https%3A%2F%2Fpbs.twimg.com%2Fmedia%2FFjth_brXgAIH5R3%3Fformat%3Djpg%26name%3Dmedhttps://www.gtplanet.net/forum/proxy.php?image=https%3A%2F%2Fpbs.twimg.com%2Fmedia%2FFjth77-WQAEAW4V%3Fformat%3Djpg%26name%3Dmed[/IMG]

[SIZE=6][COLOR=Black][B][U]Brands Hatch Indy[/U][/B][/COLOR][/SIZE]
[/CENTER]

[COLOR=Black][B]Steward's Comments:[/B][/COLOR]
[COLOR=Darkblue]
Good job everyone!

Cheers,

OLR Team.
[/COLOR]

[COLOR=Black][B]Sharing Your Replay:
[LIST][*]Go to Your Library, locate your Submitted Best Lap Replay, and share it using the in game menu features.
[*]Be sure to share your replay PUBLICLY for verification, so that any member may find it.
[*]When sharing your replay this week, please use the following share tags to make your replay easy for other members to locate
[LIST][*]gtpwrs036, essentials, pineapple[/LIST]
[/LIST][/COLOR][COLOR=Darkblue]This thread will be listed as "Provisional" and will become "Official" once all posted replays have been verified.
Disqualification isn't taken lightly within the WRS.[/COLOR]
[COLOR=Red][B]Drivers who do not have a submitted lap posted in the results are not to post any information related to a laptime they might have achieved in the results thread. Any such posts will have the times removed.[/B][/COLOR]

[B]

Division 1:

[COLOR=Blue]1---0'56.579---Hasnain282  (Verified) [IMG]https://www.gtplanet.net/forum/attachments/greenflag-gif.152575/[/IMG][/COLOR]
[COLOR=Blue]2---0'56.821---half_sourly  (Verified) [IMG]https://www.gtplanet.net/forum/attachments/greenflag-gif.152575/[/IMG][/COLOR]
[COLOR=Blue]3---0'56.890-R-GTP_Coupe  (Verified) [IMG]https://www.gtplanet.net/forum/attachments/greenflag-gif.152575/[/IMG][/COLOR]

Division 2:

[COLOR=DarkOrange]1---0'57.224---benjoi84  (Verified) [IMG]https://www.gtplanet.net/forum/attachments/greenflag-gif.152575/[/IMG][/COLOR]
[COLOR=DarkOrange]2---0'57.523---tmtkview  (Verified) [IMG]https://www.gtplanet.net/forum/attachments/greenflag-gif.152575/[/IMG][/COLOR]
[COLOR=DarkOrange]3---0'57.715---JamCar0ne  (Verified) [IMG]https://www.gtplanet.net/forum/attachments/greenflag-gif.152575/[/IMG][/COLOR]
[COLOR=DarkOrange]4---0'57.819---GTP_Eggstor   [/COLOR]

Division 3:

[COLOR=Magenta]1---0'58.545---GTP_Steven  (Verified) [IMG]https://www.gtplanet.net/forum/attachments/greenflag-gif.152575/[/IMG][/COLOR]
[COLOR=Magenta]2---1'00.154---Askorbiini  (Verified) [IMG]https://www.gtplanet.net/forum/attachments/greenflag-gif.152575/[/IMG][/COLOR]

Division 4:

[COLOR=DarkRed]1---0'59.580-R-Maique  (Verified) [IMG]https://www.gtplanet.net/forum/attachments/greenflag-gif.152575/[/IMG][/COLOR]

[img]https://www.gtplanet.net/forum/proxy.php?image=https%3A%2F%2Fpbs.twimg.com%2Fmedia%2FFjth_brXgAIH5R3%3Fformat%3Djpg%26name%3Dmedhttps://www.gtplanet.net/forum/proxy.php?image=https%3A%2F%2Fpbs.twimg.com%2Fmedia%2FFjth77-WQAEAW4V%3Fformat%3Djpg%26name%3Dmed[/img]

Overall Results:


>> Division 1: Par: 0'56.479 Gold: 0'56.665 Silver: 0'56.871 Bronze: 0'57.099
[COLOR=Blue]1---0'56.579---Hasnain282 r=1.179 (d1/0.162) [/COLOR]
[COLOR=Blue]2---0'56.821---half_sourly r=1.586 (d1/-0.161) [/COLOR]
[COLOR=Blue]3---0'56.890-R-GTP_Coupe r=1.694 (d1/0.000) [/COLOR]

>> Division 2: Par: 0'57.100 Gold: 0'57.378 Silver: 0'57.688 Bronze: 0'58.029
[COLOR=DarkOrange]4---0'57.224---benjoi84 r=2.149 (d2/0.113) [/COLOR]
[COLOR=DarkOrange]5---0'57.523---tmtkview r=2.489 (d2/0.215) [/COLOR]
[COLOR=DarkOrange]6---0'57.715---JamCar0ne r=2.693 (d2/-0.126) [/COLOR]
[COLOR=DarkOrange]7---0'57.819---GTP_Eggstor r=2.795 (d2/-0.063) [/COLOR]

>> Division 3: Par: 0'58.030 Gold: 0'58.401 Silver: 0'58.814 Bronze: 0'59.269
[COLOR=Magenta]8---0'58.545---GTP_Steven r=3.450 (d3/-0.484) [/COLOR]

>> Division 4: Par: 0'59.270 Gold: 1'00.478 Silver: 1'01.821 Bronze: 1'03.299
[COLOR=DarkRed]9---0'59.580-R-Maique r=4.086 (d4/0.000) [/COLOR]
[COLOR=Magenta]10--1'00.154---Askorbiini r=4.244 (d4/0.340) [/COLOR]


[img]https://www.gtplanet.net/forum/proxy.php?image=https%3A%2F%2Fpbs.twimg.com%2Fmedia%2FFjth77-WQAEAW4V%3Fformat%3Djpg%26name%3Dmed[/img]

Handicapped Results:

[COLOR=Magenta]1---0'57.560---(-0.48398)---GTP_Steven [/COLOR]
[COLOR=Blue]2---0'58.121---(-0.16124)---half_sourly [/COLOR]
[COLOR=DarkOrange]3---0'58.182---(-0.12594)---JamCar0ne [/COLOR]
[COLOR=DarkOrange]4---0'58.291---(-0.06322)---GTP_Eggstor [/COLOR]
[COLOR=DarkOrange]5---0'58.596---(0.11275)---benjoi84 [/COLOR]
[COLOR=Blue]6---0'58.681---(0.16175)---Hasnain282 [/COLOR]
[COLOR=DarkOrange]7---0'58.774---(0.21529)---tmtkview [/COLOR]
[COLOR=Magenta]8---0'58.990---(0.33982)---Askorbiini [/COLOR]


(Settings: Weight = 1.000 Squeeze = 1.399 Scoot = 0.142)

[/B]


[COLOR=Darkblue][IMG]https://www.gtplanet.net/forum/attachments/greenflag-gif.152575/[/IMG] shows that the replay has been posted and verified.
[IMG]https://www.gtplanet.net/forum/attachments/redflag-gif.152574/[/IMG] shows that the submitted lap turned out to be dirty or doubtful.
[IMG]https://www.gtplanet.net/forum/attachments/blackflag-gif.152573/[/IMG] shows that the replay has was found to be invalid.[/COLOR]

[COLOR=Black][B]Replay Checking:[/B][/COLOR][COLOR=Darkblue]

[LIST=1]
[*]It is customary for all participants of the WRS to verify each others submitted replays
[*]Once you have checked the replay, post in this thread to say that you have checked it and whether it's clean, dirty or doesn't meet the required race specifications
[*]When verifying a replay, check against this weeks race specification, check that the tyres are the correct compound and that the power and weight is correct for example
[*]If you are unsure about a replay, always seek a second opinion before posting
[/LIST][/COLOR]

