

[CENTER]

[COLOR=Black][SIZE=6][B]:: GTP_Weekly Race Series ::[/B][/SIZE][/COLOR]


[IMG]https://www.gtplanet.net/forum/media/wrs_tt_gt7_main-png.124241/full[/IMG]

[COLOR=Black][SIZE=6][B][U]Week 9 (Official): Porsche over Red Water[/U][/B][/SIZE][/COLOR]
[COLOR=Black][SIZE=6][B][U]Results[/U][/B][/SIZE][/COLOR]

[IMG]https://www.gtplanet.net/forum/media/circuit-de-spa-francorchamps_-jpeg.127790/full[/IMG]

[SIZE=6][COLOR=Black][B][U]Time Trial in Arcade Mode[/U][/B][/COLOR][/SIZE]

[IMG]https://www.gtplanet.net/forum/media/circuit-de-spa-francorchamps__7-jpeg.127789/full[/IMG]

[COLOR=Black][SIZE=6][U][B]Porsche 911 RSR (991) '17[/B][/U][/SIZE][/COLOR]

[IMG]https://www.gtplanet.net/forum/media/circuit-de-spa-francorchamps__6-jpeg.127788/full[/IMG]

[SIZE=6][COLOR=Black][B][U]Circuit de Spa-Francorchamps[/U][/B][/COLOR][/SIZE]
[/CENTER]

[COLOR=Black][B]Steward's Comments:[/B][/COLOR]
[COLOR=Darkblue]
Good job everyone!

Cheers,

OLR Team.
[/COLOR]

[COLOR=Black][B]Sharing Your Replay:
[LIST][*]Go to Your Library, locate your Submitted Best Lap Replay, and share it using the in game menu features.
[*]Be sure to share your replay PUBLICLY for verification, so that any member may find it.
[*]When sharing your replay this week, please use the following share tags to make your replay easy for other members to locate
[LIST][*]gtpwrs009, essentials, pineapple[/LIST]
[/LIST][/COLOR][COLOR=Darkblue]This thread will be listed as "Provisional" and will become "Official" once all posted replays have been verified.
Disqualification isn't taken lightly within the WRS.[/COLOR]
[COLOR=Red][B]Drivers who do not have a submitted lap posted in the results are not to post any information related to a laptime they might have achieved in the results thread. Any such posts will have the times removed.[/B][/COLOR]

[B]

Division 1:

[COLOR=Blue]1---2'17.065---Hasnain282  (Verified) [IMG]https://www.gtplanet.net/forum/attachments/greenflag-gif.152575/[/IMG][/COLOR]
[COLOR=Blue]2---2'17.187---GTP_Jammy  (Verified) [IMG]https://www.gtplanet.net/forum/attachments/greenflag-gif.152575/[/IMG][/COLOR]
[COLOR=Blue]3---2'17.223-R-MeisterFetz  (Verified) [IMG]https://www.gtplanet.net/forum/attachments/greenflag-gif.152575/[/IMG][/COLOR]
[COLOR=Blue]4---2'17.362---GTP_Animera   [/COLOR]
[COLOR=Blue]5---2'17.650-R-boabdulrahman  (Verified) [IMG]https://www.gtplanet.net/forum/attachments/greenflag-gif.152575/[/IMG][/COLOR]
[COLOR=Blue]6---2'18.110---GTP_billyjoebobx   [/COLOR]

Division 2:

[COLOR=DarkOrange]1---2'17.801-R-Mysteron71  (Verified) [IMG]https://www.gtplanet.net/forum/attachments/greenflag-gif.152575/[/IMG][/COLOR]
[COLOR=DarkOrange]2---2'17.952-R-GTP_WRP001  (Verified) [IMG]https://www.gtplanet.net/forum/attachments/greenflag-gif.152575/[/IMG][/COLOR]
[COLOR=DarkOrange]3---2'18.237-R-Sjokkomoes   [/COLOR]
[COLOR=DarkOrange]4---2'18.476---RuddRacer   [/COLOR]
[COLOR=DarkOrange]5---2'18.973-R-stann_oz66   [/COLOR]
[COLOR=DarkOrange]6---2'19.222---Chim_GT3  (Verified) [IMG]https://www.gtplanet.net/forum/attachments/greenflag-gif.152575/[/IMG][/COLOR]
[COLOR=DarkOrange]7---2'19.435---colinnola   [/COLOR]

Division 3:

[COLOR=Magenta]1---2'19.974-R-tmtkview  (Verified) [IMG]https://www.gtplanet.net/forum/attachments/greenflag-gif.152575/[/IMG][/COLOR]
[COLOR=Magenta]2---2'20.445---GTP_Eggstor  (Verified) [IMG]https://www.gtplanet.net/forum/attachments/greenflag-gif.152575/[/IMG][/COLOR]
[COLOR=Magenta]3---2'21.885---DonNerazzurri666  (Verified) [IMG]https://www.gtplanet.net/forum/attachments/greenflag-gif.152575/[/IMG][/COLOR]

[img]https://www.gtplanet.net/forum/media/circuit-de-spa-francorchamps__2-jpeg.127784/full[/img]

Overall Results:


>> Division 1: Par: 2'16.529 Gold: 2'16.880 Silver: 2'17.270 Bronze: 2'17.700
[COLOR=Blue]1---2'17.065---Hasnain282 r=1.491 (d1/-0.019) [/COLOR]
[COLOR=Blue]2---2'17.187---GTP_Jammy r=1.596 (d1/-0.286) [/COLOR]
[COLOR=Blue]3---2'17.223-R-MeisterFetz r=1.626 (d1/0.097) [/COLOR]
[COLOR=Blue]4---2'17.362---GTP_Animera r=1.738 (d1/0.270) [/COLOR]
[COLOR=Blue]5---2'17.650-R-boabdulrahman r=1.961 (d1/-0.006) [/COLOR]

>> Division 2: Par: 2'17.701 Gold: 2'18.227 Silver: 2'18.813 Bronze: 2'19.457
[COLOR=DarkOrange]6---2'17.801-R-Mysteron71 r=2.063 (d2/-0.060) [/COLOR]
[COLOR=DarkOrange]7---2'17.952-R-GTP_WRP001 r=2.159 (d2/0.000) [/COLOR]
[COLOR=Blue]8---2'18.110---GTP_billyjoebobx r=2.259 (d2/0.598) [/COLOR]
[COLOR=DarkOrange]9---2'18.237-R-Sjokkomoes r=2.339 (d2/-0.212) [/COLOR]
[COLOR=DarkOrange]10--2'18.476---RuddRacer r=2.475 (d2/0.235) [/COLOR]
[COLOR=DarkOrange]11--2'18.973-R-stann_oz66 r=2.749 (d2/-0.546) [/COLOR]
[COLOR=DarkOrange]12--2'19.222---Chim_GT3 r=2.878 (d2/0.301) [/COLOR]
[COLOR=DarkOrange]13--2'19.435---colinnola r=2.989 (d2/0.147) [/COLOR]

>> Division 3: Par: 2'19.458 Gold: 2'20.160 Silver: 2'20.941 Bronze: 2'21.800
[COLOR=Magenta]14--2'19.974-R-tmtkview r=3.245 (d3/0.000) [/COLOR]
[COLOR=Magenta]15--2'20.445---GTP_Eggstor r=3.455 (d3/-0.401) [/COLOR]

>> Division 4: Par: 2'21.801 Gold: 2'24.085 Silver: 2'26.623 Bronze: 2'29.415
[COLOR=Magenta]16--2'21.885---DonNerazzurri666 r=4.012 (d4/0.108) [/COLOR]


[img]https://www.gtplanet.net/forum/media/circuit-de-spa-francorchamps__5-jpeg.127787/full[/img]

Handicapped Results:

[COLOR=Magenta]1---2'18.845---(-0.40066)---GTP_Eggstor [/COLOR]
[COLOR=Blue]2---2'19.220---(-0.28636)---GTP_Jammy [/COLOR]
[COLOR=Blue]3---2'20.097---(-0.01914)---Hasnain282 [/COLOR]
[COLOR=Magenta]4---2'20.515---(0.10828)---DonNerazzurri666 [/COLOR]
[COLOR=DarkOrange]5---2'20.640---(0.14664)---colinnola [/COLOR]
[COLOR=DarkOrange]6---2'20.930---(0.23501)---RuddRacer [/COLOR]
[COLOR=Blue]7---2'21.046---(0.27022)---GTP_Animera [/COLOR]
[COLOR=DarkOrange]8---2'21.147---(0.30115)---Chim_GT3 [/COLOR]
[COLOR=Blue]9---2'22.122---(0.59836)---GTP_billyjoebobx [/COLOR]


(Settings: Weight = 1.000 Squeeze = 2.531 Scoot = -0.251)

[/B]


[COLOR=Darkblue][IMG]https://www.gtplanet.net/forum/attachments/greenflag-gif.152575/[/IMG] shows that the replay has been posted and verified.
[IMG]https://www.gtplanet.net/forum/attachments/redflag-gif.152574/[/IMG] shows that the submitted lap turned out to be dirty or doubtful.
[IMG]https://www.gtplanet.net/forum/attachments/blackflag-gif.152573/[/IMG] shows that the replay has was found to be invalid.[/COLOR]

[COLOR=Black][B]Replay Checking:[/B][/COLOR][COLOR=Darkblue]

[LIST=1]
[*]It is customary for all participants of the WRS to verify each others submitted replays
[*]Once you have checked the replay, post in this thread to say that you have checked it and whether it's clean, dirty or doesn't meet the required race specifications
[*]When verifying a replay, check against this weeks race specification, check that the tyres are the correct compound and that the power and weight is correct for example
[*]If you are unsure about a replay, always seek a second opinion before posting
[/LIST][/COLOR]

