

[CENTER]

[COLOR=Black][SIZE=6][B]:: GTP_Weekly Race Series ::[/B][/SIZE][/COLOR]



[IMG]https://www.gtplanet.net/forum/media/wrs_tt_gt7_main-png.124241/full[/IMG]
[COLOR=Black][SIZE=6][B][U]Week 7 (Official): Taking the Merc for a Spin[/U][/B][/SIZE][/COLOR]
[COLOR=Black][SIZE=6][B][U]Results[/U][/B][/SIZE][/COLOR]

[IMG]https://www.gtplanet.net/forum/media/20970680652312233-jpg.127427/full[/IMG]

[SIZE=6][COLOR=Black][B][U]Time Trial in Arcade Mode[/U][/B][/COLOR][/SIZE]

[IMG]https://www.gtplanet.net/forum/media/20969978918893623-jpg.127428/full[/IMG]

[COLOR=Black][SIZE=6][U][B]Mercedes-AMG GT3 '16[/B][/U][/SIZE][/COLOR]

[IMG]https://www.gtplanet.net/forum/media/20970190197862018-jpg.127425/full[/IMG]

[SIZE=6][COLOR=Black][B][U]Nurburgring GP[/U][/B][/COLOR][/SIZE]
[/CENTER]

[COLOR=Black][B]Steward's Comments:[/B][/COLOR]
[COLOR=Darkblue]
Good job everyone!

Cheers,

OLR Team.
[/COLOR]

[COLOR=Black][B]Sharing Your Replay:
[LIST][*]Go to Your Library, locate your Submitted Best Lap Replay, and share it using the in game menu features.
[*]Be sure to share your replay PUBLICLY for verification, so that any member may find it.
[*]When sharing your replay this week, please use the following share tags to make your replay easy for other members to locate
[LIST][*]gtpwrs007, essentials, pineapple[/LIST]
[/LIST][/COLOR][COLOR=Darkblue]This thread will be listed as "Provisional" and will become "Official" once all posted replays have been verified.
Disqualification isn't taken lightly within the WRS.[/COLOR]
[COLOR=Red][B]Drivers who do not have a submitted lap posted in the results are not to post any information related to a laptime they might have achieved in the results thread. Any such posts will have the times removed.[/B][/COLOR]

[B]

Division 1:

[COLOR=Blue]1---1'54.432---Hasnain282  (Verified) [IMG]https://www.gtplanet.net/forum/attachments/greenflag-gif.152575/[/IMG][/COLOR]
[COLOR=Blue]2---1'54.465---GTP_Animera  (Verified) [IMG]https://www.gtplanet.net/forum/attachments/greenflag-gif.152575/[/IMG][/COLOR]
[COLOR=Blue]3---1'54.731---GTP_Jammy  (Verified) [IMG]https://www.gtplanet.net/forum/attachments/greenflag-gif.152575/[/IMG][/COLOR]

Division 2:

[COLOR=DarkOrange]1---1'55.193-R-Argon56  (Verified) [IMG]https://www.gtplanet.net/forum/attachments/greenflag-gif.152575/[/IMG][/COLOR]
[COLOR=DarkOrange]2---1'55.222-R-boabdulrahman   [/COLOR]
[COLOR=DarkOrange]3---1'55.658---tarnheld  (Verified) [IMG]https://www.gtplanet.net/forum/attachments/greenflag-gif.152575/[/IMG][/COLOR]
[COLOR=DarkOrange]4---1'55.938---RuddRacer   [/COLOR]
[COLOR=DarkOrange]5---1'56.067-R-Sjokkomoes  (Verified) [IMG]https://www.gtplanet.net/forum/attachments/greenflag-gif.152575/[/IMG][/COLOR]
[COLOR=DarkOrange]6---1'56.245---colinnola   [/COLOR]

Division 3:

[COLOR=Magenta]1---1'57.077---Munch2112  (Verified) [IMG]https://www.gtplanet.net/forum/attachments/greenflag-gif.152575/[/IMG][/COLOR]
[COLOR=Magenta]2---1'57.720---JamCar0ne  (Verified) [IMG]https://www.gtplanet.net/forum/attachments/greenflag-gif.152575/[/IMG][/COLOR]
[COLOR=Magenta]3---1'58.688---DonNerazzurri666  (Verified) [IMG]https://www.gtplanet.net/forum/attachments/greenflag-gif.152575/[/IMG][/COLOR]
[COLOR=Magenta]4---1'59.009---GTP_Eggstor   [/COLOR]
[COLOR=Magenta]5---1'59.086---Allibubba99   [/COLOR]

[img]https://www.gtplanet.net/forum/media/20970228470691338-jpg.127424/full[/img]

Overall Results:


>> Division 1: Par: 1'53.908 Gold: 1'54.269 Silver: 1'54.671 Bronze: 1'55.114
[COLOR=Blue]1---1'54.432---Hasnain282 r=1.468 (d1/-0.053) [/COLOR]
[COLOR=Blue]2---1'54.465---GTP_Animera r=1.496 (d1/0.028) [/COLOR]
[COLOR=Blue]3---1'54.731---GTP_Jammy r=1.712 (d1/-0.459) [/COLOR]

>> Division 2: Par: 1'55.115 Gold: 1'55.657 Silver: 1'56.261 Bronze: 1'56.924
[COLOR=DarkOrange]4---1'55.193-R-Argon56 r=2.048 (d2/-0.269) [/COLOR]
[COLOR=DarkOrange]5---1'55.222-R-boabdulrahman r=2.066 (d2/-0.045) [/COLOR]
[COLOR=DarkOrange]6---1'55.658---tarnheld r=2.334 (d2/-0.088) [/COLOR]
[COLOR=DarkOrange]7---1'55.938---RuddRacer r=2.488 (d2/0.248) [/COLOR]
[COLOR=DarkOrange]8---1'56.067-R-Sjokkomoes r=2.560 (d2/-0.083) [/COLOR]
[COLOR=DarkOrange]9---1'56.245---colinnola r=2.658 (d2/-0.206) [/COLOR]

>> Division 3: Par: 1'56.925 Gold: 1'57.649 Silver: 1'58.453 Bronze: 1'59.338
[COLOR=Magenta]10--1'57.077---Munch2112 r=3.070 (d3/0.083) [/COLOR]
[COLOR=Magenta]11--1'57.720---JamCar0ne r=3.363 (d3/0.085) [/COLOR]
[COLOR=Magenta]12--1'58.688---DonNerazzurri666 r=3.755 (d3/-0.007) [/COLOR]
[COLOR=Magenta]13--1'59.009---GTP_Eggstor r=3.876 (d3/0.180) [/COLOR]
[COLOR=Magenta]14--1'59.086---Allibubba99 r=3.905 (d3/0.591) [/COLOR]

[COLOR=Lime]Q---(Time Error)---MeisterFetz [IMG]https://www.gtplanet.net/forum/attachments/blackflag-gif.152573/[/IMG] [/COLOR]

[img]https://www.gtplanet.net/forum/media/20970022815076914-jpg.127423/full[/img]

Handicapped Results:

[COLOR=Blue]1---1'56.099---(-0.45855)---GTP_Jammy [/COLOR]
[COLOR=DarkOrange]2---1'56.953---(-0.20568)---colinnola [/COLOR]
[COLOR=DarkOrange]3---1'57.351---(-0.08810)---tarnheld [/COLOR]
[COLOR=Blue]4---1'57.470---(-0.05271)---Hasnain282 [/COLOR]
[COLOR=Magenta]5---1'57.625---(-0.00695)---DonNerazzurri666 [/COLOR]
[COLOR=Blue]6---1'57.743---(0.02809)---GTP_Animera [/COLOR]
[COLOR=Magenta]7---1'57.931---(0.08348)---Munch2112 [/COLOR]
[COLOR=Magenta]8---1'57.936---(0.08512)---JamCar0ne [/COLOR]
[COLOR=Magenta]9---1'58.255---(0.17954)---GTP_Eggstor [/COLOR]
[COLOR=DarkOrange]10--1'58.488---(0.24845)---RuddRacer [/COLOR]
[COLOR=Magenta]11--1'59.646---(0.59086)---Allibubba99 [/COLOR]


(Settings: Weight = 1.000 Squeeze = 1.857 Scoot = -0.120)

[/B]


[COLOR=Darkblue][IMG]https://www.gtplanet.net/forum/attachments/greenflag-gif.152575/[/IMG] shows that the replay has been posted and verified.
[IMG]https://www.gtplanet.net/forum/attachments/redflag-gif.152574/[/IMG] shows that the submitted lap turned out to be dirty or doubtful.
[IMG]https://www.gtplanet.net/forum/attachments/blackflag-gif.152573/[/IMG] shows that the replay has was found to be invalid.[/COLOR]

[COLOR=Black][B]Replay Checking:[/B][/COLOR][COLOR=Darkblue]

[LIST=1]
[*]It is customary for all participants of the WRS to verify each others submitted replays
[*]Once you have checked the replay, post in this thread to say that you have checked it and whether it's clean, dirty or doesn't meet the required race specifications
[*]When verifying a replay, check against this weeks race specification, check that the tyres are the correct compound and that the power and weight is correct for example
[*]If you are unsure about a replay, always seek a second opinion before posting
[/LIST][/COLOR]

