

[CENTER]

[COLOR=Black][SIZE=6][B]:: GTP_Weekly Race Series ::[/B][/SIZE][/COLOR]

[IMG]https://www.gtplanet.net/forum/media/wrs_tt_gt7_main-png.124241/full[/IMG]


[COLOR=Black][SIZE=6][B][U]Week 17 (Official): And Now For Something Completely Different![/U][/B][/SIZE][/COLOR]
[COLOR=Black][SIZE=6][B][U]Results[/U][/B][/SIZE][/COLOR]

[IMG]https://www.gtplanet.net/forum/media/autodrome-lago-maggiore-west-end_-jpeg.128723/full[/IMG]

[SIZE=6][COLOR=Black][B][U]Time Trial in Arcade Mode[/U][/B][/COLOR][/SIZE]

[IMG]https://www.gtplanet.net/forum/media/autodrome-lago-maggiore-west-end__2-jpeg.128725/full[/IMG]

[COLOR=Black][SIZE=6][U][B]Gran Turismo Racing Kart 125 Shifter[/B][/U][/SIZE][/COLOR]

[IMG]https://www.gtplanet.net/forum/media/autodrome-lago-maggiore-west-end__3-jpeg.128726/full[/IMG]

[SIZE=6][COLOR=Black][B][U]Autodrome Lago Maggiore - West end[/U][/B][/COLOR][/SIZE]
[/CENTER]

[COLOR=Black][B]Steward's Comments:[/B][/COLOR]
[COLOR=Darkblue]
Good job everyone!

Cheers,

OLR Team.
[/COLOR]

[COLOR=Black][B]Sharing Your Replay:
[LIST][*]Go to Your Library, locate your Submitted Best Lap Replay, and share it using the in game menu features.
[*]Be sure to share your replay PUBLICLY for verification, so that any member may find it.
[*]When sharing your replay this week, please use the following share tags to make your replay easy for other members to locate
[LIST][*]gtpwrs017, essentials, pineapple[/LIST]
[/LIST][/COLOR][COLOR=Darkblue]This thread will be listed as "Provisional" and will become "Official" once all posted replays have been verified.
Disqualification isn't taken lightly within the WRS.[/COLOR]
[COLOR=Red][B]Drivers who do not have a submitted lap posted in the results are not to post any information related to a laptime they might have achieved in the results thread. Any such posts will have the times removed.[/B][/COLOR]

[B]

Division 1:

[COLOR=Blue]1---0'58.597---mistersafeway  (Verified) [IMG]https://www.gtplanet.net/forum/attachments/greenflag-gif.152575/[/IMG][/COLOR]
[COLOR=Blue]2---0'58.739---Hasnain282  (Verified) [IMG]https://www.gtplanet.net/forum/attachments/greenflag-gif.152575/[/IMG][/COLOR]

Division 2:

[COLOR=DarkOrange]1---0'58.496---tarnheld  (Verified) [IMG]https://www.gtplanet.net/forum/attachments/greenflag-gif.152575/[/IMG][/COLOR]
[COLOR=DarkOrange]2---0'58.729---half_sourly  (Verified) [IMG]https://www.gtplanet.net/forum/attachments/greenflag-gif.152575/[/IMG][/COLOR]
[COLOR=DarkOrange]3---0'58.880---Chim_GT3  (Verified) [IMG]https://www.gtplanet.net/forum/attachments/greenflag-gif.152575/[/IMG][/COLOR]
[COLOR=DarkOrange]4---0'59.085---RuddRacer   [/COLOR]

Division 3:

[COLOR=Magenta]1---0'59.510---GTP_Eggstor  (Verified) [IMG]https://www.gtplanet.net/forum/attachments/greenflag-gif.152575/[/IMG][/COLOR]
[COLOR=Magenta]2---0'59.678---Allibubba99  (Verified) [IMG]https://www.gtplanet.net/forum/attachments/greenflag-gif.152575/[/IMG][/COLOR]
[COLOR=Magenta]3---0'59.822-R-BlazinDragon  (Verified) [IMG]https://www.gtplanet.net/forum/attachments/greenflag-gif.152575/[/IMG][/COLOR]
[COLOR=Magenta]4---0'59.894---JamCar0ne   [/COLOR]
[COLOR=Magenta]5---1'00.248-R-TRiP_Drifter   [/COLOR]
[COLOR=Magenta]6---1'00.372---stibbz   [/COLOR]

Division 4:

[COLOR=DarkRed]1---1'04.997-R-Gavens1976  (Verified) [IMG]https://www.gtplanet.net/forum/attachments/greenflag-gif.152575/[/IMG][/COLOR]

[img]https://www.gtplanet.net/forum/media/autodrome-lago-maggiore-west-end__5-jpeg.128728/full[/img]

Overall Results:


>> Division 1: Par: 0'58.020 Gold: 0'58.230 Silver: 0'58.463 Bronze: 0'58.720
[COLOR=DarkOrange]1---0'58.496---tarnheld r=1.709 (d1/-0.572) [/COLOR]
[COLOR=Blue]2---0'58.597---mistersafeway r=1.840 (d1/0.473) [/COLOR]

>> Division 2: Par: 0'58.721 Gold: 0'59.036 Silver: 0'59.386 Bronze: 0'59.771
[COLOR=DarkOrange]3---0'58.729---half_sourly r=2.008 (d2/-0.534) [/COLOR]
[COLOR=Blue]4---0'58.739---Hasnain282 r=2.019 (d2/0.999) [/COLOR]
[COLOR=DarkOrange]5---0'58.880---Chim_GT3 r=2.168 (d2/-0.234) [/COLOR]
[COLOR=DarkOrange]6---0'59.085---RuddRacer r=2.380 (d2/0.332) [/COLOR]
[COLOR=Magenta]7---0'59.510---GTP_Eggstor r=2.774 (d2/-0.752) [/COLOR]
[COLOR=Magenta]8---0'59.678---Allibubba99 r=2.919 (d2/-0.354) [/COLOR]

>> Division 3: Par: 0'59.772 Gold: 1'00.192 Silver: 1'00.658 Bronze: 1'01.172
[COLOR=Magenta]9---0'59.822-R-BlazinDragon r=3.040 (d3/0.822) [/COLOR]
[COLOR=Magenta]10--0'59.894---JamCar0ne r=3.097 (d3/0.032) [/COLOR]
[COLOR=Magenta]11--1'00.248-R-TRiP_Drifter r=3.373 (d3/0.000) [/COLOR]
[COLOR=Magenta]12--1'00.372---stibbz r=3.462 (d3/-0.180) [/COLOR]

>> Division 4: Par: 1'01.173 Gold: 1'02.538 Silver: 1'04.056 Bronze: 1'05.725
[COLOR=DarkRed]13--1'04.997-R-Gavens1976 r=4.855 (d4/0.000) [/COLOR]


[img]https://www.gtplanet.net/forum/media/autodrome-lago-maggiore-west-end__9-jpeg.128732/full[/img]

Handicapped Results:

[COLOR=Magenta]1---0'58.717---(-0.75168)---GTP_Eggstor [/COLOR]
[COLOR=DarkOrange]2---0'59.069---(-0.57210)---tarnheld [/COLOR]
[COLOR=DarkOrange]3---0'59.144---(-0.53389)---half_sourly [/COLOR]
[COLOR=Magenta]4---0'59.497---(-0.35418)---Allibubba99 [/COLOR]
[COLOR=DarkOrange]5---0'59.731---(-0.23450)---Chim_GT3 [/COLOR]
[COLOR=Magenta]6---0'59.838---(-0.17995)---stibbz [/COLOR]
[COLOR=Magenta]7---1'00.255---(0.03222)---JamCar0ne [/COLOR]
[COLOR=DarkOrange]8---1'00.843---(0.33220)---RuddRacer [/COLOR]
[COLOR=Blue]9---1'01.119---(0.47297)---mistersafeway [/COLOR]
[COLOR=Blue]10--1'02.151---(0.99888)---Hasnain282 [/COLOR]


(Settings: Weight = 1.000 Squeeze = 1.745 Scoot = -0.140)

[/B]


[COLOR=Darkblue][IMG]https://www.gtplanet.net/forum/attachments/greenflag-gif.152575/[/IMG] shows that the replay has been posted and verified.
[IMG]https://www.gtplanet.net/forum/attachments/redflag-gif.152574/[/IMG] shows that the submitted lap turned out to be dirty or doubtful.
[IMG]https://www.gtplanet.net/forum/attachments/blackflag-gif.152573/[/IMG] shows that the replay has was found to be invalid.[/COLOR]

[COLOR=Black][B]Replay Checking:[/B][/COLOR][COLOR=Darkblue]

[LIST=1]
[*]It is customary for all participants of the WRS to verify each others submitted replays
[*]Once you have checked the replay, post in this thread to say that you have checked it and whether it's clean, dirty or doesn't meet the required race specifications
[*]When verifying a replay, check against this weeks race specification, check that the tyres are the correct compound and that the power and weight is correct for example
[*]If you are unsure about a replay, always seek a second opinion before posting
[/LIST][/COLOR]

